INFO:__main__:attempting to make compmon socket
INFO:__main__:attempting to make compmon socket
INFO:__main__:made compmon socket
INFO:__main__:attempting to send Hey I am your ABR component to ('130.127.133.146', 31338)
INFO:__main__:attempting to make compmon socket
INFO:__main__:made compmon socket
INFO:__main__:attempting to send Hey I am your ABR component to ('130.127.133.146', 31338)
INFO:__main__:sent 27 bytes to compmon
WARNING:tensorflow:From rl_server_no_training.py:250: The name tf.Session is deprecated. Please use tf.compat.v1.Session instead.

WARNING:tensorflow:From /newhome/Orca/monitored_op/pensieve/a3c.py:64: The name tf.variable_scope is deprecated. Please use tf.compat.v1.variable_scope instead.

WARNING:tensorflow:From /users/acardoza/venv/lib/python3.6/site-packages/tflearn/initializations.py:165: calling TruncatedNormal.__init__ (from tensorflow.python.ops.init_ops) with dtype is deprecated and will be removed in a future version.
Instructions for updating:
Call initializer instance with the dtype argument instead of passing it to the constructor
WARNING:tensorflow:From /users/acardoza/venv/lib/python3.6/site-packages/tflearn/initializations.py:110: calling UniformUnitScaling.__init__ (from tensorflow.python.ops.init_ops) with dtype is deprecated and will be removed in a future version.
Instructions for updating:
Call initializer instance with the dtype argument instead of passing it to the constructor
WARNING:tensorflow:From /users/acardoza/venv/lib/python3.6/site-packages/tensorflow/python/util/deprecation.py:507: UniformUnitScaling.__init__ (from tensorflow.python.ops.init_ops) is deprecated and will be removed in a future version.
Instructions for updating:
Use tf.initializers.variance_scaling instead with distribution=uniform to get equivalent behavior.
WARNING:tensorflow:From /newhome/Orca/monitored_op/pensieve/a3c.py:31: The name tf.get_collection is deprecated. Please use tf.compat.v1.get_collection instead.

WARNING:tensorflow:From /newhome/Orca/monitored_op/pensieve/a3c.py:31: The name tf.GraphKeys is deprecated. Please use tf.compat.v1.GraphKeys instead.

WARNING:tensorflow:From /newhome/Orca/monitored_op/pensieve/a3c.py:37: The name tf.placeholder is deprecated. Please use tf.compat.v1.placeholder instead.

WARNING:tensorflow:From /newhome/Orca/monitored_op/pensieve/a3c.py:51: calling reduce_sum_v1 (from tensorflow.python.ops.math_ops) with keep_dims is deprecated and will be removed in a future version.
Instructions for updating:
keep_dims is deprecated, use keepdims instead
WARNING:tensorflow:From /newhome/Orca/monitored_op/pensieve/a3c.py:60: The name tf.train.RMSPropOptimizer is deprecated. Please use tf.compat.v1.train.RMSPropOptimizer instead.

WARNING:tensorflow:From /users/acardoza/venv/lib/python3.6/site-packages/tensorflow/python/training/rmsprop.py:119: calling Ones.__init__ (from tensorflow.python.ops.init_ops) with dtype is deprecated and will be removed in a future version.
Instructions for updating:
Call initializer instance with the dtype argument instead of passing it to the constructor
WARNING:tensorflow:From /users/acardoza/venv/lib/python3.6/site-packages/tensorflow/python/util/tf_should_use.py:193: initialize_all_variables (from tensorflow.python.ops.variables) is deprecated and will be removed after 2017-03-02.
Instructions for updating:
Use `tf.global_variables_initializer` instead.
WARNING:tensorflow:From rl_server_no_training.py:260: The name tf.train.Saver is deprecated. Please use tf.compat.v1.train.Saver instead.

WARNING:tensorflow:From /users/acardoza/venv/lib/python3.6/site-packages/tensorflow/python/training/saver.py:1276: checkpoint_exists (from tensorflow.python.training.checkpoint_management) is deprecated and will be removed in a future version.
Instructions for updating:
Use standard file APIs to check for files with this prefix.
INFO:tensorflow:Restoring parameters from /newhome/Orca/monitored_op/pensieve/seperate_models/pensieve_low-3mbps-linear.ckpt
INFO:__main__:Model restored.
INFO:__main__:Listening on port 8333
ERROR:__main__:Keyboard interrupted.
