0
213
425
637
849
1061
1208
1317
1427
1536
1646
1755
1865
1974
2084
2193
2392
2509
2626
2743
2861
2978
3095
3212
3330
3422
3453
3484
3515
3546
3577
3608
3639
3670
3701
3733
3764
3795
3826
3857
3888
3919
3950
3981
4012
4044
4075
4106
4137
4168
4199
4230
4261
4292
4323
4354
4386
4417
4448
4479
4582
4672
4763
4853
4944
5034
5124
5215
5305
5396
5486
5667
5765
5864
5962
6061
6159
6257
6356
6454
6553
6766
6884
7002
7120
7239
7357
7475
7593
7711
7922
8038
8153
8269
8384
8500
8615
8731
8938
9050
9162
9274
9386
9498
9609
9721
9833
9984
10081
10178
10275
10372
10469
10566
10663
10760
10857
10954
11066
11165
11264
11362
11461
11560
11658
11757
11856
11954
12090
12192
12294
12395
12497
12599
12700
12802
12904
13005
13107
13241
13355
13468
13582
13695
13809
13922
14036
14149
14263
14424
14518
14612
14706
14800
14894
14988
15083
15177
15271
15440
15550
15660
15770
15879
15989
16099
16209
16318
16428
16560
16671
16783
16894
17005
17117
17228
17339
17451
17562
17673
17785
17939
17991
18043
18096
18148
18200
18252
18305
18357
18409
18461
18514
18566
18618
18671
18723
18775
18827
18880
18932
18984
19119
19231
19343
19454
19566
19678
19790
19901
20013
20161
20275
20389
20503
20617
20731
20845
20959
21073
21187
21373
21476
21579
21682
21785
21888
21991
22094
22197
22300
22436
22542
22648
22754
22859
22965
23071
23177
23282
23485
23599
23713
23827
23941
24055
24169
24283
24397
24522
24636
24750
24863
24977
25091
25204
25318
25432
25556
25645
25734
25823
25913
26002
26091
26180
26270
26359
26448
26537
26627
26794
26884
26975
27065
27156
27246
27336
27427
27517
27608
27698
27865
27962
28059
28156
28253
28350
28447
28545
28642
28739
28836
28966
29084
29203
29321
29440
29558
29676
29795
30020
30136
30252
30368
30484
30600
30716
30832
31027
31129
31231
31332
31434
31536
31637
31739
31841
31942
32124
32242
32361
32479
32598
32716
32834
32953
33159
33264
33368
33473
33577
33682
33786
33891
33996
34100
34205
34342
34450
34558
34666
34774
34881
34989
35097
35205
35313
35430
35484
35538
35592
35646
35700
35754
35809
35863
35917
35971
36025
36079
36133
36187
36242
36296
36350
36404
36458
