WARNING:tensorflow:From /newhome/Orca/orca_pensieve/pensieve/rl_server_no_training.py:225: The name tf.Session is deprecated. Please use tf.compat.v1.Session instead.

WARNING:tensorflow:From /newhome/Orca/orca_pensieve/pensieve/a3c.py:64: The name tf.variable_scope is deprecated. Please use tf.compat.v1.variable_scope instead.

WARNING:tensorflow:From /users/acardoza/venv/lib/python3.6/site-packages/tflearn/initializations.py:165: calling TruncatedNormal.__init__ (from tensorflow.python.ops.init_ops) with dtype is deprecated and will be removed in a future version.
Instructions for updating:
Call initializer instance with the dtype argument instead of passing it to the constructor
WARNING:tensorflow:From /users/acardoza/venv/lib/python3.6/site-packages/tflearn/initializations.py:110: calling UniformUnitScaling.__init__ (from tensorflow.python.ops.init_ops) with dtype is deprecated and will be removed in a future version.
Instructions for updating:
Call initializer instance with the dtype argument instead of passing it to the constructor
WARNING:tensorflow:From /users/acardoza/venv/lib/python3.6/site-packages/tensorflow/python/util/deprecation.py:507: UniformUnitScaling.__init__ (from tensorflow.python.ops.init_ops) is deprecated and will be removed in a future version.
Instructions for updating:
Use tf.initializers.variance_scaling instead with distribution=uniform to get equivalent behavior.
WARNING:tensorflow:From /newhome/Orca/orca_pensieve/pensieve/a3c.py:31: The name tf.get_collection is deprecated. Please use tf.compat.v1.get_collection instead.

WARNING:tensorflow:From /newhome/Orca/orca_pensieve/pensieve/a3c.py:31: The name tf.GraphKeys is deprecated. Please use tf.compat.v1.GraphKeys instead.

WARNING:tensorflow:From /newhome/Orca/orca_pensieve/pensieve/a3c.py:37: The name tf.placeholder is deprecated. Please use tf.compat.v1.placeholder instead.

WARNING:tensorflow:From /newhome/Orca/orca_pensieve/pensieve/a3c.py:51: calling reduce_sum_v1 (from tensorflow.python.ops.math_ops) with keep_dims is deprecated and will be removed in a future version.
Instructions for updating:
keep_dims is deprecated, use keepdims instead
WARNING:tensorflow:From /newhome/Orca/orca_pensieve/pensieve/a3c.py:60: The name tf.train.RMSPropOptimizer is deprecated. Please use tf.compat.v1.train.RMSPropOptimizer instead.

WARNING:tensorflow:From /users/acardoza/venv/lib/python3.6/site-packages/tensorflow/python/training/rmsprop.py:119: calling Ones.__init__ (from tensorflow.python.ops.init_ops) with dtype is deprecated and will be removed in a future version.
Instructions for updating:
Call initializer instance with the dtype argument instead of passing it to the constructor
WARNING:tensorflow:From /users/acardoza/venv/lib/python3.6/site-packages/tensorflow/python/util/tf_should_use.py:193: initialize_all_variables (from tensorflow.python.ops.variables) is deprecated and will be removed after 2017-03-02.
Instructions for updating:
Use `tf.global_variables_initializer` instead.
WARNING:tensorflow:From /newhome/Orca/orca_pensieve/pensieve/rl_server_no_training.py:235: The name tf.train.Saver is deprecated. Please use tf.compat.v1.train.Saver instead.

WARNING:tensorflow:From /users/acardoza/venv/lib/python3.6/site-packages/tensorflow/python/training/saver.py:1276: checkpoint_exists (from tensorflow.python.training.checkpoint_management) is deprecated and will be removed in a future version.
Instructions for updating:
Use standard file APIs to check for files with this prefix.
INFO:tensorflow:Restoring parameters from /newhome/Orca/orca_pensieve/pensieve/seperate_models/pensieve_24mbps_random_decrease_big_with_3_random_small_increase0.ckpt
INFO:__main__:Model restored.
DEBUG:__main__:trying to make request handler
DEBUG:__main__:making request handler
INFO:__main__:Listening on port 8333
INFO:__main__:{'nextChunkSize': [2123065, 1431809, 957685, 611087, 398865, 155580], 'lastquality': 1, 'buffer': 4, 'bufferAdjusted': -0.5499999999999998, 'bandwidthEst': 4554.063211125158, 'lastRequest': 0, 'RebufferTime': 834, 'lastChunkFinishTime': 1657783269360, 'lastChunkStartTime': 1657783268569, 'lastChunkSize': 450283}
INFO:__main__:{'nextChunkSize': [2177073, 1300868, 877771, 571051, 350812, 139857], 'lastquality': 5, 'buffer': 4.583177, 'bufferAdjusted': 0.033176999999999346, 'bandwidthEst': 5046.241755721794, 'lastRequest': 1, 'RebufferTime': 834, 'lastChunkFinishTime': 1657783272769, 'lastChunkStartTime': 1657783269491, 'lastChunkSize': 2123065}
INFO:__main__:{'nextChunkSize': [2160877, 1520281, 933276, 617681, 382355, 155432], 'lastquality': 5, 'buffer': 4.417342, 'bufferAdjusted': -0.1326580000000006, 'bandwidthEst': 3229.724881821545, 'lastRequest': 2, 'RebufferTime': 3329, 'lastChunkFinishTime': 1657783279420, 'lastChunkStartTime': 1657783272829, 'lastChunkSize': 2177073}
INFO:__main__:{'nextChunkSize': [2233056, 1472558, 996749, 652874, 411561, 163442], 'lastquality': 5, 'buffer': 4.396676999999999, 'bufferAdjusted': -0.15332300000000165, 'bandwidthEst': 1141.6106613643176, 'lastRequest': 3, 'RebufferTime': 19686, 'lastChunkFinishTime': 1657783299794, 'lastChunkStartTime': 1657783279507, 'lastChunkSize': 2160877}
INFO:__main__:{'nextChunkSize': [1941625, 1224260, 801058, 520315, 318564, 126289], 'lastquality': 5, 'buffer': 5.793016999999999, 'bufferAdjusted': 1.2430169999999983, 'bandwidthEst': 1217.1483373549677, 'lastRequest': 4, 'RebufferTime': 19686, 'lastChunkFinishTime': 1657783302394, 'lastChunkStartTime': 1657783299934, 'lastChunkSize': 2233056}
INFO:__main__:{'nextChunkSize': [2157535, 1388403, 905515, 561791, 352642, 153295], 'lastquality': 5, 'buffer': 7.693028999999999, 'bufferAdjusted': 3.1430289999999985, 'bandwidthEst': 1257.700135454208, 'lastRequest': 5, 'RebufferTime': 19686, 'lastChunkFinishTime': 1657783304503, 'lastChunkStartTime': 1657783302489, 'lastChunkSize': 1941625}
INFO:__main__:{'nextChunkSize': [2290172, 1638769, 1060487, 709534, 437162, 173849], 'lastquality': 5, 'buffer': 9.527379, 'bufferAdjusted': 4.977378999999999, 'bandwidthEst': 1231.272826758275, 'lastRequest': 6, 'RebufferTime': 19686, 'lastChunkFinishTime': 1657783306668, 'lastChunkStartTime': 1657783304588, 'lastChunkSize': 2157535}
INFO:__main__:{'nextChunkSize': [2055469, 1348011, 852833, 584846, 374758, 150710], 'lastquality': 5, 'buffer': 11.244316999999999, 'bufferAdjusted': 6.694316999999998, 'bandwidthEst': 1165.7801778901317, 'lastRequest': 7, 'RebufferTime': 19686, 'lastChunkFinishTime': 1657783308950, 'lastChunkStartTime': 1657783306732, 'lastChunkSize': 2290172}
INFO:__main__:{'nextChunkSize': [2169201, 1429765, 913888, 560821, 362795, 139105], 'lastquality': 5, 'buffer': 13.806932, 'bufferAdjusted': 9.256931999999999, 'bandwidthEst': 8224.465916681891, 'lastRequest': 8, 'RebufferTime': 19686, 'lastChunkFinishTime': 1657783310387, 'lastChunkStartTime': 1657783309018, 'lastChunkSize': 2055469}
INFO:__main__:{'nextChunkSize': [2173522, 1354548, 939819, 607410, 353220, 141840], 'lastquality': 5, 'buffer': 16.285428, 'bufferAdjusted': 11.735428, 'bandwidthEst': 8996.149573790766, 'lastRequest': 9, 'RebufferTime': 19686, 'lastChunkFinishTime': 1657783311910, 'lastChunkStartTime': 1657783310468, 'lastChunkSize': 2169201}
INFO:__main__:{'nextChunkSize': [2102452, 1519951, 917428, 594078, 405134, 156148], 'lastquality': 5, 'buffer': 18.788912999999997, 'bufferAdjusted': 14.238913, 'bandwidthEst': 9820.350564238146, 'lastRequest': 10, 'RebufferTime': 19686, 'lastChunkFinishTime': 1657783313406, 'lastChunkStartTime': 1657783311993, 'lastChunkSize': 2173522}
INFO:__main__:{'nextChunkSize': [2209463, 1422919, 946851, 624282, 386351, 160746], 'lastquality': 5, 'buffer': 21.356671, 'bufferAdjusted': 16.806671, 'bandwidthEst': 10751.241104456885, 'lastRequest': 11, 'RebufferTime': 19686, 'lastChunkFinishTime': 1657783314838, 'lastChunkStartTime': 1657783313499, 'lastChunkSize': 2102452}
INFO:__main__:{'nextChunkSize': [2275376, 1578343, 1036454, 687371, 434409, 179801], 'lastquality': 5, 'buffer': 23.850547, 'bufferAdjusted': 19.300547, 'bandwidthEst': 12284.714933789272, 'lastRequest': 12, 'RebufferTime': 19686, 'lastChunkFinishTime': 1657783316345, 'lastChunkStartTime': 1657783314936, 'lastChunkSize': 2209463}
INFO:__main__:{'nextChunkSize': [2005399, 1231445, 821631, 526950, 337059, 140051], 'lastquality': 5, 'buffer': 26.320483999999997, 'bufferAdjusted': 21.770484, 'bandwidthEst': 12424.641563108196, 'lastRequest': 13, 'RebufferTime': 19686, 'lastChunkFinishTime': 1657783317874, 'lastChunkStartTime': 1657783316442, 'lastChunkSize': 2275376}
INFO:__main__:{'nextChunkSize': [2152483, 1471065, 923170, 587876, 366214, 138313], 'lastquality': 5, 'buffer': 28.963034999999998, 'bufferAdjusted': 24.413035, 'bandwidthEst': 12569.850499532118, 'lastRequest': 14, 'RebufferTime': 19686, 'lastChunkFinishTime': 1657783319233, 'lastChunkStartTime': 1657783317975, 'lastChunkSize': 2005399}
INFO:__main__:{'nextChunkSize': [2289689, 1491626, 966699, 617242, 360831, 143509], 'lastquality': 5, 'buffer': 31.660627999999996, 'bufferAdjusted': 27.110628, 'bandwidthEst': 12854.589234506384, 'lastRequest': 15, 'RebufferTime': 19686, 'lastChunkFinishTime': 1657783320534, 'lastChunkStartTime': 1657783319294, 'lastChunkSize': 2152483}
INFO:__main__:{'nextChunkSize': [2059512, 1358801, 885714, 581493, 372963, 150616], 'lastquality': 5, 'buffer': 34.069061, 'bufferAdjusted': 29.519061, 'bandwidthEst': 12761.459586466197, 'lastRequest': 16, 'RebufferTime': 19686, 'lastChunkFinishTime': 1657783322125, 'lastChunkStartTime': 1657783320623, 'lastChunkSize': 2289689}
INFO:__main__:{'nextChunkSize': [2220726, 1537156, 987708, 639204, 405596, 165384], 'lastquality': 5, 'buffer': 36.705934, 'bufferAdjusted': 32.155934, 'bandwidthEst': 12778.980233090479, 'lastRequest': 17, 'RebufferTime': 19686, 'lastChunkFinishTime': 1657783323489, 'lastChunkStartTime': 1657783322183, 'lastChunkSize': 2059512}
INFO:__main__:{'nextChunkSize': [2156729, 1336050, 923755, 586839, 350713, 140881], 'lastquality': 5, 'buffer': 39.032905, 'bufferAdjusted': 34.482905, 'bandwidthEst': 12430.157915921585, 'lastRequest': 18, 'RebufferTime': 19686, 'lastChunkFinishTime': 1657783325163, 'lastChunkStartTime': 1657783323595, 'lastChunkSize': 2220726}
INFO:__main__:{'nextChunkSize': [2039773, 1415116, 891604, 601738, 386472, 157671], 'lastquality': 5, 'buffer': 41.485363, 'bufferAdjusted': 36.935363, 'bandwidthEst': 12178.375983656513, 'lastRequest': 19, 'RebufferTime': 19686, 'lastChunkFinishTime': 1657783326711, 'lastChunkStartTime': 1657783325216, 'lastChunkSize': 2156729}
INFO:__main__:{'nextChunkSize': [2176469, 1468126, 955231, 616206, 399894, 157812], 'lastquality': 5, 'buffer': 43.919348, 'bufferAdjusted': 39.369348, 'bandwidthEst': 11792.610281002282, 'lastRequest': 20, 'RebufferTime': 19686, 'lastChunkFinishTime': 1657783328277, 'lastChunkStartTime': 1657783326856, 'lastChunkSize': 2039773}
INFO:__main__:{'nextChunkSize': [2221506, 1505760, 968026, 656471, 401853, 163927], 'lastquality': 5, 'buffer': 46.269552999999995, 'bufferAdjusted': 41.719553, 'bandwidthEst': 11676.540351091782, 'lastRequest': 21, 'RebufferTime': 19686, 'lastChunkFinishTime': 1657783329927, 'lastChunkStartTime': 1657783328428, 'lastChunkSize': 2176469}
INFO:__main__:{'nextChunkSize': [2044075, 1323990, 874175, 536667, 343800, 137654], 'lastquality': 5, 'buffer': 48.678588999999995, 'bufferAdjusted': 44.128589, 'bandwidthEst': 11624.739099715012, 'lastRequest': 22, 'RebufferTime': 19686, 'lastChunkFinishTime': 1657783331518, 'lastChunkStartTime': 1657783330063, 'lastChunkSize': 2221506}
INFO:__main__:{'nextChunkSize': [2186790, 1383735, 897976, 587236, 359903, 146754], 'lastquality': 5, 'buffer': 51.229479999999995, 'bufferAdjusted': 46.67948, 'bandwidthEst': 11792.315383541989, 'lastRequest': 23, 'RebufferTime': 19686, 'lastChunkFinishTime': 1657783332966, 'lastChunkStartTime': 1657783331624, 'lastChunkSize': 2044075}
INFO:__main__:{'nextChunkSize': [2105231, 1480464, 905935, 590335, 379700, 153938], 'lastquality': 5, 'buffer': 53.653017999999996, 'bufferAdjusted': 49.103018, 'bandwidthEst': 11907.244613168894, 'lastRequest': 24, 'RebufferTime': 19686, 'lastChunkFinishTime': 1657783334543, 'lastChunkStartTime': 1657783333097, 'lastChunkSize': 2186790}
INFO:__main__:{'nextChunkSize': [2395588, 1547572, 1076599, 696376, 425781, 181901], 'lastquality': 5, 'buffer': 56.180298, 'bufferAdjusted': 51.630298, 'bandwidthEst': 12112.807561234898, 'lastRequest': 25, 'RebufferTime': 19686, 'lastChunkFinishTime': 1657783336013, 'lastChunkStartTime': 1657783334670, 'lastChunkSize': 2105231}
INFO:__main__:{'nextChunkSize': [1972048, 1141971, 758197, 487160, 277716, 111155], 'lastquality': 5, 'buffer': 58.578351, 'bufferAdjusted': 54.028351, 'bandwidthEst': 12284.23114657491, 'lastRequest': 26, 'RebufferTime': 19686, 'lastChunkFinishTime': 1657783337618, 'lastChunkStartTime': 1657783336072, 'lastChunkSize': 2395588}
INFO:__main__:{'nextChunkSize': [2134614, 1498470, 972798, 622896, 400396, 153605], 'lastquality': 5, 'buffer': 59.707535, 'bufferAdjusted': 55.157535, 'bandwidthEst': 12299.408410220263, 'lastRequest': 27, 'RebufferTime': 19686, 'lastChunkFinishTime': 1657783339029, 'lastChunkStartTime': 1657783337745, 'lastChunkSize': 1972048}
INFO:__main__:{'nextChunkSize': [2164140, 1561263, 975811, 641447, 400508, 149029], 'lastquality': 5, 'buffer': 59.705161, 'bufferAdjusted': 55.155161, 'bandwidthEst': 12206.357062363866, 'lastRequest': 28, 'RebufferTime': 19686, 'lastChunkFinishTime': 1657783342043, 'lastChunkStartTime': 1657783340591, 'lastChunkSize': 2134614}
INFO:__main__:{'nextChunkSize': [2113193, 1341201, 873429, 570392, 358218, 157421], 'lastquality': 5, 'buffer': 59.702695, 'bufferAdjusted': 55.152695, 'bandwidthEst': 11985.663040077201, 'lastRequest': 29, 'RebufferTime': 19686, 'lastChunkFinishTime': 1657783346202, 'lastChunkStartTime': 1657783344651, 'lastChunkSize': 2164140}
INFO:__main__:{'nextChunkSize': [2147852, 1497683, 954453, 620283, 400322, 157488], 'lastquality': 5, 'buffer': 59.700193999999996, 'bufferAdjusted': 55.150194, 'bandwidthEst': 11984.636482743032, 'lastRequest': 30, 'RebufferTime': 19686, 'lastChunkFinishTime': 1657783350156, 'lastChunkStartTime': 1657783348807, 'lastChunkSize': 2113193}
INFO:__main__:{'nextChunkSize': [2191074, 1358081, 885062, 584349, 369834, 143881], 'lastquality': 5, 'buffer': 59.947800000000015, 'bufferAdjusted': 55.39780000000002, 'bandwidthEst': 12396.357304731495, 'lastRequest': 31, 'RebufferTime': 19686, 'lastChunkFinishTime': 1657783353777, 'lastChunkStartTime': 1657783352712, 'lastChunkSize': 2147852}
INFO:__main__:{'nextChunkSize': [2286761, 1587293, 1035329, 670129, 412837, 163444], 'lastquality': 5, 'buffer': 59.945262000000014, 'bufferAdjusted': 55.39526200000002, 'bandwidthEst': 12921.960287132315, 'lastRequest': 32, 'RebufferTime': 19686, 'lastChunkFinishTime': 1657783357424, 'lastChunkStartTime': 1657783356340, 'lastChunkSize': 2191074}
INFO:__main__:{'nextChunkSize': [2307787, 1492672, 1026056, 690253, 401088, 179328], 'lastquality': 5, 'buffer': 59.69268800000002, 'bufferAdjusted': 55.14268800000002, 'bandwidthEst': 13740.534373720167, 'lastRequest': 33, 'RebufferTime': 19686, 'lastChunkFinishTime': 1657783361621, 'lastChunkStartTime': 1657783360486, 'lastChunkSize': 2286761}
INFO:__main__:{'nextChunkSize': [2143948, 1439896, 943942, 598727, 365161, 159914], 'lastquality': 5, 'buffer': 59.940156000000016, 'bufferAdjusted': 55.39015600000002, 'bandwidthEst': 15111.736273058681, 'lastRequest': 34, 'RebufferTime': 19686, 'lastChunkFinishTime': 1657783365832, 'lastChunkStartTime': 1657783364683, 'lastChunkSize': 2307787}
INFO:__main__:{'nextChunkSize': [1919781, 1139291, 728962, 487812, 321064, 131610], 'lastquality': 5, 'buffer': 59.937689000000006, 'bufferAdjusted': 55.38768900000001, 'bandwidthEst': 16133.045160319187, 'lastRequest': 35, 'RebufferTime': 19686, 'lastChunkFinishTime': 1657783369451, 'lastChunkStartTime': 1657783368391, 'lastChunkSize': 2143948}
INFO:__main__:{'nextChunkSize': [2147467, 1499009, 938587, 575591, 361565, 124011], 'lastquality': 5, 'buffer': 59.93505800000001, 'bufferAdjusted': 55.385058000000015, 'bandwidthEst': 16153.65084691728, 'lastRequest': 36, 'RebufferTime': 19686, 'lastChunkFinishTime': 1657783373460, 'lastChunkStartTime': 1657783372515, 'lastChunkSize': 1919781}
INFO:__main__:{'nextChunkSize': [2133870, 1427478, 908665, 605884, 378327, 144254], 'lastquality': 5, 'buffer': 59.932691000000005, 'bufferAdjusted': 55.38269100000001, 'bandwidthEst': 15514.518134103664, 'lastRequest': 37, 'RebufferTime': 19686, 'lastChunkFinishTime': 1657783377778, 'lastChunkStartTime': 1657783376522, 'lastChunkSize': 2147467}
INFO:__main__:{'nextChunkSize': [2146120, 1402287, 930577, 587506, 390680, 149991], 'lastquality': 5, 'buffer': 59.680183000000014, 'bufferAdjusted': 55.13018300000002, 'bandwidthEst': 14691.660397233663, 'lastRequest': 38, 'RebufferTime': 19686, 'lastChunkFinishTime': 1657783381694, 'lastChunkStartTime': 1657783380363, 'lastChunkSize': 2133870}
INFO:__main__:{'nextChunkSize': [2108491, 1339500, 858450, 566904, 345516, 147968], 'lastquality': 5, 'buffer': 59.92782100000001, 'bufferAdjusted': 55.37782100000001, 'bandwidthEst': 14700.345555661064, 'lastRequest': 39, 'RebufferTime': 19686, 'lastChunkFinishTime': 1657783385815, 'lastChunkStartTime': 1657783384759, 'lastChunkSize': 2146120}
INFO:__main__:{'nextChunkSize': [2184571, 1527299, 1025005, 641452, 384505, 161857], 'lastquality': 5, 'buffer': 59.925297000000015, 'bufferAdjusted': 55.37529700000002, 'bandwidthEst': 14707.768069552474, 'lastRequest': 40, 'RebufferTime': 19686, 'lastChunkFinishTime': 1657783389408, 'lastChunkStartTime': 1657783388371, 'lastChunkSize': 2108491}
INFO:__main__:{'nextChunkSize': [2121928, 1343002, 886255, 599477, 372093, 145210], 'lastquality': 5, 'buffer': 59.67277100000001, 'bufferAdjusted': 55.122771000000014, 'bandwidthEst': 14714.98427239322, 'lastRequest': 41, 'RebufferTime': 19686, 'lastChunkFinishTime': 1657783393556, 'lastChunkStartTime': 1657783392469, 'lastChunkSize': 2184571}
INFO:__main__:{'nextChunkSize': [2219102, 1587250, 973972, 634861, 438281, 172312], 'lastquality': 5, 'buffer': 59.67018700000001, 'bufferAdjusted': 55.120187000000016, 'bandwidthEst': 15265.385196629222, 'lastRequest': 42, 'RebufferTime': 19686, 'lastChunkFinishTime': 1657783397654, 'lastChunkStartTime': 1657783396617, 'lastChunkSize': 2121928}
INFO:__main__:{'nextChunkSize': [2124950, 1464921, 958994, 630203, 398987, 167025], 'lastquality': 5, 'buffer': 59.91759400000001, 'bufferAdjusted': 55.36759400000001, 'bandwidthEst': 16234.703291098645, 'lastRequest': 43, 'RebufferTime': 19686, 'lastChunkFinishTime': 1657783401809, 'lastChunkStartTime': 1657783400714, 'lastChunkSize': 2219102}
INFO:__main__:{'nextChunkSize': [2246506, 1483527, 982064, 638661, 393804, 160064], 'lastquality': 5, 'buffer': 59.91502100000001, 'bufferAdjusted': 55.36502100000001, 'bandwidthEst': 16245.574467761175, 'lastRequest': 44, 'RebufferTime': 19686, 'lastChunkFinishTime': 1657783405412, 'lastChunkStartTime': 1657783404370, 'lastChunkSize': 2124950}
INFO:__main__:{'nextChunkSize': [1961140, 1231456, 830730, 538612, 331053, 137507], 'lastquality': 5, 'buffer': 59.91244800000001, 'bufferAdjusted': 55.362448000000015, 'bandwidthEst': 16462.46214007988, 'lastRequest': 45, 'RebufferTime': 19686, 'lastChunkFinishTime': 1657783409503, 'lastChunkStartTime': 1657783408473, 'lastChunkSize': 2246506}
INFO:__main__:{'nextChunkSize': [2155012, 1364537, 846370, 550906, 314107, 118421], 'lastquality': 5, 'buffer': 59.90978200000001, 'bufferAdjusted': 55.35978200000001, 'bandwidthEst': 16861.151491596545, 'lastRequest': 46, 'RebufferTime': 19686, 'lastChunkFinishTime': 1657783413419, 'lastChunkStartTime': 1657783412571, 'lastChunkSize': 1961140}
INFO:__main__:{'nextChunkSize': [1433658, 889412, 598850, 391450, 255954, 112270], 'lastquality': 5, 'buffer': 59.906926, 'bufferAdjusted': 55.356926, 'bandwidthEst': 17129.741223953955, 'lastRequest': 47, 'RebufferTime': 19686, 'lastChunkFinishTime': 1657783417461, 'lastChunkStartTime': 1657783416488, 'lastChunkSize': 2155012}
INFO:__main__:{'nextChunkSize': 0, 'lastquality': 5, 'buffer': 59.836196, 'bufferAdjusted': 55.286196000000004, 'bandwidthEst': 17406.31848423112, 'lastRequest': 48, 'RebufferTime': 19686, 'lastChunkFinishTime': 1657783421187, 'lastChunkStartTime': 1657783420528, 'lastChunkSize': 1433658}
WARNING:tensorflow:From /newhome/Orca/orca_pensieve/pensieve/rl_server_no_training.py:225: The name tf.Session is deprecated. Please use tf.compat.v1.Session instead.

WARNING:tensorflow:From /newhome/Orca/orca_pensieve/pensieve/a3c.py:64: The name tf.variable_scope is deprecated. Please use tf.compat.v1.variable_scope instead.

WARNING:tensorflow:From /users/acardoza/venv/lib/python3.6/site-packages/tflearn/initializations.py:165: calling TruncatedNormal.__init__ (from tensorflow.python.ops.init_ops) with dtype is deprecated and will be removed in a future version.
Instructions for updating:
Call initializer instance with the dtype argument instead of passing it to the constructor
WARNING:tensorflow:From /users/acardoza/venv/lib/python3.6/site-packages/tflearn/initializations.py:110: calling UniformUnitScaling.__init__ (from tensorflow.python.ops.init_ops) with dtype is deprecated and will be removed in a future version.
Instructions for updating:
Call initializer instance with the dtype argument instead of passing it to the constructor
WARNING:tensorflow:From /users/acardoza/venv/lib/python3.6/site-packages/tensorflow/python/util/deprecation.py:507: UniformUnitScaling.__init__ (from tensorflow.python.ops.init_ops) is deprecated and will be removed in a future version.
Instructions for updating:
Use tf.initializers.variance_scaling instead with distribution=uniform to get equivalent behavior.
WARNING:tensorflow:From /newhome/Orca/orca_pensieve/pensieve/a3c.py:31: The name tf.get_collection is deprecated. Please use tf.compat.v1.get_collection instead.

WARNING:tensorflow:From /newhome/Orca/orca_pensieve/pensieve/a3c.py:31: The name tf.GraphKeys is deprecated. Please use tf.compat.v1.GraphKeys instead.

WARNING:tensorflow:From /newhome/Orca/orca_pensieve/pensieve/a3c.py:37: The name tf.placeholder is deprecated. Please use tf.compat.v1.placeholder instead.

WARNING:tensorflow:From /newhome/Orca/orca_pensieve/pensieve/a3c.py:51: calling reduce_sum_v1 (from tensorflow.python.ops.math_ops) with keep_dims is deprecated and will be removed in a future version.
Instructions for updating:
keep_dims is deprecated, use keepdims instead
WARNING:tensorflow:From /newhome/Orca/orca_pensieve/pensieve/a3c.py:60: The name tf.train.RMSPropOptimizer is deprecated. Please use tf.compat.v1.train.RMSPropOptimizer instead.

WARNING:tensorflow:From /users/acardoza/venv/lib/python3.6/site-packages/tensorflow/python/training/rmsprop.py:119: calling Ones.__init__ (from tensorflow.python.ops.init_ops) with dtype is deprecated and will be removed in a future version.
Instructions for updating:
Call initializer instance with the dtype argument instead of passing it to the constructor
WARNING:tensorflow:From /users/acardoza/venv/lib/python3.6/site-packages/tensorflow/python/util/tf_should_use.py:193: initialize_all_variables (from tensorflow.python.ops.variables) is deprecated and will be removed after 2017-03-02.
Instructions for updating:
Use `tf.global_variables_initializer` instead.
WARNING:tensorflow:From /newhome/Orca/orca_pensieve/pensieve/rl_server_no_training.py:235: The name tf.train.Saver is deprecated. Please use tf.compat.v1.train.Saver instead.

WARNING:tensorflow:From /users/acardoza/venv/lib/python3.6/site-packages/tensorflow/python/training/saver.py:1276: checkpoint_exists (from tensorflow.python.training.checkpoint_management) is deprecated and will be removed in a future version.
Instructions for updating:
Use standard file APIs to check for files with this prefix.
INFO:tensorflow:Restoring parameters from /newhome/Orca/orca_pensieve/pensieve/seperate_models/pensieve_24mbps_random_decrease_big_with_3_random_small_increase0.ckpt
INFO:__main__:Model restored.
DEBUG:__main__:trying to make request handler
DEBUG:__main__:making request handler
INFO:__main__:Listening on port 8333
INFO:__main__:{'nextChunkSize': [2123065, 1431809, 957685, 611087, 398865, 155580], 'lastquality': 1, 'buffer': 4, 'bufferAdjusted': -0.5499999999999998, 'bandwidthEst': 3463.7153846153847, 'lastRequest': 0, 'RebufferTime': 1084, 'lastChunkFinishTime': 1657784512165, 'lastChunkStartTime': 1657784511125, 'lastChunkSize': 450283}
INFO:__main__:{'nextChunkSize': [2177073, 1300868, 877771, 571051, 350812, 139857], 'lastquality': 5, 'buffer': 4.524394, 'bufferAdjusted': -0.02560600000000024, 'bandwidthEst': 4582.343180347376, 'lastRequest': 1, 'RebufferTime': 1084, 'lastChunkFinishTime': 1657784515632, 'lastChunkStartTime': 1657784512299, 'lastChunkSize': 2123065}
INFO:__main__:{'nextChunkSize': [2160877, 1520281, 933276, 617681, 382355, 155432], 'lastquality': 5, 'buffer': 4.65889, 'bufferAdjusted': 0.10888999999999971, 'bandwidthEst': 4581.111499041764, 'lastRequest': 2, 'RebufferTime': 1084, 'lastChunkFinishTime': 1657784519497, 'lastChunkStartTime': 1657784515694, 'lastChunkSize': 2177073}
INFO:__main__:{'nextChunkSize': [2233056, 1472558, 996749, 652874, 411561, 163442], 'lastquality': 5, 'buffer': 4.410846999999999, 'bufferAdjusted': -0.13915300000000164, 'bandwidthEst': 1625.9900883497714, 'lastRequest': 3, 'RebufferTime': 11402, 'lastChunkFinishTime': 1657784534059, 'lastChunkStartTime': 1657784519560, 'lastChunkSize': 2160877}
INFO:__main__:{'nextChunkSize': [1941625, 1224260, 801058, 520315, 318564, 126289], 'lastquality': 5, 'buffer': 4.469541999999999, 'bufferAdjusted': -0.08045800000000147, 'bandwidthEst': 1706.802102496078, 'lastRequest': 4, 'RebufferTime': 16758, 'lastChunkFinishTime': 1657784543355, 'lastChunkStartTime': 1657784534173, 'lastChunkSize': 2233056}
INFO:__main__:{'nextChunkSize': [2157535, 1388403, 905515, 561791, 352642, 153295], 'lastquality': 5, 'buffer': 6.360282999999999, 'bufferAdjusted': 1.8102829999999983, 'bandwidthEst': 1763.0585190544355, 'lastRequest': 5, 'RebufferTime': 16758, 'lastChunkFinishTime': 1657784545470, 'lastChunkStartTime': 1657784543443, 'lastChunkSize': 1941625}
INFO:__main__:{'nextChunkSize': [2290172, 1638769, 1060487, 709534, 437162, 173849], 'lastquality': 5, 'buffer': 8.154225999999998, 'bufferAdjusted': 3.604225999999997, 'bandwidthEst': 1735.0401658499022, 'lastRequest': 6, 'RebufferTime': 16758, 'lastChunkFinishTime': 1657784547676, 'lastChunkStartTime': 1657784545542, 'lastChunkSize': 2157535}
INFO:__main__:{'nextChunkSize': [2055469, 1348011, 852833, 584846, 374758, 150710], 'lastquality': 5, 'buffer': 10.045502999999997, 'bufferAdjusted': 5.495502999999996, 'bandwidthEst': 1694.386819647012, 'lastRequest': 7, 'RebufferTime': 16758, 'lastChunkFinishTime': 1657784549784, 'lastChunkStartTime': 1657784547745, 'lastChunkSize': 2290172}
INFO:__main__:{'nextChunkSize': [2169201, 1429765, 913888, 560821, 362795, 139105], 'lastquality': 5, 'buffer': 11.954471999999999, 'bufferAdjusted': 7.404471999999998, 'bandwidthEst': 3038.71302593066, 'lastRequest': 8, 'RebufferTime': 16758, 'lastChunkFinishTime': 1657784551876, 'lastChunkStartTime': 1657784549902, 'lastChunkSize': 2055469}
INFO:__main__:{'nextChunkSize': [2173522, 1354548, 939819, 607410, 353220, 141840], 'lastquality': 5, 'buffer': 14.241540999999998, 'bufferAdjusted': 9.691540999999997, 'bandwidthEst': 8578.477023725809, 'lastRequest': 9, 'RebufferTime': 16758, 'lastChunkFinishTime': 1657784553589, 'lastChunkStartTime': 1657784551995, 'lastChunkSize': 2169201}
INFO:__main__:{'nextChunkSize': [2102452, 1519951, 917428, 594078, 405134, 156148], 'lastquality': 5, 'buffer': 16.471148, 'bufferAdjusted': 11.921148, 'bandwidthEst': 9139.47254991443, 'lastRequest': 10, 'RebufferTime': 16758, 'lastChunkFinishTime': 1657784555359, 'lastChunkStartTime': 1657784553750, 'lastChunkSize': 2173522}
INFO:__main__:{'nextChunkSize': [2209463, 1422919, 946851, 624282, 386351, 160746], 'lastquality': 5, 'buffer': 18.723716999999997, 'bufferAdjusted': 14.173717, 'bandwidthEst': 9720.665034157677, 'lastRequest': 11, 'RebufferTime': 16758, 'lastChunkFinishTime': 1657784557107, 'lastChunkStartTime': 1657784555560, 'lastChunkSize': 2102452}
INFO:__main__:{'nextChunkSize': [2275376, 1578343, 1036454, 687371, 434409, 179801], 'lastquality': 5, 'buffer': 20.909253, 'bufferAdjusted': 16.359253000000002, 'bandwidthEst': 10153.62907860472, 'lastRequest': 12, 'RebufferTime': 16758, 'lastChunkFinishTime': 1657784558921, 'lastChunkStartTime': 1657784557316, 'lastChunkSize': 2209463}
INFO:__main__:{'nextChunkSize': [2005399, 1231445, 821631, 526950, 337059, 140051], 'lastquality': 5, 'buffer': 22.897016999999998, 'bufferAdjusted': 18.347017, 'bandwidthEst': 10707.242395077385, 'lastRequest': 13, 'RebufferTime': 16758, 'lastChunkFinishTime': 1657784560934, 'lastChunkStartTime': 1657784559131, 'lastChunkSize': 2275376}
INFO:__main__:{'nextChunkSize': [2152483, 1471065, 923170, 587876, 366214, 138313], 'lastquality': 5, 'buffer': 25.447471999999998, 'bufferAdjusted': 20.897472, 'bandwidthEst': 10815.187796811588, 'lastRequest': 14, 'RebufferTime': 16758, 'lastChunkFinishTime': 1657784562382, 'lastChunkStartTime': 1657784560998, 'lastChunkSize': 2005399}
INFO:__main__:{'nextChunkSize': [2289689, 1491626, 966699, 617242, 360831, 143509], 'lastquality': 5, 'buffer': 27.685069999999996, 'bufferAdjusted': 23.13507, 'bandwidthEst': 10864.253780234514, 'lastRequest': 15, 'RebufferTime': 16758, 'lastChunkFinishTime': 1657784564145, 'lastChunkStartTime': 1657784562588, 'lastChunkSize': 2152483}
INFO:__main__:{'nextChunkSize': [2059512, 1358801, 885714, 581493, 372963, 150616], 'lastquality': 5, 'buffer': 29.647273, 'bufferAdjusted': 25.097273, 'bandwidthEst': 10662.04542036196, 'lastRequest': 16, 'RebufferTime': 16758, 'lastChunkFinishTime': 1657784566182, 'lastChunkStartTime': 1657784564354, 'lastChunkSize': 2289689}
INFO:__main__:{'nextChunkSize': [2220726, 1537156, 987708, 639204, 405596, 165384], 'lastquality': 5, 'buffer': 32.045550999999996, 'bufferAdjusted': 27.495551, 'bandwidthEst': 10631.359477638753, 'lastRequest': 17, 'RebufferTime': 16758, 'lastChunkFinishTime': 1657784567787, 'lastChunkStartTime': 1657784566270, 'lastChunkSize': 2059512}
INFO:__main__:{'nextChunkSize': [2156729, 1336050, 923755, 586839, 350713, 140881], 'lastquality': 5, 'buffer': 34.114737999999996, 'bufferAdjusted': 29.564738, 'bandwidthEst': 10704.630483930707, 'lastRequest': 18, 'RebufferTime': 16758, 'lastChunkFinishTime': 1657784569713, 'lastChunkStartTime': 1657784568002, 'lastChunkSize': 2220726}
INFO:__main__:{'nextChunkSize': [2039773, 1415116, 891604, 601738, 386472, 157671], 'lastquality': 5, 'buffer': 36.302537, 'bufferAdjusted': 31.752537000000004, 'bandwidthEst': 10586.948321103724, 'lastRequest': 19, 'RebufferTime': 16758, 'lastChunkFinishTime': 1657784571527, 'lastChunkStartTime': 1657784569930, 'lastChunkSize': 2156729}
INFO:__main__:{'nextChunkSize': [2176469, 1468126, 955231, 616206, 399894, 157812], 'lastquality': 5, 'buffer': 39.036941999999996, 'bufferAdjusted': 34.486942, 'bandwidthEst': 10862.496645256491, 'lastRequest': 20, 'RebufferTime': 16758, 'lastChunkFinishTime': 1657784572794, 'lastChunkStartTime': 1657784571594, 'lastChunkSize': 2039773}
INFO:__main__:{'nextChunkSize': [2221506, 1505760, 968026, 656471, 401853, 163927], 'lastquality': 5, 'buffer': 41.234722999999995, 'bufferAdjusted': 36.684723, 'bandwidthEst': 11099.181917755104, 'lastRequest': 21, 'RebufferTime': 16758, 'lastChunkFinishTime': 1657784574597, 'lastChunkStartTime': 1657784573003, 'lastChunkSize': 2176469}
INFO:__main__:{'nextChunkSize': [2044075, 1323990, 874175, 536667, 343800, 137654], 'lastquality': 5, 'buffer': 43.290661, 'bufferAdjusted': 38.740661, 'bandwidthEst': 10971.632137746526, 'lastRequest': 22, 'RebufferTime': 16758, 'lastChunkFinishTime': 1657784576538, 'lastChunkStartTime': 1657784574821, 'lastChunkSize': 2221506}
INFO:__main__:{'nextChunkSize': [2186790, 1383735, 897976, 587236, 359903, 146754], 'lastquality': 5, 'buffer': 45.455608, 'bufferAdjusted': 40.905608, 'bandwidthEst': 10932.564501193398, 'lastRequest': 23, 'RebufferTime': 16758, 'lastChunkFinishTime': 1657784578375, 'lastChunkStartTime': 1657784576769, 'lastChunkSize': 2044075}
INFO:__main__:{'nextChunkSize': [2105231, 1480464, 905935, 590335, 379700, 153938], 'lastquality': 5, 'buffer': 47.18273, 'bufferAdjusted': 42.63273, 'bandwidthEst': 10323.092838925393, 'lastRequest': 24, 'RebufferTime': 16758, 'lastChunkFinishTime': 1657784580645, 'lastChunkStartTime': 1657784578646, 'lastChunkSize': 2186790}
INFO:__main__:{'nextChunkSize': [2395588, 1547572, 1076599, 696376, 425781, 181901], 'lastquality': 5, 'buffer': 49.238028, 'bufferAdjusted': 44.688028, 'bandwidthEst': 9811.585590130375, 'lastRequest': 25, 'RebufferTime': 16758, 'lastChunkFinishTime': 1657784582593, 'lastChunkStartTime': 1657784580811, 'lastChunkSize': 2105231}
INFO:__main__:{'nextChunkSize': [1972048, 1141971, 758197, 487160, 277716, 111155], 'lastquality': 5, 'buffer': 51.293966, 'bufferAdjusted': 46.743966, 'bandwidthEst': 9794.035850123535, 'lastRequest': 26, 'RebufferTime': 16758, 'lastChunkFinishTime': 1657784584535, 'lastChunkStartTime': 1657784582741, 'lastChunkSize': 2395588}
INFO:__main__:{'nextChunkSize': [2134614, 1498470, 972798, 622896, 400396, 153605], 'lastquality': 5, 'buffer': 53.345535, 'bufferAdjusted': 48.795535, 'bandwidthEst': 9629.129531272101, 'lastRequest': 27, 'RebufferTime': 16758, 'lastChunkFinishTime': 1657784586483, 'lastChunkStartTime': 1657784584815, 'lastChunkSize': 1972048}
INFO:__main__:{'nextChunkSize': [2164140, 1561263, 975811, 641447, 400508, 149029], 'lastquality': 5, 'buffer': 55.106173, 'bufferAdjusted': 50.556173, 'bandwidthEst': 9338.577503148497, 'lastRequest': 28, 'RebufferTime': 16758, 'lastChunkFinishTime': 1657784588723, 'lastChunkStartTime': 1657784586769, 'lastChunkSize': 2134614}
INFO:__main__:{'nextChunkSize': [2113193, 1341201, 873429, 570392, 358218, 157421], 'lastquality': 5, 'buffer': 57.23663, 'bufferAdjusted': 52.68663, 'bandwidthEst': 9566.094296700154, 'lastRequest': 29, 'RebufferTime': 16758, 'lastChunkFinishTime': 1657784590594, 'lastChunkStartTime': 1657784588823, 'lastChunkSize': 2164140}
INFO:__main__:{'nextChunkSize': [2147852, 1497683, 954453, 620283, 400322, 157488], 'lastquality': 5, 'buffer': 59.377644000000004, 'bufferAdjusted': 54.82764400000001, 'bandwidthEst': 9773.259765775554, 'lastRequest': 30, 'RebufferTime': 16758, 'lastChunkFinishTime': 1657784592453, 'lastChunkStartTime': 1657784590869, 'lastChunkSize': 2113193}
INFO:__main__:{'nextChunkSize': [2191074, 1358081, 885062, 584349, 369834, 143881], 'lastquality': 5, 'buffer': 59.790435000000016, 'bufferAdjusted': 55.24043500000002, 'bandwidthEst': 9877.190037887878, 'lastRequest': 31, 'RebufferTime': 16758, 'lastChunkFinishTime': 1657784594129, 'lastChunkStartTime': 1657784592660, 'lastChunkSize': 2147852}
INFO:__main__:{'nextChunkSize': [2286761, 1587293, 1035329, 670129, 412837, 163444], 'lastquality': 5, 'buffer': 59.537790000000015, 'bufferAdjusted': 54.98779000000002, 'bandwidthEst': 10469.010659062773, 'lastRequest': 32, 'RebufferTime': 16758, 'lastChunkFinishTime': 1657784597490, 'lastChunkStartTime': 1657784596263, 'lastChunkSize': 2191074}
INFO:__main__:{'nextChunkSize': [2307787, 1492672, 1026056, 690253, 401088, 179328], 'lastquality': 5, 'buffer': 59.78547000000002, 'bufferAdjusted': 55.23547000000002, 'bandwidthEst': 11702.975371954491, 'lastRequest': 33, 'RebufferTime': 16758, 'lastChunkFinishTime': 1657784601752, 'lastChunkStartTime': 1657784600556, 'lastChunkSize': 2286761}
INFO:__main__:{'nextChunkSize': [2143948, 1439896, 943942, 598727, 365161, 159914], 'lastquality': 5, 'buffer': 59.532691000000014, 'bufferAdjusted': 54.98269100000002, 'bandwidthEst': 13006.624456495238, 'lastRequest': 34, 'RebufferTime': 16758, 'lastChunkFinishTime': 1657784605463, 'lastChunkStartTime': 1657784604319, 'lastChunkSize': 2307787}
INFO:__main__:{'nextChunkSize': [1919781, 1139291, 728962, 487812, 321064, 131610], 'lastquality': 5, 'buffer': 59.780242000000015, 'bufferAdjusted': 55.23024200000002, 'bandwidthEst': 14174.609000348026, 'lastRequest': 35, 'RebufferTime': 16758, 'lastChunkFinishTime': 1657784609660, 'lastChunkStartTime': 1657784608530, 'lastChunkSize': 2143948}
INFO:__main__:{'nextChunkSize': [2147467, 1499009, 938587, 575591, 361565, 124011], 'lastquality': 5, 'buffer': 59.77730100000001, 'bufferAdjusted': 55.22730100000001, 'bandwidthEst': 15342.554401236363, 'lastRequest': 36, 'RebufferTime': 16758, 'lastChunkFinishTime': 1657784613174, 'lastChunkStartTime': 1657784612226, 'lastChunkSize': 1919781}
INFO:__main__:{'nextChunkSize': [2133870, 1427478, 908665, 605884, 378327, 144254], 'lastquality': 5, 'buffer': 59.52474700000002, 'bufferAdjusted': 54.97474700000002, 'bandwidthEst': 15606.204537889162, 'lastRequest': 37, 'RebufferTime': 16758, 'lastChunkFinishTime': 1657784617353, 'lastChunkStartTime': 1657784616236, 'lastChunkSize': 2147467}
INFO:__main__:{'nextChunkSize': [2146120, 1402287, 930577, 587506, 390680, 149991], 'lastquality': 5, 'buffer': 59.772227000000015, 'bufferAdjusted': 55.22222700000002, 'bandwidthEst': 15571.96903030969, 'lastRequest': 38, 'RebufferTime': 16758, 'lastChunkFinishTime': 1657784621552, 'lastChunkStartTime': 1657784620423, 'lastChunkSize': 2133870}
INFO:__main__:{'nextChunkSize': [2108491, 1339500, 858450, 566904, 345516, 147968], 'lastquality': 5, 'buffer': 59.76961100000001, 'bufferAdjusted': 55.219611000000015, 'bandwidthEst': 15576.843153982583, 'lastRequest': 39, 'RebufferTime': 16758, 'lastChunkFinishTime': 1657784625172, 'lastChunkStartTime': 1657784624113, 'lastChunkSize': 2146120}
INFO:__main__:{'nextChunkSize': [2184571, 1527299, 1025005, 641452, 384505, 161857], 'lastquality': 5, 'buffer': 59.767223000000016, 'bufferAdjusted': 55.21722300000002, 'bandwidthEst': 14323.608942131623, 'lastRequest': 40, 'RebufferTime': 16758, 'lastChunkFinishTime': 1657784629712, 'lastChunkStartTime': 1657784628239, 'lastChunkSize': 2108491}
INFO:__main__:{'nextChunkSize': [2121928, 1343002, 886255, 599477, 372093, 145210], 'lastquality': 5, 'buffer': 59.51454000000001, 'bufferAdjusted': 54.964540000000014, 'bandwidthEst': 14304.120427381871, 'lastRequest': 41, 'RebufferTime': 16758, 'lastChunkFinishTime': 1657784633379, 'lastChunkStartTime': 1657784632271, 'lastChunkSize': 2184571}
INFO:__main__:{'nextChunkSize': [2219102, 1587250, 973972, 634861, 438281, 172312], 'lastquality': 5, 'buffer': 59.76199500000001, 'bufferAdjusted': 55.211995000000016, 'bandwidthEst': 14092.716997519366, 'lastRequest': 42, 'RebufferTime': 16758, 'lastChunkFinishTime': 1657784637642, 'lastChunkStartTime': 1657784636444, 'lastChunkSize': 2121928}
INFO:__main__:{'nextChunkSize': [2124950, 1464921, 958994, 630203, 398987, 167025], 'lastquality': 5, 'buffer': 59.509422000000015, 'bufferAdjusted': 54.95942200000002, 'bandwidthEst': 14220.964373170948, 'lastRequest': 43, 'RebufferTime': 16758, 'lastChunkFinishTime': 1657784641316, 'lastChunkStartTime': 1657784640204, 'lastChunkSize': 2219102}
INFO:__main__:{'nextChunkSize': [2246506, 1483527, 982064, 638661, 393804, 160064], 'lastquality': 5, 'buffer': 59.50689000000001, 'bufferAdjusted': 54.956890000000016, 'bandwidthEst': 14103.584673569341, 'lastRequest': 44, 'RebufferTime': 16758, 'lastChunkFinishTime': 1657784645498, 'lastChunkStartTime': 1657784644389, 'lastChunkSize': 2124950}
INFO:__main__:{'nextChunkSize': [1961140, 1231456, 830730, 538612, 331053, 137507], 'lastquality': 5, 'buffer': 59.754405000000006, 'bufferAdjusted': 55.20440500000001, 'bandwidthEst': 15311.881942526647, 'lastRequest': 45, 'RebufferTime': 16758, 'lastChunkFinishTime': 1657784649718, 'lastChunkStartTime': 1657784648562, 'lastChunkSize': 2246506}
INFO:__main__:{'nextChunkSize': [2155012, 1364537, 846370, 550906, 314107, 118421], 'lastquality': 5, 'buffer': 59.751745, 'bufferAdjusted': 55.201745, 'bandwidthEst': 15632.049147649443, 'lastRequest': 46, 'RebufferTime': 16758, 'lastChunkFinishTime': 1657784653131, 'lastChunkStartTime': 1657784652279, 'lastChunkSize': 1961140}
INFO:__main__:{'nextChunkSize': [1433658, 889412, 598850, 391450, 255954, 112270], 'lastquality': 5, 'buffer': 59.749015000000014, 'bufferAdjusted': 55.19901500000002, 'bandwidthEst': 16384.87280074802, 'lastRequest': 47, 'RebufferTime': 16758, 'lastChunkFinishTime': 1657784657164, 'lastChunkStartTime': 1657784656192, 'lastChunkSize': 2155012}
INFO:__main__:{'nextChunkSize': 0, 'lastquality': 5, 'buffer': 59.677751, 'bufferAdjusted': 55.127751, 'bandwidthEst': 16638.257780064545, 'lastRequest': 48, 'RebufferTime': 16758, 'lastChunkFinishTime': 1657784660886, 'lastChunkStartTime': 1657784660232, 'lastChunkSize': 1433658}
