WARNING:tensorflow:From /newhome/Orca/orca_pensieve/pensieve/rl_server_no_training.py:224: The name tf.Session is deprecated. Please use tf.compat.v1.Session instead.

WARNING:tensorflow:From /newhome/Orca/orca_pensieve/pensieve/a3c.py:64: The name tf.variable_scope is deprecated. Please use tf.compat.v1.variable_scope instead.

WARNING:tensorflow:From /users/acardoza/venv/lib/python3.6/site-packages/tflearn/initializations.py:165: calling TruncatedNormal.__init__ (from tensorflow.python.ops.init_ops) with dtype is deprecated and will be removed in a future version.
Instructions for updating:
Call initializer instance with the dtype argument instead of passing it to the constructor
WARNING:tensorflow:From /users/acardoza/venv/lib/python3.6/site-packages/tflearn/initializations.py:110: calling UniformUnitScaling.__init__ (from tensorflow.python.ops.init_ops) with dtype is deprecated and will be removed in a future version.
Instructions for updating:
Call initializer instance with the dtype argument instead of passing it to the constructor
WARNING:tensorflow:From /users/acardoza/venv/lib/python3.6/site-packages/tensorflow/python/util/deprecation.py:507: UniformUnitScaling.__init__ (from tensorflow.python.ops.init_ops) is deprecated and will be removed in a future version.
Instructions for updating:
Use tf.initializers.variance_scaling instead with distribution=uniform to get equivalent behavior.
WARNING:tensorflow:From /newhome/Orca/orca_pensieve/pensieve/a3c.py:31: The name tf.get_collection is deprecated. Please use tf.compat.v1.get_collection instead.

WARNING:tensorflow:From /newhome/Orca/orca_pensieve/pensieve/a3c.py:31: The name tf.GraphKeys is deprecated. Please use tf.compat.v1.GraphKeys instead.

WARNING:tensorflow:From /newhome/Orca/orca_pensieve/pensieve/a3c.py:37: The name tf.placeholder is deprecated. Please use tf.compat.v1.placeholder instead.

WARNING:tensorflow:From /newhome/Orca/orca_pensieve/pensieve/a3c.py:51: calling reduce_sum_v1 (from tensorflow.python.ops.math_ops) with keep_dims is deprecated and will be removed in a future version.
Instructions for updating:
keep_dims is deprecated, use keepdims instead
WARNING:tensorflow:From /newhome/Orca/orca_pensieve/pensieve/a3c.py:60: The name tf.train.RMSPropOptimizer is deprecated. Please use tf.compat.v1.train.RMSPropOptimizer instead.

WARNING:tensorflow:From /users/acardoza/venv/lib/python3.6/site-packages/tensorflow/python/training/rmsprop.py:119: calling Ones.__init__ (from tensorflow.python.ops.init_ops) with dtype is deprecated and will be removed in a future version.
Instructions for updating:
Call initializer instance with the dtype argument instead of passing it to the constructor
WARNING:tensorflow:From /users/acardoza/venv/lib/python3.6/site-packages/tensorflow/python/util/tf_should_use.py:193: initialize_all_variables (from tensorflow.python.ops.variables) is deprecated and will be removed after 2017-03-02.
Instructions for updating:
Use `tf.global_variables_initializer` instead.
WARNING:tensorflow:From /newhome/Orca/orca_pensieve/pensieve/rl_server_no_training.py:234: The name tf.train.Saver is deprecated. Please use tf.compat.v1.train.Saver instead.

WARNING:tensorflow:From /users/acardoza/venv/lib/python3.6/site-packages/tensorflow/python/training/saver.py:1276: checkpoint_exists (from tensorflow.python.training.checkpoint_management) is deprecated and will be removed in a future version.
Instructions for updating:
Use standard file APIs to check for files with this prefix.
INFO:tensorflow:Restoring parameters from /newhome/Orca/orca_pensieve/pensieve/seperate_models/pensieve_6mbps_random_increase_big0.ckpt
INFO:__main__:Model restored.
DEBUG:__main__:trying to make request handler
DEBUG:__main__:making request handler
INFO:__main__:Listening on port 8333
WARNING:tensorflow:From /newhome/Orca/orca_pensieve/pensieve/rl_server_no_training.py:224: The name tf.Session is deprecated. Please use tf.compat.v1.Session instead.

WARNING:tensorflow:From /newhome/Orca/orca_pensieve/pensieve/a3c.py:64: The name tf.variable_scope is deprecated. Please use tf.compat.v1.variable_scope instead.

WARNING:tensorflow:From /users/acardoza/venv/lib/python3.6/site-packages/tflearn/initializations.py:165: calling TruncatedNormal.__init__ (from tensorflow.python.ops.init_ops) with dtype is deprecated and will be removed in a future version.
Instructions for updating:
Call initializer instance with the dtype argument instead of passing it to the constructor
WARNING:tensorflow:From /users/acardoza/venv/lib/python3.6/site-packages/tflearn/initializations.py:110: calling UniformUnitScaling.__init__ (from tensorflow.python.ops.init_ops) with dtype is deprecated and will be removed in a future version.
Instructions for updating:
Call initializer instance with the dtype argument instead of passing it to the constructor
WARNING:tensorflow:From /users/acardoza/venv/lib/python3.6/site-packages/tensorflow/python/util/deprecation.py:507: UniformUnitScaling.__init__ (from tensorflow.python.ops.init_ops) is deprecated and will be removed in a future version.
Instructions for updating:
Use tf.initializers.variance_scaling instead with distribution=uniform to get equivalent behavior.
WARNING:tensorflow:From /newhome/Orca/orca_pensieve/pensieve/a3c.py:31: The name tf.get_collection is deprecated. Please use tf.compat.v1.get_collection instead.

WARNING:tensorflow:From /newhome/Orca/orca_pensieve/pensieve/a3c.py:31: The name tf.GraphKeys is deprecated. Please use tf.compat.v1.GraphKeys instead.

WARNING:tensorflow:From /newhome/Orca/orca_pensieve/pensieve/a3c.py:37: The name tf.placeholder is deprecated. Please use tf.compat.v1.placeholder instead.

WARNING:tensorflow:From /newhome/Orca/orca_pensieve/pensieve/a3c.py:51: calling reduce_sum_v1 (from tensorflow.python.ops.math_ops) with keep_dims is deprecated and will be removed in a future version.
Instructions for updating:
keep_dims is deprecated, use keepdims instead
WARNING:tensorflow:From /newhome/Orca/orca_pensieve/pensieve/a3c.py:60: The name tf.train.RMSPropOptimizer is deprecated. Please use tf.compat.v1.train.RMSPropOptimizer instead.

WARNING:tensorflow:From /users/acardoza/venv/lib/python3.6/site-packages/tensorflow/python/training/rmsprop.py:119: calling Ones.__init__ (from tensorflow.python.ops.init_ops) with dtype is deprecated and will be removed in a future version.
Instructions for updating:
Call initializer instance with the dtype argument instead of passing it to the constructor
WARNING:tensorflow:From /users/acardoza/venv/lib/python3.6/site-packages/tensorflow/python/util/tf_should_use.py:193: initialize_all_variables (from tensorflow.python.ops.variables) is deprecated and will be removed after 2017-03-02.
Instructions for updating:
Use `tf.global_variables_initializer` instead.
WARNING:tensorflow:From /newhome/Orca/orca_pensieve/pensieve/rl_server_no_training.py:234: The name tf.train.Saver is deprecated. Please use tf.compat.v1.train.Saver instead.

WARNING:tensorflow:From /users/acardoza/venv/lib/python3.6/site-packages/tensorflow/python/training/saver.py:1276: checkpoint_exists (from tensorflow.python.training.checkpoint_management) is deprecated and will be removed in a future version.
Instructions for updating:
Use standard file APIs to check for files with this prefix.
INFO:tensorflow:Restoring parameters from /newhome/Orca/orca_pensieve/pensieve/seperate_models/pensieve_6mbps_random_increase_big0.ckpt
INFO:__main__:Model restored.
DEBUG:__main__:trying to make request handler
DEBUG:__main__:making request handler
INFO:__main__:Listening on port 8333
INFO:__main__:{'nextChunkSize': [2123065, 1431809, 957685, 611087, 398865, 155580], 'lastquality': 1, 'buffer': 4, 'bufferAdjusted': -0.5499999999999998, 'bandwidthEst': 3289.7388127853883, 'lastRequest': 0, 'RebufferTime': 1141, 'lastChunkFinishTime': 1657712548451, 'lastChunkStartTime': 1657712547356, 'lastChunkSize': 450283}
INFO:__main__:{'nextChunkSize': [2177073, 1300868, 877771, 571051, 350812, 139857], 'lastquality': 5, 'buffer': 4.419682, 'bufferAdjusted': -0.13031800000000038, 'bandwidthEst': 3725.5078195452143, 'lastRequest': 1, 'RebufferTime': 2123, 'lastChunkFinishTime': 1657712553002, 'lastChunkStartTime': 1657712548593, 'lastChunkSize': 2123065}
INFO:__main__:{'nextChunkSize': [2160877, 1520281, 933276, 617681, 382355, 155432], 'lastquality': 5, 'buffer': 4.396929, 'bufferAdjusted': -0.15307100000000018, 'bandwidthEst': 1180.6871689168158, 'lastRequest': 2, 'RebufferTime': 16016, 'lastChunkFinishTime': 1657712570917, 'lastChunkStartTime': 1657712553060, 'lastChunkSize': 2177073}
INFO:__main__:{'nextChunkSize': [2233056, 1472558, 996749, 652874, 411561, 163442], 'lastquality': 5, 'buffer': 4.278921999999998, 'bufferAdjusted': -0.2710780000000024, 'bandwidthEst': 1323.1424580230469, 'lastRequest': 3, 'RebufferTime': 20953, 'lastChunkFinishTime': 1657712579974, 'lastChunkStartTime': 1657712571023, 'lastChunkSize': 2160877}
INFO:__main__:{'nextChunkSize': [1941625, 1224260, 801058, 520315, 318564, 126289], 'lastquality': 5, 'buffer': 4.665297999999998, 'bufferAdjusted': 0.11529799999999746, 'bandwidthEst': 1426.9174628185206, 'lastRequest': 4, 'RebufferTime': 20953, 'lastChunkFinishTime': 1657712583605, 'lastChunkStartTime': 1657712580076, 'lastChunkSize': 2233056}
INFO:__main__:{'nextChunkSize': [2157535, 1388403, 905515, 561791, 352642, 153295], 'lastquality': 5, 'buffer': 5.603507999999998, 'bufferAdjusted': 1.0535079999999972, 'bandwidthEst': 1487.7815903096634, 'lastRequest': 5, 'RebufferTime': 20953, 'lastChunkFinishTime': 1657712586667, 'lastChunkStartTime': 1657712583689, 'lastChunkSize': 1941625}
INFO:__main__:{'nextChunkSize': [2290172, 1638769, 1060487, 709534, 437162, 173849], 'lastquality': 5, 'buffer': 6.243129, 'bufferAdjusted': 1.693128999999999, 'bandwidthEst': 1473.6170209643176, 'lastRequest': 6, 'RebufferTime': 20953, 'lastChunkFinishTime': 1657712590030, 'lastChunkStartTime': 1657712586746, 'lastChunkSize': 2157535}
INFO:__main__:{'nextChunkSize': [2055469, 1348011, 852833, 584846, 374758, 150710], 'lastquality': 5, 'buffer': 6.690535999999998, 'bufferAdjusted': 2.1405359999999973, 'bandwidthEst': 3091.6127331430507, 'lastRequest': 7, 'RebufferTime': 20953, 'lastChunkFinishTime': 1657712593581, 'lastChunkStartTime': 1657712590115, 'lastChunkSize': 2290172}
INFO:__main__:{'nextChunkSize': [2169201, 1429765, 913888, 560821, 362795, 139105], 'lastquality': 5, 'buffer': 7.507539999999999, 'bufferAdjusted': 2.957539999999998, 'bandwidthEst': 5227.326257924044, 'lastRequest': 8, 'RebufferTime': 20953, 'lastChunkFinishTime': 1657712596764, 'lastChunkStartTime': 1657712593685, 'lastChunkSize': 2055469}
INFO:__main__:{'nextChunkSize': [2173522, 1354548, 939819, 607410, 353220, 141840], 'lastquality': 5, 'buffer': 8.292831999999997, 'bufferAdjusted': 3.7428319999999964, 'bandwidthEst': 5328.969577392923, 'lastRequest': 9, 'RebufferTime': 20953, 'lastChunkFinishTime': 1657712599978, 'lastChunkStartTime': 1657712596859, 'lastChunkSize': 2169201}
INFO:__main__:{'nextChunkSize': [2102452, 1519951, 917428, 594078, 405134, 156148], 'lastquality': 5, 'buffer': 8.706052999999997, 'bufferAdjusted': 4.1560529999999964, 'bandwidthEst': 5279.99403511608, 'lastRequest': 10, 'RebufferTime': 20953, 'lastChunkFinishTime': 1657712603566, 'lastChunkStartTime': 1657712600099, 'lastChunkSize': 2173522}
INFO:__main__:{'nextChunkSize': [2209463, 1422919, 946851, 624282, 386351, 160746], 'lastquality': 5, 'buffer': 9.121989, 'bufferAdjusted': 4.5719889999999985, 'bandwidthEst': 5210.8220988629155, 'lastRequest': 11, 'RebufferTime': 20953, 'lastChunkFinishTime': 1657712607148, 'lastChunkStartTime': 1657712603743, 'lastChunkSize': 2102452}
INFO:__main__:{'nextChunkSize': [2275376, 1578343, 1036454, 687371, 434409, 179801], 'lastquality': 5, 'buffer': 9.441727, 'bufferAdjusted': 4.8917269999999995, 'bandwidthEst': 5140.776190553564, 'lastRequest': 12, 'RebufferTime': 20953, 'lastChunkFinishTime': 1657712610831, 'lastChunkStartTime': 1657712607270, 'lastChunkSize': 2209463}
INFO:__main__:{'nextChunkSize': [2005399, 1231445, 821631, 526950, 337059, 140051], 'lastquality': 5, 'buffer': 9.349965999999995, 'bufferAdjusted': 4.799965999999994, 'bandwidthEst': 5029.392172011216, 'lastRequest': 13, 'RebufferTime': 20953, 'lastChunkFinishTime': 1657712614918, 'lastChunkStartTime': 1657712611126, 'lastChunkSize': 2275376}
INFO:__main__:{'nextChunkSize': [2152483, 1471065, 923170, 587876, 366214, 138313], 'lastquality': 5, 'buffer': 9.809916000000001, 'bufferAdjusted': 5.2599160000000005, 'bandwidthEst': 4916.313694889815, 'lastRequest': 14, 'RebufferTime': 20953, 'lastChunkFinishTime': 1657712618459, 'lastChunkStartTime': 1657712615169, 'lastChunkSize': 2005399}
INFO:__main__:{'nextChunkSize': [2289689, 1491626, 966699, 617242, 360831, 143509], 'lastquality': 5, 'buffer': 10.39922, 'bufferAdjusted': 5.849219999999999, 'bandwidthEst': 4949.715470213615, 'lastRequest': 15, 'RebufferTime': 20953, 'lastChunkFinishTime': 1657712621870, 'lastChunkStartTime': 1657712618564, 'lastChunkSize': 2152483}
INFO:__main__:{'nextChunkSize': [2059512, 1358801, 885714, 581493, 372963, 150616], 'lastquality': 5, 'buffer': 10.557381, 'bufferAdjusted': 6.007380999999999, 'bandwidthEst': 4980.293695566846, 'lastRequest': 16, 'RebufferTime': 20953, 'lastChunkFinishTime': 1657712625712, 'lastChunkStartTime': 1657712622115, 'lastChunkSize': 2289689}
INFO:__main__:{'nextChunkSize': [2220726, 1537156, 987708, 639204, 405596, 165384], 'lastquality': 5, 'buffer': 11.101633999999997, 'bufferAdjusted': 6.551633999999996, 'bandwidthEst': 5002.045191382899, 'lastRequest': 17, 'RebufferTime': 20953, 'lastChunkFinishTime': 1657712629170, 'lastChunkStartTime': 1657712625926, 'lastChunkSize': 2059512}
INFO:__main__:{'nextChunkSize': [2156729, 1336050, 923755, 586839, 350713, 140881], 'lastquality': 5, 'buffer': 11.502707999999998, 'bufferAdjusted': 6.952707999999998, 'bandwidthEst': 5086.678230816907, 'lastRequest': 18, 'RebufferTime': 20953, 'lastChunkFinishTime': 1657712632771, 'lastChunkStartTime': 1657712629345, 'lastChunkSize': 2220726}
INFO:__main__:{'nextChunkSize': [2039773, 1415116, 891604, 601738, 386472, 157671], 'lastquality': 5, 'buffer': 11.587283, 'bufferAdjusted': 7.037282999999999, 'bandwidthEst': 5044.231926543157, 'lastRequest': 19, 'RebufferTime': 20953, 'lastChunkFinishTime': 1657712636682, 'lastChunkStartTime': 1657712633024, 'lastChunkSize': 2156729}
INFO:__main__:{'nextChunkSize': [2176469, 1468126, 955231, 616206, 399894, 157812], 'lastquality': 5, 'buffer': 12.362335000000002, 'bufferAdjusted': 7.812335000000001, 'bandwidthEst': 5034.228417561587, 'lastRequest': 20, 'RebufferTime': 20953, 'lastChunkFinishTime': 1657712639907, 'lastChunkStartTime': 1657712636744, 'lastChunkSize': 2039773}
INFO:__main__:{'nextChunkSize': [2221506, 1505760, 968026, 656471, 401853, 163927], 'lastquality': 5, 'buffer': 12.571101999999996, 'bufferAdjusted': 8.021101999999996, 'bandwidthEst': 5005.578469331083, 'lastRequest': 21, 'RebufferTime': 20953, 'lastChunkFinishTime': 1657712643700, 'lastChunkStartTime': 1657712640186, 'lastChunkSize': 2176469}
INFO:__main__:{'nextChunkSize': [2044075, 1323990, 874175, 536667, 343800, 137654], 'lastquality': 5, 'buffer': 12.653205, 'bufferAdjusted': 8.103204999999999, 'bandwidthEst': 4965.413380084591, 'lastRequest': 22, 'RebufferTime': 20953, 'lastChunkFinishTime': 1657712647613, 'lastChunkStartTime': 1657712643971, 'lastChunkSize': 2221506}
INFO:__main__:{'nextChunkSize': [2186790, 1383735, 897976, 587236, 359903, 146754], 'lastquality': 5, 'buffer': 13.445537000000002, 'bufferAdjusted': 8.895537000000001, 'bandwidthEst': 4962.451647439967, 'lastRequest': 23, 'RebufferTime': 20953, 'lastChunkFinishTime': 1657712650828, 'lastChunkStartTime': 1657712647676, 'lastChunkSize': 2044075}
INFO:__main__:{'nextChunkSize': [2105231, 1480464, 905935, 590335, 379700, 153938], 'lastquality': 5, 'buffer': 13.800781999999998, 'bufferAdjusted': 9.250781999999997, 'bandwidthEst': 5056.938091847026, 'lastRequest': 24, 'RebufferTime': 20953, 'lastChunkFinishTime': 1657712654469, 'lastChunkStartTime': 1657712651073, 'lastChunkSize': 2186790}
INFO:__main__:{'nextChunkSize': [2395588, 1547572, 1076599, 696376, 425781, 181901], 'lastquality': 5, 'buffer': 14.314165000000003, 'bufferAdjusted': 9.764165000000002, 'bandwidthEst': 5053.662446274337, 'lastRequest': 25, 'RebufferTime': 20953, 'lastChunkFinishTime': 1657712657955, 'lastChunkStartTime': 1657712654677, 'lastChunkSize': 2105231}
INFO:__main__:{'nextChunkSize': [1972048, 1141971, 758197, 487160, 277716, 111155], 'lastquality': 5, 'buffer': 14.509295999999992, 'bufferAdjusted': 9.959295999999991, 'bandwidthEst': 5129.265835912912, 'lastRequest': 26, 'RebufferTime': 20953, 'lastChunkFinishTime': 1657712661762, 'lastChunkStartTime': 1657712658161, 'lastChunkSize': 2395588}
INFO:__main__:{'nextChunkSize': [2134614, 1498470, 972798, 622896, 400396, 153605], 'lastquality': 5, 'buffer': 17.591668999999996, 'bufferAdjusted': 13.041668999999999, 'bandwidthEst': 5433.00459157007, 'lastRequest': 27, 'RebufferTime': 20953, 'lastChunkFinishTime': 1657712662682, 'lastChunkStartTime': 1657712661840, 'lastChunkSize': 1972048}
INFO:__main__:{'nextChunkSize': [2164140, 1561263, 975811, 641447, 400508, 149029], 'lastquality': 5, 'buffer': 20.634606000000005, 'bufferAdjusted': 16.084606000000008, 'bandwidthEst': 5816.4589969405715, 'lastRequest': 28, 'RebufferTime': 20953, 'lastChunkFinishTime': 1657712663640, 'lastChunkStartTime': 1657712662737, 'lastChunkSize': 2134614}
INFO:__main__:{'nextChunkSize': [2113193, 1341201, 873429, 570392, 358218, 157421], 'lastquality': 5, 'buffer': 23.649698, 'bufferAdjusted': 19.099698000000004, 'bandwidthEst': 6555.874653353096, 'lastRequest': 29, 'RebufferTime': 20953, 'lastChunkFinishTime': 1657712664624, 'lastChunkStartTime': 1657712663695, 'lastChunkSize': 2164140}
INFO:__main__:{'nextChunkSize': [2147852, 1497683, 954453, 620283, 400322, 157488], 'lastquality': 5, 'buffer': 26.698155, 'bufferAdjusted': 22.148155000000003, 'bandwidthEst': 8274.591245628257, 'lastRequest': 30, 'RebufferTime': 20953, 'lastChunkFinishTime': 1657712665576, 'lastChunkStartTime': 1657712664679, 'lastChunkSize': 2113193}
INFO:__main__:{'nextChunkSize': [2191074, 1358081, 885062, 584349, 369834, 143881], 'lastquality': 5, 'buffer': 29.715366000000017, 'bufferAdjusted': 25.16536600000002, 'bandwidthEst': 18730.59902832788, 'lastRequest': 31, 'RebufferTime': 20953, 'lastChunkFinishTime': 1657712666558, 'lastChunkStartTime': 1657712665631, 'lastChunkSize': 2147852}
INFO:__main__:{'nextChunkSize': [2286761, 1587293, 1035329, 670129, 412837, 163444], 'lastquality': 5, 'buffer': 32.71419700000001, 'bufferAdjusted': 28.164197000000016, 'bandwidthEst': 18687.70657932799, 'lastRequest': 32, 'RebufferTime': 20953, 'lastChunkFinishTime': 1657712667560, 'lastChunkStartTime': 1657712666614, 'lastChunkSize': 2191074}
INFO:__main__:{'nextChunkSize': [2307787, 1492672, 1026056, 690253, 401088, 179328], 'lastquality': 5, 'buffer': 35.67118100000002, 'bufferAdjusted': 31.12118100000002, 'bandwidthEst': 18608.999641923532, 'lastRequest': 33, 'RebufferTime': 20953, 'lastChunkFinishTime': 1657712668603, 'lastChunkStartTime': 1657712667615, 'lastChunkSize': 2286761}
INFO:__main__:{'nextChunkSize': [2143948, 1439896, 943942, 598727, 365161, 159914], 'lastquality': 5, 'buffer': 38.62047200000001, 'bufferAdjusted': 34.07047200000001, 'bandwidthEst': 18588.434948536553, 'lastRequest': 34, 'RebufferTime': 20953, 'lastChunkFinishTime': 1657712669653, 'lastChunkStartTime': 1657712668657, 'lastChunkSize': 2307787}
INFO:__main__:{'nextChunkSize': [1919781, 1139291, 728962, 487812, 321064, 131610], 'lastquality': 5, 'buffer': 41.63883400000002, 'bufferAdjusted': 37.08883400000002, 'bandwidthEst': 18531.860170360935, 'lastRequest': 35, 'RebufferTime': 20953, 'lastChunkFinishTime': 1657712670633, 'lastChunkStartTime': 1657712669708, 'lastChunkSize': 2143948}
INFO:__main__:{'nextChunkSize': [2147467, 1499009, 938587, 575591, 361565, 124011], 'lastquality': 5, 'buffer': 44.76671000000002, 'bufferAdjusted': 40.21671000000002, 'bandwidthEst': 18577.10114258165, 'lastRequest': 36, 'RebufferTime': 20953, 'lastChunkFinishTime': 1657712671508, 'lastChunkStartTime': 1657712670691, 'lastChunkSize': 1919781}
INFO:__main__:{'nextChunkSize': [2133870, 1427478, 908665, 605884, 378327, 144254], 'lastquality': 5, 'buffer': 47.78969700000002, 'bufferAdjusted': 43.23969700000002, 'bandwidthEst': 18613.887161070907, 'lastRequest': 37, 'RebufferTime': 20953, 'lastChunkFinishTime': 1657712672483, 'lastChunkStartTime': 1657712671565, 'lastChunkSize': 2147467}
INFO:__main__:{'nextChunkSize': [2146120, 1402287, 930577, 587506, 390680, 149991], 'lastquality': 5, 'buffer': 50.81101000000001, 'bufferAdjusted': 46.26101000000001, 'bandwidthEst': 18615.069261009176, 'lastRequest': 38, 'RebufferTime': 20953, 'lastChunkFinishTime': 1657712673462, 'lastChunkStartTime': 1657712672540, 'lastChunkSize': 2133870}
INFO:__main__:{'nextChunkSize': [2108491, 1339500, 858450, 566904, 345516, 147968], 'lastquality': 5, 'buffer': 53.829104000000015, 'bufferAdjusted': 49.27910400000002, 'bandwidthEst': 18625.555386123902, 'lastRequest': 39, 'RebufferTime': 20953, 'lastChunkFinishTime': 1657712674445, 'lastChunkStartTime': 1657712673521, 'lastChunkSize': 2146120}
INFO:__main__:{'nextChunkSize': [2184571, 1527299, 1025005, 641452, 384505, 161857], 'lastquality': 5, 'buffer': 56.86326000000001, 'bufferAdjusted': 52.313260000000014, 'bandwidthEst': 18649.615848822556, 'lastRequest': 40, 'RebufferTime': 20953, 'lastChunkFinishTime': 1657712675409, 'lastChunkStartTime': 1657712674505, 'lastChunkSize': 2108491}
INFO:__main__:{'nextChunkSize': [2121928, 1343002, 886255, 599477, 372093, 145210], 'lastquality': 5, 'buffer': 59.85817500000002, 'bufferAdjusted': 55.30817500000002, 'bandwidthEst': 18607.711178172245, 'lastRequest': 41, 'RebufferTime': 20953, 'lastChunkFinishTime': 1657712676415, 'lastChunkStartTime': 1657712675474, 'lastChunkSize': 2184571}
INFO:__main__:{'nextChunkSize': [2219102, 1587250, 973972, 634861, 438281, 172312], 'lastquality': 5, 'buffer': 59.916055000000014, 'bufferAdjusted': 55.36605500000002, 'bandwidthEst': 18591.74618577541, 'lastRequest': 42, 'RebufferTime': 20953, 'lastChunkFinishTime': 1657712677393, 'lastChunkStartTime': 1657712676482, 'lastChunkSize': 2121928}
INFO:__main__:{'nextChunkSize': [2124950, 1464921, 958994, 630203, 398987, 167025], 'lastquality': 5, 'buffer': 59.66304200000002, 'bufferAdjusted': 55.11304200000002, 'bandwidthEst': 17162.71467673922, 'lastRequest': 43, 'RebufferTime': 20953, 'lastChunkFinishTime': 1657712681724, 'lastChunkStartTime': 1657712680456, 'lastChunkSize': 2219102}
INFO:__main__:{'nextChunkSize': [2246506, 1483527, 982064, 638661, 393804, 160064], 'lastquality': 5, 'buffer': 59.91079600000002, 'bufferAdjusted': 55.36079600000002, 'bandwidthEst': 15901.089545527648, 'lastRequest': 44, 'RebufferTime': 20953, 'lastChunkFinishTime': 1657712686080, 'lastChunkStartTime': 1657712684816, 'lastChunkSize': 2124950}
INFO:__main__:{'nextChunkSize': [1961140, 1231456, 830730, 538612, 331053, 137507], 'lastquality': 5, 'buffer': 59.90825600000001, 'bufferAdjusted': 55.35825600000001, 'bandwidthEst': 15031.357560737264, 'lastRequest': 45, 'RebufferTime': 20953, 'lastChunkFinishTime': 1657712689947, 'lastChunkStartTime': 1657712688647, 'lastChunkSize': 2246506}
INFO:__main__:{'nextChunkSize': [2155012, 1364537, 846370, 550906, 314107, 118421], 'lastquality': 5, 'buffer': 59.90553400000002, 'bufferAdjusted': 55.35553400000002, 'bandwidthEst': 15016.944880497489, 'lastRequest': 46, 'RebufferTime': 20953, 'lastChunkFinishTime': 1657712693410, 'lastChunkStartTime': 1657712692587, 'lastChunkSize': 1961140}
INFO:__main__:{'nextChunkSize': [1433658, 889412, 598850, 391450, 255954, 112270], 'lastquality': 5, 'buffer': 59.903018, 'bufferAdjusted': 55.353018000000006, 'bandwidthEst': 14841.944235248051, 'lastRequest': 47, 'RebufferTime': 20953, 'lastChunkFinishTime': 1657712697501, 'lastChunkStartTime': 1657712696476, 'lastChunkSize': 2155012}
INFO:__main__:{'nextChunkSize': 0, 'lastquality': 5, 'buffer': 59.831942, 'bufferAdjusted': 55.281942, 'bandwidthEst': 15462.497353108633, 'lastRequest': 48, 'RebufferTime': 20953, 'lastChunkFinishTime': 1657712701182, 'lastChunkStartTime': 1657712700567, 'lastChunkSize': 1433658}
WARNING:tensorflow:From /newhome/Orca/orca_pensieve/pensieve/rl_server_no_training.py:224: The name tf.Session is deprecated. Please use tf.compat.v1.Session instead.

WARNING:tensorflow:From /newhome/Orca/orca_pensieve/pensieve/a3c.py:64: The name tf.variable_scope is deprecated. Please use tf.compat.v1.variable_scope instead.

WARNING:tensorflow:From /users/acardoza/venv/lib/python3.6/site-packages/tflearn/initializations.py:165: calling TruncatedNormal.__init__ (from tensorflow.python.ops.init_ops) with dtype is deprecated and will be removed in a future version.
Instructions for updating:
Call initializer instance with the dtype argument instead of passing it to the constructor
WARNING:tensorflow:From /users/acardoza/venv/lib/python3.6/site-packages/tflearn/initializations.py:110: calling UniformUnitScaling.__init__ (from tensorflow.python.ops.init_ops) with dtype is deprecated and will be removed in a future version.
Instructions for updating:
Call initializer instance with the dtype argument instead of passing it to the constructor
WARNING:tensorflow:From /users/acardoza/venv/lib/python3.6/site-packages/tensorflow/python/util/deprecation.py:507: UniformUnitScaling.__init__ (from tensorflow.python.ops.init_ops) is deprecated and will be removed in a future version.
Instructions for updating:
Use tf.initializers.variance_scaling instead with distribution=uniform to get equivalent behavior.
WARNING:tensorflow:From /newhome/Orca/orca_pensieve/pensieve/a3c.py:31: The name tf.get_collection is deprecated. Please use tf.compat.v1.get_collection instead.

WARNING:tensorflow:From /newhome/Orca/orca_pensieve/pensieve/a3c.py:31: The name tf.GraphKeys is deprecated. Please use tf.compat.v1.GraphKeys instead.

WARNING:tensorflow:From /newhome/Orca/orca_pensieve/pensieve/a3c.py:37: The name tf.placeholder is deprecated. Please use tf.compat.v1.placeholder instead.

WARNING:tensorflow:From /newhome/Orca/orca_pensieve/pensieve/a3c.py:51: calling reduce_sum_v1 (from tensorflow.python.ops.math_ops) with keep_dims is deprecated and will be removed in a future version.
Instructions for updating:
keep_dims is deprecated, use keepdims instead
WARNING:tensorflow:From /newhome/Orca/orca_pensieve/pensieve/a3c.py:60: The name tf.train.RMSPropOptimizer is deprecated. Please use tf.compat.v1.train.RMSPropOptimizer instead.

WARNING:tensorflow:From /users/acardoza/venv/lib/python3.6/site-packages/tensorflow/python/training/rmsprop.py:119: calling Ones.__init__ (from tensorflow.python.ops.init_ops) with dtype is deprecated and will be removed in a future version.
Instructions for updating:
Call initializer instance with the dtype argument instead of passing it to the constructor
WARNING:tensorflow:From /users/acardoza/venv/lib/python3.6/site-packages/tensorflow/python/util/tf_should_use.py:193: initialize_all_variables (from tensorflow.python.ops.variables) is deprecated and will be removed after 2017-03-02.
Instructions for updating:
Use `tf.global_variables_initializer` instead.
WARNING:tensorflow:From /newhome/Orca/orca_pensieve/pensieve/rl_server_no_training.py:234: The name tf.train.Saver is deprecated. Please use tf.compat.v1.train.Saver instead.

WARNING:tensorflow:From /users/acardoza/venv/lib/python3.6/site-packages/tensorflow/python/training/saver.py:1276: checkpoint_exists (from tensorflow.python.training.checkpoint_management) is deprecated and will be removed in a future version.
Instructions for updating:
Use standard file APIs to check for files with this prefix.
INFO:tensorflow:Restoring parameters from /newhome/Orca/orca_pensieve/pensieve/seperate_models/pensieve_6mbps_random_increase_big0.ckpt
INFO:__main__:Model restored.
DEBUG:__main__:trying to make request handler
DEBUG:__main__:making request handler
INFO:__main__:Listening on port 8333
INFO:__main__:{'nextChunkSize': [2123065, 1431809, 957685, 611087, 398865, 155580], 'lastquality': 1, 'buffer': 4, 'bufferAdjusted': -0.5499999999999998, 'bandwidthEst': 3559.549407114625, 'lastRequest': 0, 'RebufferTime': 1057, 'lastChunkFinishTime': 1657713204638, 'lastChunkStartTime': 1657713203626, 'lastChunkSize': 450283}
INFO:__main__:{'nextChunkSize': [2177073, 1300868, 877771, 571051, 350812, 139857], 'lastquality': 5, 'buffer': 4.419502, 'bufferAdjusted': -0.13049800000000067, 'bandwidthEst': 3742.272463709069, 'lastRequest': 1, 'RebufferTime': 2116, 'lastChunkFinishTime': 1657713209267, 'lastChunkStartTime': 1657713204781, 'lastChunkSize': 2123065}
INFO:__main__:{'nextChunkSize': [2160877, 1520281, 933276, 617681, 382355, 155432], 'lastquality': 5, 'buffer': 4.475189, 'bufferAdjusted': -0.07481099999999996, 'bandwidthEst': 935.6113998930769, 'lastRequest': 2, 'RebufferTime': 20323, 'lastChunkFinishTime': 1657713231419, 'lastChunkStartTime': 1657713209329, 'lastChunkSize': 2177073}
INFO:__main__:{'nextChunkSize': [2233056, 1472558, 996749, 652874, 411561, 163442], 'lastquality': 5, 'buffer': 4.4175499999999985, 'bufferAdjusted': -0.13245000000000173, 'bandwidthEst': 1056.8163261717116, 'lastRequest': 3, 'RebufferTime': 21640, 'lastChunkFinishTime': 1657713236794, 'lastChunkStartTime': 1657713231519, 'lastChunkSize': 2160877}
INFO:__main__:{'nextChunkSize': [1941625, 1224260, 801058, 520315, 318564, 126289], 'lastquality': 5, 'buffer': 4.764555999999999, 'bufferAdjusted': 0.2145559999999982, 'bandwidthEst': 1144.8480736779452, 'lastRequest': 4, 'RebufferTime': 21640, 'lastChunkFinishTime': 1657713240443, 'lastChunkStartTime': 1657713236902, 'lastChunkSize': 2233056}
INFO:__main__:{'nextChunkSize': [2157535, 1388403, 905515, 561791, 352642, 153295], 'lastquality': 5, 'buffer': 5.729787999999999, 'bufferAdjusted': 1.1797879999999985, 'bandwidthEst': 1195.5229252954418, 'lastRequest': 5, 'RebufferTime': 21640, 'lastChunkFinishTime': 1657713243479, 'lastChunkStartTime': 1657713240523, 'lastChunkSize': 1941625}
INFO:__main__:{'nextChunkSize': [2290172, 1638769, 1060487, 709534, 437162, 173849], 'lastquality': 5, 'buffer': 6.0467939999999984, 'bufferAdjusted': 1.4967939999999977, 'bandwidthEst': 1182.7396052198733, 'lastRequest': 6, 'RebufferTime': 21640, 'lastChunkFinishTime': 1657713247164, 'lastChunkStartTime': 1657713243637, 'lastChunkSize': 2157535}
INFO:__main__:{'nextChunkSize': [2055469, 1348011, 852833, 584846, 374758, 150710], 'lastquality': 5, 'buffer': 6.222271999999997, 'bufferAdjusted': 1.672271999999996, 'bandwidthEst': 4384.917036528779, 'lastRequest': 7, 'RebufferTime': 21640, 'lastChunkFinishTime': 1657713250986, 'lastChunkStartTime': 1657713247339, 'lastChunkSize': 2290172}
INFO:__main__:{'nextChunkSize': [2169201, 1429765, 913888, 560821, 362795, 139105], 'lastquality': 5, 'buffer': 6.794998999999997, 'bufferAdjusted': 2.2449989999999964, 'bandwidthEst': 5052.660924504846, 'lastRequest': 8, 'RebufferTime': 21640, 'lastChunkFinishTime': 1657713254411, 'lastChunkStartTime': 1657713251184, 'lastChunkSize': 2055469}
INFO:__main__:{'nextChunkSize': [2173522, 1354548, 939819, 607410, 353220, 141840], 'lastquality': 5, 'buffer': 7.348897999999998, 'bufferAdjusted': 2.7988979999999977, 'bandwidthEst': 5069.660110302246, 'lastRequest': 9, 'RebufferTime': 21640, 'lastChunkFinishTime': 1657713257855, 'lastChunkStartTime': 1657713254472, 'lastChunkSize': 2169201}
INFO:__main__:{'nextChunkSize': [2102452, 1519951, 917428, 594078, 405134, 156148], 'lastquality': 5, 'buffer': 7.664271999999997, 'bufferAdjusted': 3.114271999999996, 'bandwidthEst': 5021.601952415959, 'lastRequest': 10, 'RebufferTime': 21640, 'lastChunkFinishTime': 1657713261543, 'lastChunkStartTime': 1657713258053, 'lastChunkSize': 2173522}
INFO:__main__:{'nextChunkSize': [2209463, 1422919, 946851, 624282, 386351, 160746], 'lastquality': 5, 'buffer': 8.260635999999998, 'bufferAdjusted': 3.7106359999999974, 'bandwidthEst': 5059.916410429221, 'lastRequest': 11, 'RebufferTime': 21640, 'lastChunkFinishTime': 1657713264948, 'lastChunkStartTime': 1657713261636, 'lastChunkSize': 2102452}
INFO:__main__:{'nextChunkSize': [2275376, 1578343, 1036454, 687371, 434409, 179801], 'lastquality': 5, 'buffer': 8.535356, 'bufferAdjusted': 3.9853559999999995, 'bandwidthEst': 5048.438723750006, 'lastRequest': 12, 'RebufferTime': 21640, 'lastChunkFinishTime': 1657713268670, 'lastChunkStartTime': 1657713265113, 'lastChunkSize': 2209463}
INFO:__main__:{'nextChunkSize': [2005399, 1231445, 821631, 526950, 337059, 140051], 'lastquality': 5, 'buffer': 7.813901999999999, 'bufferAdjusted': 3.263901999999998, 'bandwidthEst': 4781.774411979025, 'lastRequest': 13, 'RebufferTime': 21640, 'lastChunkFinishTime': 1657713273394, 'lastChunkStartTime': 1657713268985, 'lastChunkSize': 2275376}
INFO:__main__:{'nextChunkSize': [2152483, 1471065, 923170, 587876, 366214, 138313], 'lastquality': 5, 'buffer': 7.463504, 'bufferAdjusted': 2.9135039999999996, 'bandwidthEst': 4543.624279370491, 'lastRequest': 14, 'RebufferTime': 21640, 'lastChunkFinishTime': 1657713277745, 'lastChunkStartTime': 1657713273756, 'lastChunkSize': 2005399}
INFO:__main__:{'nextChunkSize': [2289689, 1491626, 966699, 617242, 360831, 143509], 'lastquality': 5, 'buffer': 6.625681999999998, 'bufferAdjusted': 2.075681999999997, 'bandwidthEst': 4265.653617351231, 'lastRequest': 15, 'RebufferTime': 21640, 'lastChunkFinishTime': 1657713282583, 'lastChunkStartTime': 1657713277980, 'lastChunkSize': 2152483}
INFO:__main__:{'nextChunkSize': [2059512, 1358801, 885714, 581493, 372963, 150616], 'lastquality': 5, 'buffer': 4.992269, 'bufferAdjusted': 0.4422689999999996, 'bandwidthEst': 3992.936814423852, 'lastRequest': 16, 'RebufferTime': 21640, 'lastChunkFinishTime': 1657713288214, 'lastChunkStartTime': 1657713283120, 'lastChunkSize': 2289689}
INFO:__main__:{'nextChunkSize': [2220726, 1537156, 987708, 639204, 405596, 165384], 'lastquality': 5, 'buffer': 4.439622, 'bufferAdjusted': -0.11037800000000031, 'bandwidthEst': 3876.9308059909386, 'lastRequest': 17, 'RebufferTime': 21803, 'lastChunkFinishTime': 1657713292933, 'lastChunkStartTime': 1657713288842, 'lastChunkSize': 2059512}
INFO:__main__:{'nextChunkSize': [2156729, 1336050, 923755, 586839, 350713, 140881], 'lastquality': 5, 'buffer': 4.348517000000001, 'bufferAdjusted': -0.2014829999999992, 'bandwidthEst': 3469.284674241235, 'lastRequest': 18, 'RebufferTime': 25076, 'lastChunkFinishTime': 1657713300296, 'lastChunkStartTime': 1657713293876, 'lastChunkSize': 2220726}
INFO:__main__:{'nextChunkSize': [2039773, 1415116, 891604, 601738, 386472, 157671], 'lastquality': 5, 'buffer': 4.3668169999999975, 'bufferAdjusted': -0.18318300000000276, 'bandwidthEst': 3290.579443967886, 'lastRequest': 19, 'RebufferTime': 27441, 'lastChunkFinishTime': 1657713306643, 'lastChunkStartTime': 1657713300922, 'lastChunkSize': 2156729}
INFO:__main__:{'nextChunkSize': [2176469, 1468126, 955231, 616206, 399894, 157812], 'lastquality': 5, 'buffer': 4.455071000000004, 'bufferAdjusted': -0.09492899999999649, 'bandwidthEst': 3192.0694562646668, 'lastRequest': 20, 'RebufferTime': 29334, 'lastChunkFinishTime': 1657713312429, 'lastChunkStartTime': 1657713307218, 'lastChunkSize': 2039773}
INFO:__main__:{'nextChunkSize': [2221506, 1505760, 968026, 656471, 401853, 163927], 'lastquality': 5, 'buffer': 4.343767, 'bufferAdjusted': -0.20623300000000055, 'bandwidthEst': 3193.9447506432184, 'lastRequest': 21, 'RebufferTime': 30562, 'lastChunkFinishTime': 1657713317763, 'lastChunkStartTime': 1657713312978, 'lastChunkSize': 2176469}
INFO:__main__:{'nextChunkSize': [2044075, 1323990, 874175, 536667, 343800, 137654], 'lastquality': 5, 'buffer': 6.970855, 'bufferAdjusted': 2.4208549999999995, 'bandwidthEst': 3200.213945400063, 'lastRequest': 22, 'RebufferTime': 30562, 'lastChunkFinishTime': 1657713319136, 'lastChunkStartTime': 1657713318020, 'lastChunkSize': 2221506}
INFO:__main__:{'nextChunkSize': [2186790, 1383735, 897976, 587236, 359903, 146754], 'lastquality': 5, 'buffer': 9.903132, 'bufferAdjusted': 5.353131999999999, 'bandwidthEst': 3560.4215890457554, 'lastRequest': 23, 'RebufferTime': 30562, 'lastChunkFinishTime': 1657713320206, 'lastChunkStartTime': 1657713319215, 'lastChunkSize': 2044075}
INFO:__main__:{'nextChunkSize': [2105231, 1480464, 905935, 590335, 379700, 153938], 'lastquality': 5, 'buffer': 12.749464000000003, 'bufferAdjusted': 8.199464000000003, 'bandwidthEst': 4149.612172643199, 'lastRequest': 24, 'RebufferTime': 30562, 'lastChunkFinishTime': 1657713321359, 'lastChunkStartTime': 1657713320288, 'lastChunkSize': 2186790}
INFO:__main__:{'nextChunkSize': [2395588, 1547572, 1076599, 696376, 425781, 181901], 'lastquality': 5, 'buffer': 15.630662000000001, 'bufferAdjusted': 11.080662, 'bandwidthEst': 5715.387443592087, 'lastRequest': 25, 'RebufferTime': 30562, 'lastChunkFinishTime': 1657713322478, 'lastChunkStartTime': 1657713321444, 'lastChunkSize': 2105231}
INFO:__main__:{'nextChunkSize': [1972048, 1141971, 758197, 487160, 277716, 111155], 'lastquality': 5, 'buffer': 18.337808999999993, 'bufferAdjusted': 13.787808999999996, 'bandwidthEst': 16178.719188537534, 'lastRequest': 26, 'RebufferTime': 30562, 'lastChunkFinishTime': 1657713323769, 'lastChunkStartTime': 1657713322566, 'lastChunkSize': 2395588}
INFO:__main__:{'nextChunkSize': [2134614, 1498470, 972798, 622896, 400396, 153605], 'lastquality': 5, 'buffer': 21.265995000000004, 'bufferAdjusted': 16.715995000000007, 'bandwidthEst': 16252.421525029475, 'lastRequest': 27, 'RebufferTime': 30562, 'lastChunkFinishTime': 1657713324842, 'lastChunkStartTime': 1657713323873, 'lastChunkSize': 1972048}
INFO:__main__:{'nextChunkSize': [2164140, 1561263, 975811, 641447, 400508, 149029], 'lastquality': 5, 'buffer': 24.517590999999996, 'bufferAdjusted': 19.967591, 'bandwidthEst': 10752.520533890049, 'lastRequest': 28, 'RebufferTime': 30562, 'lastChunkFinishTime': 1657713327446, 'lastChunkStartTime': 1657713324945, 'lastChunkSize': 2134614}
INFO:__main__:{'nextChunkSize': [2113193, 1341201, 873429, 570392, 358218, 157421], 'lastquality': 5, 'buffer': 27.409678, 'bufferAdjusted': 22.859678000000002, 'bandwidthEst': 10750.896688079001, 'lastRequest': 29, 'RebufferTime': 30562, 'lastChunkFinishTime': 1657713328552, 'lastChunkStartTime': 1657713327501, 'lastChunkSize': 2164140}
INFO:__main__:{'nextChunkSize': [2147852, 1497683, 954453, 620283, 400322, 157488], 'lastquality': 5, 'buffer': 30.255155000000002, 'bufferAdjusted': 25.705155000000005, 'bandwidthEst': 10749.874815917454, 'lastRequest': 30, 'RebufferTime': 30562, 'lastChunkFinishTime': 1657713329707, 'lastChunkStartTime': 1657713328663, 'lastChunkSize': 2113193}
INFO:__main__:{'nextChunkSize': [2191074, 1358081, 885062, 584349, 369834, 143881], 'lastquality': 5, 'buffer': 33.09636000000002, 'bufferAdjusted': 28.54636000000002, 'bandwidthEst': 10702.239203883008, 'lastRequest': 31, 'RebufferTime': 30562, 'lastChunkFinishTime': 1657713330865, 'lastChunkStartTime': 1657713329820, 'lastChunkSize': 2147852}
INFO:__main__:{'nextChunkSize': [2286761, 1587293, 1035329, 670129, 412837, 163444], 'lastquality': 5, 'buffer': 35.940173000000016, 'bufferAdjusted': 31.39017300000002, 'bandwidthEst': 10777.19361493312, 'lastRequest': 32, 'RebufferTime': 30562, 'lastChunkFinishTime': 1657713332022, 'lastChunkStartTime': 1657713330978, 'lastChunkSize': 2191074}
INFO:__main__:{'nextChunkSize': [2307787, 1492672, 1026056, 690253, 401088, 179328], 'lastquality': 5, 'buffer': 38.73106900000002, 'bufferAdjusted': 34.18106900000002, 'bandwidthEst': 16517.100184485647, 'lastRequest': 33, 'RebufferTime': 30562, 'lastChunkFinishTime': 1657713333231, 'lastChunkStartTime': 1657713332135, 'lastChunkSize': 2286761}
INFO:__main__:{'nextChunkSize': [2143948, 1439896, 943942, 598727, 365161, 159914], 'lastquality': 5, 'buffer': 41.388486000000015, 'bufferAdjusted': 36.83848600000002, 'bandwidthEst': 16149.58959804214, 'lastRequest': 34, 'RebufferTime': 30562, 'lastChunkFinishTime': 1657713334573, 'lastChunkStartTime': 1657713333340, 'lastChunkSize': 2307787}
INFO:__main__:{'nextChunkSize': [1919781, 1139291, 728962, 487812, 321064, 131610], 'lastquality': 5, 'buffer': 44.305925000000016, 'bufferAdjusted': 39.75592500000002, 'bandwidthEst': 16245.136577397472, 'lastRequest': 35, 'RebufferTime': 30562, 'lastChunkFinishTime': 1657713335657, 'lastChunkStartTime': 1657713334631, 'lastChunkSize': 2143948}
INFO:__main__:{'nextChunkSize': [2147467, 1499009, 938587, 575591, 361565, 124011], 'lastquality': 5, 'buffer': 47.25046800000001, 'bufferAdjusted': 42.700468000000015, 'bandwidthEst': 16223.280729496972, 'lastRequest': 36, 'RebufferTime': 30562, 'lastChunkFinishTime': 1657713336713, 'lastChunkStartTime': 1657713335773, 'lastChunkSize': 1919781}
INFO:__main__:{'nextChunkSize': [2133870, 1427478, 908665, 605884, 378327, 144254], 'lastquality': 5, 'buffer': 50.085583000000014, 'bufferAdjusted': 45.53558300000002, 'bandwidthEst': 16146.636370935446, 'lastRequest': 37, 'RebufferTime': 30562, 'lastChunkFinishTime': 1657713337878, 'lastChunkStartTime': 1657713336829, 'lastChunkSize': 2147467}
INFO:__main__:{'nextChunkSize': [2146120, 1402287, 930577, 587506, 390680, 149991], 'lastquality': 5, 'buffer': 52.94994100000001, 'bufferAdjusted': 48.39994100000001, 'bandwidthEst': 16135.653028067532, 'lastRequest': 38, 'RebufferTime': 30562, 'lastChunkFinishTime': 1657713339013, 'lastChunkStartTime': 1657713337989, 'lastChunkSize': 2133870}
INFO:__main__:{'nextChunkSize': [2108491, 1339500, 858450, 566904, 345516, 147968], 'lastquality': 5, 'buffer': 55.81645200000001, 'bufferAdjusted': 51.266452000000015, 'bandwidthEst': 16578.295807752376, 'lastRequest': 39, 'RebufferTime': 30562, 'lastChunkFinishTime': 1657713340147, 'lastChunkStartTime': 1657713339124, 'lastChunkSize': 2146120}
INFO:__main__:{'nextChunkSize': [2184571, 1527299, 1025005, 641452, 384505, 161857], 'lastquality': 5, 'buffer': 58.72310500000002, 'bufferAdjusted': 54.17310500000002, 'bandwidthEst': 16641.764448878796, 'lastRequest': 40, 'RebufferTime': 30562, 'lastChunkFinishTime': 1657713341238, 'lastChunkStartTime': 1657713340249, 'lastChunkSize': 2108491}
INFO:__main__:{'nextChunkSize': [2121928, 1343002, 886255, 599477, 372093, 145210], 'lastquality': 5, 'buffer': 59.80099000000001, 'bufferAdjusted': 55.250990000000016, 'bandwidthEst': 16786.044954506157, 'lastRequest': 41, 'RebufferTime': 30562, 'lastChunkFinishTime': 1657713342364, 'lastChunkStartTime': 1657713341341, 'lastChunkSize': 2184571}
INFO:__main__:{'nextChunkSize': [2219102, 1587250, 973972, 634861, 438281, 172312], 'lastquality': 5, 'buffer': 59.54831200000001, 'bufferAdjusted': 54.99831200000001, 'bandwidthEst': 16364.865461894868, 'lastRequest': 42, 'RebufferTime': 30562, 'lastChunkFinishTime': 1657713345578, 'lastChunkStartTime': 1657713344426, 'lastChunkSize': 2121928}
INFO:__main__:{'nextChunkSize': [2124950, 1464921, 958994, 630203, 398987, 167025], 'lastquality': 5, 'buffer': 59.54578600000001, 'bufferAdjusted': 54.99578600000001, 'bandwidthEst': 16616.82872019983, 'lastRequest': 43, 'RebufferTime': 30562, 'lastChunkFinishTime': 1657713349612, 'lastChunkStartTime': 1657713348635, 'lastChunkSize': 2219102}
INFO:__main__:{'nextChunkSize': [2246506, 1483527, 982064, 638661, 393804, 160064], 'lastquality': 5, 'buffer': 59.54294100000001, 'bufferAdjusted': 54.992941000000016, 'bandwidthEst': 16875.626104363455, 'lastRequest': 44, 'RebufferTime': 30562, 'lastChunkFinishTime': 1657713353590, 'lastChunkStartTime': 1657713352664, 'lastChunkSize': 2124950}
INFO:__main__:{'nextChunkSize': [1961140, 1231456, 830730, 538612, 331053, 137507], 'lastquality': 5, 'buffer': 59.54035000000002, 'bufferAdjusted': 54.99035000000002, 'bandwidthEst': 17101.838261396602, 'lastRequest': 45, 'RebufferTime': 30562, 'lastChunkFinishTime': 1657713357633, 'lastChunkStartTime': 1657713356652, 'lastChunkSize': 2246506}
INFO:__main__:{'nextChunkSize': [2155012, 1364537, 846370, 550906, 314107, 118421], 'lastquality': 5, 'buffer': 59.53793400000001, 'bufferAdjusted': 54.98793400000001, 'bandwidthEst': 17339.545737201268, 'lastRequest': 46, 'RebufferTime': 30562, 'lastChunkFinishTime': 1657713361539, 'lastChunkStartTime': 1657713360693, 'lastChunkSize': 1961140}
INFO:__main__:{'nextChunkSize': [1433658, 889412, 598850, 391450, 255954, 112270], 'lastquality': 5, 'buffer': 59.53539700000002, 'bufferAdjusted': 54.98539700000002, 'bandwidthEst': 18340.510455352174, 'lastRequest': 47, 'RebufferTime': 30562, 'lastChunkFinishTime': 1657713365538, 'lastChunkStartTime': 1657713364598, 'lastChunkSize': 2155012}
INFO:__main__:{'nextChunkSize': 0, 'lastquality': 5, 'buffer': 59.964620999999994, 'bufferAdjusted': 55.414621, 'bandwidthEst': 18297.996392041245, 'lastRequest': 48, 'RebufferTime': 30562, 'lastChunkFinishTime': 1657713369241, 'lastChunkStartTime': 1657713368597, 'lastChunkSize': 1433658}
WARNING:tensorflow:From /newhome/Orca/orca_pensieve/pensieve/rl_server_no_training.py:224: The name tf.Session is deprecated. Please use tf.compat.v1.Session instead.

WARNING:tensorflow:From /newhome/Orca/orca_pensieve/pensieve/a3c.py:64: The name tf.variable_scope is deprecated. Please use tf.compat.v1.variable_scope instead.

WARNING:tensorflow:From /users/acardoza/venv/lib/python3.6/site-packages/tflearn/initializations.py:165: calling TruncatedNormal.__init__ (from tensorflow.python.ops.init_ops) with dtype is deprecated and will be removed in a future version.
Instructions for updating:
Call initializer instance with the dtype argument instead of passing it to the constructor
WARNING:tensorflow:From /users/acardoza/venv/lib/python3.6/site-packages/tflearn/initializations.py:110: calling UniformUnitScaling.__init__ (from tensorflow.python.ops.init_ops) with dtype is deprecated and will be removed in a future version.
Instructions for updating:
Call initializer instance with the dtype argument instead of passing it to the constructor
WARNING:tensorflow:From /users/acardoza/venv/lib/python3.6/site-packages/tensorflow/python/util/deprecation.py:507: UniformUnitScaling.__init__ (from tensorflow.python.ops.init_ops) is deprecated and will be removed in a future version.
Instructions for updating:
Use tf.initializers.variance_scaling instead with distribution=uniform to get equivalent behavior.
WARNING:tensorflow:From /newhome/Orca/orca_pensieve/pensieve/a3c.py:31: The name tf.get_collection is deprecated. Please use tf.compat.v1.get_collection instead.

WARNING:tensorflow:From /newhome/Orca/orca_pensieve/pensieve/a3c.py:31: The name tf.GraphKeys is deprecated. Please use tf.compat.v1.GraphKeys instead.

WARNING:tensorflow:From /newhome/Orca/orca_pensieve/pensieve/a3c.py:37: The name tf.placeholder is deprecated. Please use tf.compat.v1.placeholder instead.

WARNING:tensorflow:From /newhome/Orca/orca_pensieve/pensieve/a3c.py:51: calling reduce_sum_v1 (from tensorflow.python.ops.math_ops) with keep_dims is deprecated and will be removed in a future version.
Instructions for updating:
keep_dims is deprecated, use keepdims instead
WARNING:tensorflow:From /newhome/Orca/orca_pensieve/pensieve/a3c.py:60: The name tf.train.RMSPropOptimizer is deprecated. Please use tf.compat.v1.train.RMSPropOptimizer instead.

WARNING:tensorflow:From /users/acardoza/venv/lib/python3.6/site-packages/tensorflow/python/training/rmsprop.py:119: calling Ones.__init__ (from tensorflow.python.ops.init_ops) with dtype is deprecated and will be removed in a future version.
Instructions for updating:
Call initializer instance with the dtype argument instead of passing it to the constructor
WARNING:tensorflow:From /users/acardoza/venv/lib/python3.6/site-packages/tensorflow/python/util/tf_should_use.py:193: initialize_all_variables (from tensorflow.python.ops.variables) is deprecated and will be removed after 2017-03-02.
Instructions for updating:
Use `tf.global_variables_initializer` instead.
WARNING:tensorflow:From /newhome/Orca/orca_pensieve/pensieve/rl_server_no_training.py:234: The name tf.train.Saver is deprecated. Please use tf.compat.v1.train.Saver instead.

WARNING:tensorflow:From /users/acardoza/venv/lib/python3.6/site-packages/tensorflow/python/training/saver.py:1276: checkpoint_exists (from tensorflow.python.training.checkpoint_management) is deprecated and will be removed in a future version.
Instructions for updating:
Use standard file APIs to check for files with this prefix.
INFO:tensorflow:Restoring parameters from /newhome/Orca/orca_pensieve/pensieve/seperate_models/pensieve_6mbps_random_increase_big0.ckpt
INFO:__main__:Model restored.
DEBUG:__main__:trying to make request handler
DEBUG:__main__:making request handler
INFO:__main__:Listening on port 8333
INFO:__main__:{'nextChunkSize': [2123065, 1431809, 957685, 611087, 398865, 155580], 'lastquality': 1, 'buffer': 4, 'bufferAdjusted': -0.5499999999999998, 'bandwidthEst': 3360.320895522387, 'lastRequest': 0, 'RebufferTime': 1117, 'lastChunkFinishTime': 1657713676918, 'lastChunkStartTime': 1657713675846, 'lastChunkSize': 450283}
INFO:__main__:{'nextChunkSize': [2177073, 1300868, 877771, 571051, 350812, 139857], 'lastquality': 5, 'buffer': 4.424044, 'bufferAdjusted': -0.12595599999999996, 'bandwidthEst': 3184.00131377804, 'lastRequest': 1, 'RebufferTime': 3079, 'lastChunkFinishTime': 1657713682447, 'lastChunkStartTime': 1657713677057, 'lastChunkSize': 2123065}
INFO:__main__:{'nextChunkSize': [2160877, 1520281, 933276, 617681, 382355, 155432], 'lastquality': 5, 'buffer': 4.381692, 'bufferAdjusted': -0.16830800000000012, 'bandwidthEst': 915.0705711871485, 'lastRequest': 2, 'RebufferTime': 21980, 'lastChunkFinishTime': 1657713705388, 'lastChunkStartTime': 1657713682522, 'lastChunkSize': 2177073}
INFO:__main__:{'nextChunkSize': [2233056, 1472558, 996749, 652874, 411561, 163442], 'lastquality': 5, 'buffer': 4.339403999999998, 'bufferAdjusted': -0.210596000000002, 'bandwidthEst': 1009.4338538933474, 'lastRequest': 3, 'RebufferTime': 21980, 'lastChunkFinishTime': 1657713709424, 'lastChunkStartTime': 1657713705501, 'lastChunkSize': 2160877}
INFO:__main__:{'nextChunkSize': [1941625, 1224260, 801058, 520315, 318564, 126289], 'lastquality': 5, 'buffer': 4.473176999999998, 'bufferAdjusted': -0.0768230000000023, 'bandwidthEst': 1097.203532085752, 'lastRequest': 4, 'RebufferTime': 21980, 'lastChunkFinishTime': 1657713713299, 'lastChunkStartTime': 1657713709540, 'lastChunkSize': 2233056}
INFO:__main__:{'nextChunkSize': [2157535, 1388403, 905515, 561791, 352642, 153295], 'lastquality': 5, 'buffer': 5.183107, 'bufferAdjusted': 0.633106999999999, 'bandwidthEst': 1148.8740501965638, 'lastRequest': 5, 'RebufferTime': 21980, 'lastChunkFinishTime': 1657713716589, 'lastChunkStartTime': 1657713713378, 'lastChunkSize': 1941625}
INFO:__main__:{'nextChunkSize': [2290172, 1638769, 1060487, 709534, 437162, 173849], 'lastquality': 5, 'buffer': 5.548226, 'bufferAdjusted': 0.998225999999999, 'bandwidthEst': 1125.7837826666305, 'lastRequest': 6, 'RebufferTime': 21980, 'lastChunkFinishTime': 1657713720220, 'lastChunkStartTime': 1657713716763, 'lastChunkSize': 2157535}
INFO:__main__:{'nextChunkSize': [2055469, 1348011, 852833, 584846, 374758, 150710], 'lastquality': 5, 'buffer': 5.804548999999998, 'bufferAdjusted': 1.2545489999999972, 'bandwidthEst': 4794.068626781466, 'lastRequest': 7, 'RebufferTime': 21980, 'lastChunkFinishTime': 1657713723968, 'lastChunkStartTime': 1657713720371, 'lastChunkSize': 2290172}
INFO:__main__:{'nextChunkSize': [2169201, 1429765, 913888, 560821, 362795, 139105], 'lastquality': 5, 'buffer': 6.614774999999998, 'bufferAdjusted': 2.0647749999999974, 'bandwidthEst': 4972.683133848771, 'lastRequest': 8, 'RebufferTime': 21980, 'lastChunkFinishTime': 1657713727160, 'lastChunkStartTime': 1657713724027, 'lastChunkSize': 2055469}
INFO:__main__:{'nextChunkSize': [2173522, 1354548, 939819, 607410, 353220, 141840], 'lastquality': 5, 'buffer': 7.314678999999998, 'bufferAdjusted': 2.7646789999999974, 'bandwidthEst': 5097.0950417151535, 'lastRequest': 9, 'RebufferTime': 21980, 'lastChunkFinishTime': 1657713730456, 'lastChunkStartTime': 1657713727216, 'lastChunkSize': 2169201}
INFO:__main__:{'nextChunkSize': [2102452, 1519951, 917428, 594078, 405134, 156148], 'lastquality': 5, 'buffer': 7.849468000000002, 'bufferAdjusted': 3.299468000000001, 'bandwidthEst': 5172.42734558165, 'lastRequest': 10, 'RebufferTime': 21980, 'lastChunkFinishTime': 1657713733921, 'lastChunkStartTime': 1657713730583, 'lastChunkSize': 2173522}
INFO:__main__:{'nextChunkSize': [2209463, 1422919, 946851, 624282, 386351, 160746], 'lastquality': 5, 'buffer': 8.431275, 'bufferAdjusted': 3.8812749999999987, 'bandwidthEst': 5176.315691489288, 'lastRequest': 11, 'RebufferTime': 21980, 'lastChunkFinishTime': 1657713737342, 'lastChunkStartTime': 1657713733982, 'lastChunkSize': 2102452}
INFO:__main__:{'nextChunkSize': [2275376, 1578343, 1036454, 687371, 434409, 179801], 'lastquality': 5, 'buffer': 8.701394, 'bufferAdjusted': 4.151394, 'bandwidthEst': 5159.105741662341, 'lastRequest': 12, 'RebufferTime': 21980, 'lastChunkFinishTime': 1657713741070, 'lastChunkStartTime': 1657713737545, 'lastChunkSize': 2209463}
INFO:__main__:{'nextChunkSize': [2005399, 1231445, 821631, 526950, 337059, 140051], 'lastquality': 5, 'buffer': 9.012450999999999, 'bufferAdjusted': 4.462450999999998, 'bandwidthEst': 5138.51816270442, 'lastRequest': 13, 'RebufferTime': 21980, 'lastChunkFinishTime': 1657713744757, 'lastChunkStartTime': 1657713741214, 'lastChunkSize': 2275376}
INFO:__main__:{'nextChunkSize': [2152483, 1471065, 923170, 587876, 366214, 138313], 'lastquality': 5, 'buffer': 9.879883999999997, 'bufferAdjusted': 5.329883999999996, 'bandwidthEst': 5129.636797334983, 'lastRequest': 14, 'RebufferTime': 21980, 'lastChunkFinishTime': 1657713747890, 'lastChunkStartTime': 1657713744874, 'lastChunkSize': 2005399}
INFO:__main__:{'nextChunkSize': [2289689, 1491626, 966699, 617242, 360831, 143509], 'lastquality': 5, 'buffer': 10.434689999999996, 'bufferAdjusted': 5.8846899999999955, 'bandwidthEst': 5142.931056383167, 'lastRequest': 15, 'RebufferTime': 21980, 'lastChunkFinishTime': 1657713751339, 'lastChunkStartTime': 1657713748079, 'lastChunkSize': 2152483}
INFO:__main__:{'nextChunkSize': [2059512, 1358801, 885714, 581493, 372963, 150616], 'lastquality': 5, 'buffer': 10.805053999999998, 'bufferAdjusted': 6.255053999999998, 'bandwidthEst': 5199.603992286808, 'lastRequest': 16, 'RebufferTime': 21980, 'lastChunkFinishTime': 1657713754967, 'lastChunkStartTime': 1657713751499, 'lastChunkSize': 2289689}
INFO:__main__:{'nextChunkSize': [2220726, 1537156, 987708, 639204, 405596, 165384], 'lastquality': 5, 'buffer': 11.51784, 'bufferAdjusted': 6.967839999999999, 'bandwidthEst': 5268.974417817206, 'lastRequest': 17, 'RebufferTime': 21980, 'lastChunkFinishTime': 1657713758252, 'lastChunkStartTime': 1657713755171, 'lastChunkSize': 2059512}
INFO:__main__:{'nextChunkSize': [2156729, 1336050, 923755, 586839, 350713, 140881], 'lastquality': 5, 'buffer': 11.951464000000001, 'bufferAdjusted': 7.401464000000001, 'bandwidthEst': 5298.506898554042, 'lastRequest': 18, 'RebufferTime': 21980, 'lastChunkFinishTime': 1657713761820, 'lastChunkStartTime': 1657713758448, 'lastChunkSize': 2220726}
INFO:__main__:{'nextChunkSize': [2039773, 1415116, 891604, 601738, 386472, 157671], 'lastquality': 5, 'buffer': 12.168122999999994, 'bufferAdjusted': 7.6181229999999935, 'bandwidthEst': 5202.827858985035, 'lastRequest': 19, 'RebufferTime': 21980, 'lastChunkFinishTime': 1657713765602, 'lastChunkStartTime': 1657713762073, 'lastChunkSize': 2156729}
INFO:__main__:{'nextChunkSize': [2176469, 1468126, 955231, 616206, 399894, 157812], 'lastquality': 5, 'buffer': 13.050275, 'bufferAdjusted': 8.500274999999998, 'bandwidthEst': 5209.997126223084, 'lastRequest': 20, 'RebufferTime': 21980, 'lastChunkFinishTime': 1657713768726, 'lastChunkStartTime': 1657713765663, 'lastChunkSize': 2039773}
INFO:__main__:{'nextChunkSize': [2221506, 1505760, 968026, 656471, 401853, 163927], 'lastquality': 5, 'buffer': 13.482478999999998, 'bufferAdjusted': 8.932478999999997, 'bandwidthEst': 5190.293228407392, 'lastRequest': 21, 'RebufferTime': 21980, 'lastChunkFinishTime': 1657713772290, 'lastChunkStartTime': 1657713768933, 'lastChunkSize': 2176469}
INFO:__main__:{'nextChunkSize': [2044075, 1323990, 874175, 536667, 343800, 137654], 'lastquality': 5, 'buffer': 13.746751000000003, 'bufferAdjusted': 9.196751000000003, 'bandwidthEst': 5137.014080238058, 'lastRequest': 22, 'RebufferTime': 21980, 'lastChunkFinishTime': 1657713776024, 'lastChunkStartTime': 1657713772518, 'lastChunkSize': 2221506}
INFO:__main__:{'nextChunkSize': [2186790, 1383735, 897976, 587236, 359903, 146754], 'lastquality': 5, 'buffer': 14.602572999999992, 'bufferAdjusted': 10.052572999999992, 'bandwidthEst': 5140.14699300327, 'lastRequest': 23, 'RebufferTime': 21980, 'lastChunkFinishTime': 1657713779169, 'lastChunkStartTime': 1657713776083, 'lastChunkSize': 2044075}
INFO:__main__:{'nextChunkSize': [2105231, 1480464, 905935, 590335, 379700, 153938], 'lastquality': 5, 'buffer': 14.992558000000002, 'bufferAdjusted': 10.442558000000002, 'bandwidthEst': 5208.279810503058, 'lastRequest': 24, 'RebufferTime': 21980, 'lastChunkFinishTime': 1657713782777, 'lastChunkStartTime': 1657713779407, 'lastChunkSize': 2186790}
INFO:__main__:{'nextChunkSize': [2395588, 1547572, 1076599, 696376, 425781, 181901], 'lastquality': 5, 'buffer': 15.506366, 'bufferAdjusted': 10.956366, 'bandwidthEst': 5169.741344363409, 'lastRequest': 25, 'RebufferTime': 21980, 'lastChunkFinishTime': 1657713786264, 'lastChunkStartTime': 1657713782976, 'lastChunkSize': 2105231}
INFO:__main__:{'nextChunkSize': [1972048, 1141971, 758197, 487160, 277716, 111155], 'lastquality': 5, 'buffer': 15.731129999999993, 'bufferAdjusted': 11.181129999999992, 'bandwidthEst': 5210.989737244605, 'lastRequest': 26, 'RebufferTime': 21980, 'lastChunkFinishTime': 1657713790039, 'lastChunkStartTime': 1657713786482, 'lastChunkSize': 2395588}
INFO:__main__:{'nextChunkSize': [2134614, 1498470, 972798, 622896, 400396, 153605], 'lastquality': 5, 'buffer': 18.799902000000003, 'bufferAdjusted': 14.249902000000006, 'bandwidthEst': 5490.540727891954, 'lastRequest': 27, 'RebufferTime': 21980, 'lastChunkFinishTime': 1657713790976, 'lastChunkStartTime': 1657713790097, 'lastChunkSize': 1972048}
INFO:__main__:{'nextChunkSize': [2164140, 1561263, 975811, 641447, 400508, 149029], 'lastquality': 5, 'buffer': 21.815686, 'bufferAdjusted': 17.265686000000002, 'bandwidthEst': 5862.812452038338, 'lastRequest': 28, 'RebufferTime': 21980, 'lastChunkFinishTime': 1657713791959, 'lastChunkStartTime': 1657713791029, 'lastChunkSize': 2134614}
INFO:__main__:{'nextChunkSize': [2113193, 1341201, 873429, 570392, 358218, 157421], 'lastquality': 5, 'buffer': 24.810920999999993, 'bufferAdjusted': 20.260920999999996, 'bandwidthEst': 6605.933417896206, 'lastRequest': 29, 'RebufferTime': 21980, 'lastChunkFinishTime': 1657713792964, 'lastChunkStartTime': 1657713792014, 'lastChunkSize': 2164140}
INFO:__main__:{'nextChunkSize': [2147852, 1497683, 954453, 620283, 400322, 157488], 'lastquality': 5, 'buffer': 27.832367000000005, 'bufferAdjusted': 23.282367000000008, 'bandwidthEst': 8394.317975792399, 'lastRequest': 30, 'RebufferTime': 21980, 'lastChunkFinishTime': 1657713793939, 'lastChunkStartTime': 1657713793020, 'lastChunkSize': 2113193}
INFO:__main__:{'nextChunkSize': [2191074, 1358081, 885062, 584349, 369834, 143881], 'lastquality': 5, 'buffer': 30.832183000000015, 'bufferAdjusted': 26.282183000000018, 'bandwidthEst': 18223.77700216793, 'lastRequest': 31, 'RebufferTime': 21980, 'lastChunkFinishTime': 1657713794942, 'lastChunkStartTime': 1657713793997, 'lastChunkSize': 2147852}
INFO:__main__:{'nextChunkSize': [2286761, 1587293, 1035329, 670129, 412837, 163444], 'lastquality': 5, 'buffer': 33.80353000000001, 'bufferAdjusted': 29.253530000000012, 'bandwidthEst': 18263.894289383625, 'lastRequest': 32, 'RebufferTime': 21980, 'lastChunkFinishTime': 1657713795971, 'lastChunkStartTime': 1657713795006, 'lastChunkSize': 2191074}
INFO:__main__:{'nextChunkSize': [2307787, 1492672, 1026056, 690253, 401088, 179328], 'lastquality': 5, 'buffer': 36.726613000000015, 'bufferAdjusted': 32.17661300000002, 'bandwidthEst': 18216.78020429697, 'lastRequest': 33, 'RebufferTime': 21980, 'lastChunkFinishTime': 1657713797046, 'lastChunkStartTime': 1657713796037, 'lastChunkSize': 2286761}
INFO:__main__:{'nextChunkSize': [2143948, 1439896, 943942, 598727, 365161, 159914], 'lastquality': 5, 'buffer': 39.63251300000002, 'bufferAdjusted': 35.08251300000002, 'bandwidthEst': 18183.152117249985, 'lastRequest': 34, 'RebufferTime': 21980, 'lastChunkFinishTime': 1657713798139, 'lastChunkStartTime': 1657713797117, 'lastChunkSize': 2307787}
INFO:__main__:{'nextChunkSize': [1919781, 1139291, 728962, 487812, 321064, 131610], 'lastquality': 5, 'buffer': 42.61707200000001, 'bufferAdjusted': 38.06707200000001, 'bandwidthEst': 18129.891591500374, 'lastRequest': 35, 'RebufferTime': 21980, 'lastChunkFinishTime': 1657713799158, 'lastChunkStartTime': 1657713798211, 'lastChunkSize': 2143948}
INFO:__main__:{'nextChunkSize': [2147467, 1499009, 938587, 575591, 361565, 124011], 'lastquality': 5, 'buffer': 45.70883100000002, 'bufferAdjusted': 41.15883100000002, 'bandwidthEst': 18172.255213966437, 'lastRequest': 36, 'RebufferTime': 21980, 'lastChunkFinishTime': 1657713800065, 'lastChunkStartTime': 1657713799232, 'lastChunkSize': 1919781}
INFO:__main__:{'nextChunkSize': [2133870, 1427478, 908665, 605884, 378327, 144254], 'lastquality': 5, 'buffer': 48.742489000000006, 'bufferAdjusted': 44.19248900000001, 'bandwidthEst': 18391.817470062684, 'lastRequest': 37, 'RebufferTime': 21980, 'lastChunkFinishTime': 1657713801031, 'lastChunkStartTime': 1657713800145, 'lastChunkSize': 2147467}
INFO:__main__:{'nextChunkSize': [2146120, 1402287, 930577, 587506, 390680, 149991], 'lastquality': 5, 'buffer': 51.73985600000002, 'bufferAdjusted': 47.18985600000002, 'bandwidthEst': 18381.491370382904, 'lastRequest': 38, 'RebufferTime': 21980, 'lastChunkFinishTime': 1657713802032, 'lastChunkStartTime': 1657713801087, 'lastChunkSize': 2133870}
INFO:__main__:{'nextChunkSize': [2108491, 1339500, 858450, 566904, 345516, 147968], 'lastquality': 5, 'buffer': 54.707890000000006, 'bufferAdjusted': 50.15789000000001, 'bandwidthEst': 18392.413915502726, 'lastRequest': 39, 'RebufferTime': 21980, 'lastChunkFinishTime': 1657713803067, 'lastChunkStartTime': 1657713802118, 'lastChunkSize': 2146120}
INFO:__main__:{'nextChunkSize': [2184571, 1527299, 1025005, 641452, 384505, 161857], 'lastquality': 5, 'buffer': 57.687089000000014, 'bufferAdjusted': 53.13708900000002, 'bandwidthEst': 18394.808948340982, 'lastRequest': 40, 'RebufferTime': 21980, 'lastChunkFinishTime': 1657713804086, 'lastChunkStartTime': 1657713803155, 'lastChunkSize': 2108491}
INFO:__main__:{'nextChunkSize': [2121928, 1343002, 886255, 599477, 372093, 145210], 'lastquality': 5, 'buffer': 59.70679000000001, 'bufferAdjusted': 55.156790000000015, 'bandwidthEst': 18299.68552932032, 'lastRequest': 41, 'RebufferTime': 21980, 'lastChunkFinishTime': 1657713805150, 'lastChunkStartTime': 1657713804178, 'lastChunkSize': 2184571}
INFO:__main__:{'nextChunkSize': [2219102, 1587250, 973972, 634861, 438281, 172312], 'lastquality': 5, 'buffer': 59.70452900000001, 'bufferAdjusted': 55.15452900000001, 'bandwidthEst': 17840.973111370033, 'lastRequest': 42, 'RebufferTime': 21980, 'lastChunkFinishTime': 1657713807207, 'lastChunkStartTime': 1657713806211, 'lastChunkSize': 2121928}
INFO:__main__:{'nextChunkSize': [2124950, 1464921, 958994, 630203, 398987, 167025], 'lastquality': 5, 'buffer': 59.70229600000002, 'bufferAdjusted': 55.15229600000002, 'bandwidthEst': 16556.500554847044, 'lastRequest': 43, 'RebufferTime': 21980, 'lastChunkFinishTime': 1657713811607, 'lastChunkStartTime': 1657713810314, 'lastChunkSize': 2219102}
INFO:__main__:{'nextChunkSize': [2246506, 1483527, 982064, 638661, 393804, 160064], 'lastquality': 5, 'buffer': 59.949945000000014, 'bufferAdjusted': 55.39994500000002, 'bandwidthEst': 15549.85016143906, 'lastRequest': 44, 'RebufferTime': 21980, 'lastChunkFinishTime': 1657713815457, 'lastChunkStartTime': 1657713814207, 'lastChunkSize': 2124950}
INFO:__main__:{'nextChunkSize': [1961140, 1231456, 830730, 538612, 331053, 137507], 'lastquality': 5, 'buffer': 59.94769000000001, 'bufferAdjusted': 55.39769000000001, 'bandwidthEst': 14694.603214904937, 'lastRequest': 45, 'RebufferTime': 21980, 'lastChunkFinishTime': 1657713819355, 'lastChunkStartTime': 1657713818019, 'lastChunkSize': 2246506}
INFO:__main__:{'nextChunkSize': [2155012, 1364537, 846370, 550906, 314107, 118421], 'lastquality': 5, 'buffer': 59.94484700000001, 'bufferAdjusted': 55.39484700000001, 'bandwidthEst': 14366.259974312212, 'lastRequest': 46, 'RebufferTime': 21980, 'lastChunkFinishTime': 1657713822936, 'lastChunkStartTime': 1657713821913, 'lastChunkSize': 1961140}
INFO:__main__:{'nextChunkSize': [1433658, 889412, 598850, 391450, 255954, 112270], 'lastquality': 5, 'buffer': 59.942137, 'bufferAdjusted': 55.392137000000005, 'bandwidthEst': 14462.917551009215, 'lastRequest': 47, 'RebufferTime': 21980, 'lastChunkFinishTime': 1657713826954, 'lastChunkStartTime': 1657713826000, 'lastChunkSize': 2155012}
INFO:__main__:{'nextChunkSize': 0, 'lastquality': 5, 'buffer': 59.871081000000004, 'bufferAdjusted': 55.32108100000001, 'bandwidthEst': 15063.621702502312, 'lastRequest': 48, 'RebufferTime': 21980, 'lastChunkFinishTime': 1657713830635, 'lastChunkStartTime': 1657713830019, 'lastChunkSize': 1433658}
