WARNING:tensorflow:From /newhome/Orca/orca_pensieve/pensieve/rl_server_no_training.py:225: The name tf.Session is deprecated. Please use tf.compat.v1.Session instead.

WARNING:tensorflow:From /newhome/Orca/orca_pensieve/pensieve/a3c.py:64: The name tf.variable_scope is deprecated. Please use tf.compat.v1.variable_scope instead.

WARNING:tensorflow:From /users/acardoza/venv/lib/python3.6/site-packages/tflearn/initializations.py:165: calling TruncatedNormal.__init__ (from tensorflow.python.ops.init_ops) with dtype is deprecated and will be removed in a future version.
Instructions for updating:
Call initializer instance with the dtype argument instead of passing it to the constructor
WARNING:tensorflow:From /users/acardoza/venv/lib/python3.6/site-packages/tflearn/initializations.py:110: calling UniformUnitScaling.__init__ (from tensorflow.python.ops.init_ops) with dtype is deprecated and will be removed in a future version.
Instructions for updating:
Call initializer instance with the dtype argument instead of passing it to the constructor
WARNING:tensorflow:From /users/acardoza/venv/lib/python3.6/site-packages/tensorflow/python/util/deprecation.py:507: UniformUnitScaling.__init__ (from tensorflow.python.ops.init_ops) is deprecated and will be removed in a future version.
Instructions for updating:
Use tf.initializers.variance_scaling instead with distribution=uniform to get equivalent behavior.
WARNING:tensorflow:From /newhome/Orca/orca_pensieve/pensieve/a3c.py:31: The name tf.get_collection is deprecated. Please use tf.compat.v1.get_collection instead.

WARNING:tensorflow:From /newhome/Orca/orca_pensieve/pensieve/a3c.py:31: The name tf.GraphKeys is deprecated. Please use tf.compat.v1.GraphKeys instead.

WARNING:tensorflow:From /newhome/Orca/orca_pensieve/pensieve/a3c.py:37: The name tf.placeholder is deprecated. Please use tf.compat.v1.placeholder instead.

WARNING:tensorflow:From /newhome/Orca/orca_pensieve/pensieve/a3c.py:51: calling reduce_sum_v1 (from tensorflow.python.ops.math_ops) with keep_dims is deprecated and will be removed in a future version.
Instructions for updating:
keep_dims is deprecated, use keepdims instead
WARNING:tensorflow:From /newhome/Orca/orca_pensieve/pensieve/a3c.py:60: The name tf.train.RMSPropOptimizer is deprecated. Please use tf.compat.v1.train.RMSPropOptimizer instead.

WARNING:tensorflow:From /users/acardoza/venv/lib/python3.6/site-packages/tensorflow/python/training/rmsprop.py:119: calling Ones.__init__ (from tensorflow.python.ops.init_ops) with dtype is deprecated and will be removed in a future version.
Instructions for updating:
Call initializer instance with the dtype argument instead of passing it to the constructor
WARNING:tensorflow:From /users/acardoza/venv/lib/python3.6/site-packages/tensorflow/python/util/tf_should_use.py:193: initialize_all_variables (from tensorflow.python.ops.variables) is deprecated and will be removed after 2017-03-02.
Instructions for updating:
Use `tf.global_variables_initializer` instead.
WARNING:tensorflow:From /newhome/Orca/orca_pensieve/pensieve/rl_server_no_training.py:235: The name tf.train.Saver is deprecated. Please use tf.compat.v1.train.Saver instead.

WARNING:tensorflow:From /users/acardoza/venv/lib/python3.6/site-packages/tensorflow/python/training/saver.py:1276: checkpoint_exists (from tensorflow.python.training.checkpoint_management) is deprecated and will be removed in a future version.
Instructions for updating:
Use standard file APIs to check for files with this prefix.
INFO:tensorflow:Restoring parameters from /newhome/Orca/orca_pensieve/pensieve/seperate_models/pensieve_3mbps_no_change_baseline.ckpt
INFO:__main__:Model restored.
DEBUG:__main__:trying to make request handler
DEBUG:__main__:making request handler
INFO:__main__:Listening on port 8333
INFO:__main__:{'nextChunkSize': [2123065, 1431809, 957685, 611087, 398865, 155580], 'lastquality': 1, 'buffer': 4, 'bufferAdjusted': -0.5499999999999998, 'bandwidthEst': 2442.212881355932, 'lastRequest': 0, 'RebufferTime': 1518, 'lastChunkFinishTime': 1658178568445, 'lastChunkStartTime': 1658178566970, 'lastChunkSize': 450283}
INFO:__main__:{'nextChunkSize': [2177073, 1300868, 877771, 571051, 350812, 139857], 'lastquality': 1, 'buffer': 6.574758, 'bufferAdjusted': 2.0247579999999994, 'bandwidthEst': 2426.0184762414488, 'lastRequest': 1, 'RebufferTime': 1518, 'lastChunkFinishTime': 1658178569879, 'lastChunkStartTime': 1658178568554, 'lastChunkSize': 398865}
INFO:__main__:{'nextChunkSize': [2160877, 1520281, 933276, 617681, 382355, 155432], 'lastquality': 1, 'buffer': 9.392832, 'bufferAdjusted': 4.842832, 'bandwidthEst': 2439.8996380159115, 'lastRequest': 2, 'RebufferTime': 1518, 'lastChunkFinishTime': 1658178571061, 'lastChunkStartTime': 1658178569927, 'lastChunkSize': 350812}
INFO:__main__:{'nextChunkSize': [2233056, 1472558, 996749, 652874, 411561, 163442], 'lastquality': 1, 'buffer': 12.126751999999998, 'bufferAdjusted': 7.576751999999997, 'bandwidthEst': 2456.8806154891918, 'lastRequest': 3, 'RebufferTime': 1518, 'lastChunkFinishTime': 1658178572327, 'lastChunkStartTime': 1658178571110, 'lastChunkSize': 382355}
INFO:__main__:{'nextChunkSize': [1941625, 1224260, 801058, 520315, 318564, 126289], 'lastquality': 1, 'buffer': 12.691030999999999, 'bufferAdjusted': 8.141030999999998, 'bandwidthEst': 1532.5886698434629, 'lastRequest': 4, 'RebufferTime': 1518, 'lastChunkFinishTime': 1658178575758, 'lastChunkStartTime': 1658178572378, 'lastChunkSize': 411561}
INFO:__main__:{'nextChunkSize': [2157535, 1388403, 905515, 561791, 352642, 153295], 'lastquality': 3, 'buffer': 5.578149999999997, 'bufferAdjusted': 1.0281499999999966, 'bandwidthEst': 759.7532046762059, 'lastRequest': 5, 'RebufferTime': 1518, 'lastChunkFinishTime': 1658178586864, 'lastChunkStartTime': 1658178575901, 'lastChunkSize': 801058}
INFO:__main__:{'nextChunkSize': [2290172, 1638769, 1060487, 709534, 437162, 173849], 'lastquality': 4, 'buffer': 4.409898999999999, 'bufferAdjusted': -0.14010100000000092, 'bandwidthEst': 772.5853330903176, 'lastRequest': 6, 'RebufferTime': 9542, 'lastChunkFinishTime': 1658178600051, 'lastChunkStartTime': 1658178587001, 'lastChunkSize': 1388403}
INFO:__main__:{'nextChunkSize': [2055469, 1348011, 852833, 584846, 374758, 150710], 'lastquality': 4, 'buffer': 4.426976999999997, 'bufferAdjusted': -0.12302300000000299, 'bandwidthEst': 851.768956305548, 'lastRequest': 7, 'RebufferTime': 12389, 'lastChunkFinishTime': 1658178606882, 'lastChunkStartTime': 1658178600112, 'lastChunkSize': 1638769}
INFO:__main__:{'nextChunkSize': [2169201, 1429765, 913888, 560821, 362795, 139105], 'lastquality': 4, 'buffer': 4.268386999999997, 'bufferAdjusted': -0.2816130000000032, 'bandwidthEst': 904.5868844699489, 'lastRequest': 8, 'RebufferTime': 13950, 'lastChunkFinishTime': 1658178612605, 'lastChunkStartTime': 1658178606943, 'lastChunkSize': 1348011}
INFO:__main__:{'nextChunkSize': [2173522, 1354548, 939819, 607410, 353220, 141840], 'lastquality': 4, 'buffer': 4.341423999999996, 'bufferAdjusted': -0.20857600000000387, 'bandwidthEst': 970.5751532648713, 'lastRequest': 9, 'RebufferTime': 15376, 'lastChunkFinishTime': 1658178617973, 'lastChunkStartTime': 1658178612663, 'lastChunkSize': 1429765}
INFO:__main__:{'nextChunkSize': [2102452, 1519951, 917428, 594078, 405134, 156148], 'lastquality': 4, 'buffer': 4.264161000000001, 'bufferAdjusted': -0.28583899999999884, 'bandwidthEst': 1008.7999520885945, 'lastRequest': 10, 'RebufferTime': 26563, 'lastChunkFinishTime': 1658178633235, 'lastChunkStartTime': 1658178618033, 'lastChunkSize': 1354548}
INFO:__main__:{'nextChunkSize': [2209463, 1422919, 946851, 624282, 386351, 160746], 'lastquality': 4, 'buffer': 4.459356, 'bufferAdjusted': -0.09064400000000061, 'bandwidthEst': 598.8568102469945, 'lastRequest': 11, 'RebufferTime': 53143, 'lastChunkFinishTime': 1658178663636, 'lastChunkStartTime': 1658178633383, 'lastChunkSize': 1519951}
INFO:__main__:{'nextChunkSize': [2275376, 1578343, 1036454, 687371, 434409, 179801], 'lastquality': 4, 'buffer': 4.268346000000001, 'bufferAdjusted': -0.2816539999999992, 'bandwidthEst': 594.1461991835589, 'lastRequest': 12, 'RebufferTime': 55236, 'lastChunkFinishTime': 1658178669923, 'lastChunkStartTime': 1658178663717, 'lastChunkSize': 1422919}
INFO:__main__:{'nextChunkSize': [2005399, 1231445, 821631, 526950, 337059, 140051], 'lastquality': 4, 'buffer': 4.374966000000001, 'bufferAdjusted': -0.1750339999999997, 'bandwidthEst': 596.991682424459, 'lastRequest': 13, 'RebufferTime': 57136, 'lastChunkFinishTime': 1658178675733, 'lastChunkStartTime': 1658178669982, 'lastChunkSize': 1578343}
INFO:__main__:{'nextChunkSize': [2152483, 1471065, 923170, 587876, 366214, 138313], 'lastquality': 4, 'buffer': 4.271146000000002, 'bufferAdjusted': -0.2788539999999986, 'bandwidthEst': 593.9626494042582, 'lastRequest': 14, 'RebufferTime': 58176, 'lastChunkFinishTime': 1658178680881, 'lastChunkStartTime': 1658178675792, 'lastChunkSize': 1231445}
INFO:__main__:{'nextChunkSize': [2289689, 1491626, 966699, 617242, 360831, 143509], 'lastquality': 4, 'buffer': 4.308214999999997, 'bufferAdjusted': -0.24178500000000325, 'bandwidthEst': 609.6607981860963, 'lastRequest': 15, 'RebufferTime': 59583, 'lastChunkFinishTime': 1658178686249, 'lastChunkStartTime': 1658178680933, 'lastChunkSize': 1471065}
INFO:__main__:{'nextChunkSize': [2059512, 1358801, 885714, 581493, 372963, 150616], 'lastquality': 4, 'buffer': 4.460653999999998, 'bufferAdjusted': -0.08934600000000215, 'bandwidthEst': 2059.2553846873147, 'lastRequest': 16, 'RebufferTime': 61210, 'lastChunkFinishTime': 1658178691722, 'lastChunkStartTime': 1658178686310, 'lastChunkSize': 1491626}
INFO:__main__:{'nextChunkSize': [2220726, 1537156, 987708, 639204, 405596, 165384], 'lastquality': 4, 'buffer': 4.327752000000004, 'bufferAdjusted': -0.22224799999999645, 'bandwidthEst': 2141.685842374059, 'lastRequest': 17, 'RebufferTime': 62140, 'lastChunkFinishTime': 1658178696784, 'lastChunkStartTime': 1658178691781, 'lastChunkSize': 1358801}
INFO:__main__:{'nextChunkSize': [2156729, 1336050, 923755, 586839, 350713, 140881], 'lastquality': 4, 'buffer': 4.260334999999998, 'bufferAdjusted': -0.2896650000000025, 'bandwidthEst': 2125.1617894327264, 'lastRequest': 18, 'RebufferTime': 63936, 'lastChunkFinishTime': 1658178702648, 'lastChunkStartTime': 1658178696841, 'lastChunkSize': 1537156}
INFO:__main__:{'nextChunkSize': [2039773, 1415116, 891604, 601738, 386472, 157671], 'lastquality': 4, 'buffer': 4.319338000000002, 'bufferAdjusted': -0.23066199999999837, 'bandwidthEst': 2182.038443812246, 'lastRequest': 19, 'RebufferTime': 64866, 'lastChunkFinishTime': 1658178707538, 'lastChunkStartTime': 1658178702706, 'lastChunkSize': 1336050}
INFO:__main__:{'nextChunkSize': [2176469, 1468126, 955231, 616206, 399894, 157812], 'lastquality': 4, 'buffer': 4.492816000000005, 'bufferAdjusted': -0.05718399999999546, 'bandwidthEst': 2172.1739155331143, 'lastRequest': 20, 'RebufferTime': 66329, 'lastChunkFinishTime': 1658178712822, 'lastChunkStartTime': 1658178707591, 'lastChunkSize': 1415116}
INFO:__main__:{'nextChunkSize': [2221506, 1505760, 968026, 656471, 401853, 163927], 'lastquality': 4, 'buffer': 4.451847999999998, 'bufferAdjusted': -0.09815200000000202, 'bandwidthEst': 2193.889872686211, 'lastRequest': 21, 'RebufferTime': 67391, 'lastChunkFinishTime': 1658178717925, 'lastChunkStartTime': 1658178712879, 'lastChunkSize': 1468126}
INFO:__main__:{'nextChunkSize': [2044075, 1323990, 874175, 536667, 343800, 137654], 'lastquality': 4, 'buffer': 4.260047999999998, 'bufferAdjusted': -0.28995200000000265, 'bandwidthEst': 2197.914358702249, 'lastRequest': 22, 'RebufferTime': 68745, 'lastChunkFinishTime': 1658178723472, 'lastChunkStartTime': 1658178717981, 'lastChunkSize': 1505760}
INFO:__main__:{'nextChunkSize': [2186790, 1383735, 897976, 587236, 359903, 146754], 'lastquality': 4, 'buffer': 4.383555000000001, 'bufferAdjusted': -0.16644499999999907, 'bandwidthEst': 2232.548509874852, 'lastRequest': 23, 'RebufferTime': 69546, 'lastChunkFinishTime': 1658178728172, 'lastChunkStartTime': 1658178723531, 'lastChunkSize': 1323990}
INFO:__main__:{'nextChunkSize': [2105231, 1480464, 905935, 590335, 379700, 153938], 'lastquality': 4, 'buffer': 4.425096999999994, 'bufferAdjusted': -0.12490300000000643, 'bandwidthEst': 2230.565660449064, 'lastRequest': 24, 'RebufferTime': 70674, 'lastChunkFinishTime': 1658178733252, 'lastChunkStartTime': 1658178728227, 'lastChunkSize': 1383735}
INFO:__main__:{'nextChunkSize': [2395588, 1547572, 1076599, 696376, 425781, 181901], 'lastquality': 4, 'buffer': 4.295597999999998, 'bufferAdjusted': -0.254402000000002, 'bandwidthEst': 2159.8218115812506, 'lastRequest': 25, 'RebufferTime': 72796, 'lastChunkFinishTime': 1658178739498, 'lastChunkStartTime': 1658178733309, 'lastChunkSize': 1480464}
INFO:__main__:{'nextChunkSize': [1972048, 1141971, 758197, 487160, 277716, 111155], 'lastquality': 4, 'buffer': 4.416072999999997, 'bufferAdjusted': -0.13392700000000302, 'bandwidthEst': 1879.1955068361433, 'lastRequest': 26, 'RebufferTime': 77475, 'lastChunkFinishTime': 1658178748059, 'lastChunkStartTime': 1658178739565, 'lastChunkSize': 1547572}
INFO:__main__:{'nextChunkSize': [2134614, 1498470, 972798, 622896, 400396, 153605], 'lastquality': 4, 'buffer': 4.338739000000004, 'bufferAdjusted': -0.21126099999999637, 'bandwidthEst': 1758.713409202461, 'lastRequest': 27, 'RebufferTime': 79388, 'lastChunkFinishTime': 1658178754051, 'lastChunkStartTime': 1658178748133, 'lastChunkSize': 1141971}
INFO:__main__:{'nextChunkSize': [2164140, 1561263, 975811, 641447, 400508, 149029], 'lastquality': 4, 'buffer': 4.498520999999997, 'bufferAdjusted': -0.051479000000003605, 'bandwidthEst': 1724.8056761884359, 'lastRequest': 28, 'RebufferTime': 81950, 'lastChunkFinishTime': 1658178760452, 'lastChunkStartTime': 1658178754104, 'lastChunkSize': 1498470}
INFO:__main__:{'nextChunkSize': [2113193, 1341201, 873429, 570392, 358218, 157421], 'lastquality': 4, 'buffer': 4.306231999999994, 'bufferAdjusted': -0.24376800000000598, 'bandwidthEst': 1726.0752974492739, 'lastRequest': 29, 'RebufferTime': 83682, 'lastChunkFinishTime': 1658178766375, 'lastChunkStartTime': 1658178760510, 'lastChunkSize': 1561263}
INFO:__main__:{'nextChunkSize': [2147852, 1497683, 954453, 620283, 400322, 157488], 'lastquality': 4, 'buffer': 4.284186000000005, 'bufferAdjusted': -0.2658139999999949, 'bandwidthEst': 1750.8481425494456, 'lastRequest': 30, 'RebufferTime': 84588, 'lastChunkFinishTime': 1658178771305, 'lastChunkStartTime': 1658178766431, 'lastChunkSize': 1341201}
INFO:__main__:{'nextChunkSize': [2191074, 1358081, 885062, 584349, 369834, 143881], 'lastquality': 4, 'buffer': 4.43747900000001, 'bufferAdjusted': -0.11252099999998988, 'bandwidthEst': 1946.933100508052, 'lastRequest': 31, 'RebufferTime': 86182, 'lastChunkFinishTime': 1658178776745, 'lastChunkStartTime': 1658178771364, 'lastChunkSize': 1497683}
INFO:__main__:{'nextChunkSize': [2286761, 1587293, 1035329, 670129, 412837, 163444], 'lastquality': 4, 'buffer': 4.277442000000008, 'bufferAdjusted': -0.27255799999999253, 'bandwidthEst': 2117.874020885269, 'lastRequest': 32, 'RebufferTime': 86896, 'lastChunkFinishTime': 1658178781620, 'lastChunkStartTime': 1658178776800, 'lastChunkSize': 1358081}
INFO:__main__:{'nextChunkSize': [2307787, 1492672, 1026056, 690253, 401088, 179328], 'lastquality': 4, 'buffer': 4.256396000000024, 'bufferAdjusted': -0.29360399999997666, 'bandwidthEst': 2186.674528908431, 'lastRequest': 33, 'RebufferTime': 88834, 'lastChunkFinishTime': 1658178787595, 'lastChunkStartTime': 1658178781674, 'lastChunkSize': 1587293}
INFO:__main__:{'nextChunkSize': [2143948, 1439896, 943942, 598727, 365161, 159914], 'lastquality': 4, 'buffer': 4.460554999999999, 'bufferAdjusted': -0.08944500000000088, 'bandwidthEst': 2195.172238534468, 'lastRequest': 34, 'RebufferTime': 90590, 'lastChunkFinishTime': 1658178793168, 'lastChunkStartTime': 1658178787653, 'lastChunkSize': 1492672}
INFO:__main__:{'nextChunkSize': [1919781, 1139291, 728962, 487812, 321064, 131610], 'lastquality': 4, 'buffer': 4.461491000000024, 'bufferAdjusted': -0.08850899999997663, 'bandwidthEst': 2179.623978190762, 'lastRequest': 35, 'RebufferTime': 92068, 'lastChunkFinishTime': 1658178798646, 'lastChunkStartTime': 1658178793225, 'lastChunkSize': 1439896}
INFO:__main__:{'nextChunkSize': [2147467, 1499009, 938587, 575591, 361565, 124011], 'lastquality': 4, 'buffer': 4.435779000000025, 'bufferAdjusted': -0.11422099999997526, 'bandwidthEst': 2137.6014479282967, 'lastRequest': 36, 'RebufferTime': 92649, 'lastChunkFinishTime': 1658178803253, 'lastChunkStartTime': 1658178798702, 'lastChunkSize': 1139291}
INFO:__main__:{'nextChunkSize': [2133870, 1427478, 908665, 605884, 378327, 144254], 'lastquality': 4, 'buffer': 4.263355000000018, 'bufferAdjusted': -0.28664499999998183, 'bandwidthEst': 2102.6093908113385, 'lastRequest': 37, 'RebufferTime': 94341, 'lastChunkFinishTime': 1658178809115, 'lastChunkStartTime': 1658178803308, 'lastChunkSize': 1499009}
INFO:__main__:{'nextChunkSize': [2146120, 1402287, 930577, 587506, 390680, 149991], 'lastquality': 4, 'buffer': 4.4651050000000225, 'bufferAdjusted': -0.08489499999997774, 'bandwidthEst': 2109.238679773711, 'lastRequest': 38, 'RebufferTime': 95807, 'lastChunkFinishTime': 1658178814394, 'lastChunkStartTime': 1658178809170, 'lastChunkSize': 1427478}
INFO:__main__:{'nextChunkSize': [2108491, 1339500, 858450, 566904, 345516, 147968], 'lastquality': 4, 'buffer': 4.427891000000017, 'bufferAdjusted': -0.12210899999998359, 'bandwidthEst': 2103.4698210609677, 'lastRequest': 39, 'RebufferTime': 97073, 'lastChunkFinishTime': 1658178819698, 'lastChunkStartTime': 1658178814451, 'lastChunkSize': 1402287}
INFO:__main__:{'nextChunkSize': [2184571, 1527299, 1025005, 641452, 384505, 161857], 'lastquality': 4, 'buffer': 4.440971000000019, 'bufferAdjusted': -0.10902899999998139, 'bandwidthEst': 2120.7125057995972, 'lastRequest': 40, 'RebufferTime': 97959, 'lastChunkFinishTime': 1658178824571, 'lastChunkStartTime': 1658178819755, 'lastChunkSize': 1339500}
INFO:__main__:{'nextChunkSize': [2121928, 1343002, 886255, 599477, 372093, 145210], 'lastquality': 4, 'buffer': 4.323559000000017, 'bufferAdjusted': -0.22644099999998302, 'bandwidthEst': 1139.5391402631892, 'lastRequest': 41, 'RebufferTime': 110881, 'lastChunkFinishTime': 1658178841605, 'lastChunkStartTime': 1658178824628, 'lastChunkSize': 1527299}
INFO:__main__:{'nextChunkSize': [2219102, 1587250, 973972, 634861, 438281, 172312], 'lastquality': 4, 'buffer': 4.484635000000026, 'bufferAdjusted': -0.06536499999997458, 'bandwidthEst': 762.8952922969443, 'lastRequest': 42, 'RebufferTime': 127446, 'lastChunkFinishTime': 1658178862011, 'lastChunkStartTime': 1658178841732, 'lastChunkSize': 1343002}
INFO:__main__:{'nextChunkSize': [2124950, 1464921, 958994, 630203, 398987, 167025], 'lastquality': 4, 'buffer': 4.28720100000001, 'bufferAdjusted': -0.26279899999999, 'bandwidthEst': 768.8672610302103, 'lastRequest': 43, 'RebufferTime': 129223, 'lastChunkFinishTime': 1658178867987, 'lastChunkStartTime': 1658178862067, 'lastChunkSize': 1587250}
INFO:__main__:{'nextChunkSize': [2246506, 1483527, 982064, 638661, 393804, 160064], 'lastquality': 4, 'buffer': 4.311015000000026, 'bufferAdjusted': -0.23898499999997425, 'bandwidthEst': 772.9066987686575, 'lastRequest': 44, 'RebufferTime': 131329, 'lastChunkFinishTime': 1658178874066, 'lastChunkStartTime': 1658178868046, 'lastChunkSize': 1464921}
INFO:__main__:{'nextChunkSize': [1961140, 1231456, 830730, 538612, 331053, 137507], 'lastquality': 4, 'buffer': 4.413562000000013, 'bufferAdjusted': -0.13643799999998718, 'bandwidthEst': 782.2465084456975, 'lastRequest': 45, 'RebufferTime': 135597, 'lastChunkFinishTime': 1658178882234, 'lastChunkStartTime': 1658178874134, 'lastChunkSize': 1483527}
WARNING:tensorflow:From /newhome/Orca/orca_pensieve/pensieve/rl_server_no_training.py:225: The name tf.Session is deprecated. Please use tf.compat.v1.Session instead.

WARNING:tensorflow:From /newhome/Orca/orca_pensieve/pensieve/a3c.py:64: The name tf.variable_scope is deprecated. Please use tf.compat.v1.variable_scope instead.

WARNING:tensorflow:From /users/acardoza/venv/lib/python3.6/site-packages/tflearn/initializations.py:165: calling TruncatedNormal.__init__ (from tensorflow.python.ops.init_ops) with dtype is deprecated and will be removed in a future version.
Instructions for updating:
Call initializer instance with the dtype argument instead of passing it to the constructor
WARNING:tensorflow:From /users/acardoza/venv/lib/python3.6/site-packages/tflearn/initializations.py:110: calling UniformUnitScaling.__init__ (from tensorflow.python.ops.init_ops) with dtype is deprecated and will be removed in a future version.
Instructions for updating:
Call initializer instance with the dtype argument instead of passing it to the constructor
WARNING:tensorflow:From /users/acardoza/venv/lib/python3.6/site-packages/tensorflow/python/util/deprecation.py:507: UniformUnitScaling.__init__ (from tensorflow.python.ops.init_ops) is deprecated and will be removed in a future version.
Instructions for updating:
Use tf.initializers.variance_scaling instead with distribution=uniform to get equivalent behavior.
WARNING:tensorflow:From /newhome/Orca/orca_pensieve/pensieve/a3c.py:31: The name tf.get_collection is deprecated. Please use tf.compat.v1.get_collection instead.

WARNING:tensorflow:From /newhome/Orca/orca_pensieve/pensieve/a3c.py:31: The name tf.GraphKeys is deprecated. Please use tf.compat.v1.GraphKeys instead.

WARNING:tensorflow:From /newhome/Orca/orca_pensieve/pensieve/a3c.py:37: The name tf.placeholder is deprecated. Please use tf.compat.v1.placeholder instead.

WARNING:tensorflow:From /newhome/Orca/orca_pensieve/pensieve/a3c.py:51: calling reduce_sum_v1 (from tensorflow.python.ops.math_ops) with keep_dims is deprecated and will be removed in a future version.
Instructions for updating:
keep_dims is deprecated, use keepdims instead
WARNING:tensorflow:From /newhome/Orca/orca_pensieve/pensieve/a3c.py:60: The name tf.train.RMSPropOptimizer is deprecated. Please use tf.compat.v1.train.RMSPropOptimizer instead.

WARNING:tensorflow:From /users/acardoza/venv/lib/python3.6/site-packages/tensorflow/python/training/rmsprop.py:119: calling Ones.__init__ (from tensorflow.python.ops.init_ops) with dtype is deprecated and will be removed in a future version.
Instructions for updating:
Call initializer instance with the dtype argument instead of passing it to the constructor
WARNING:tensorflow:From /users/acardoza/venv/lib/python3.6/site-packages/tensorflow/python/util/tf_should_use.py:193: initialize_all_variables (from tensorflow.python.ops.variables) is deprecated and will be removed after 2017-03-02.
Instructions for updating:
Use `tf.global_variables_initializer` instead.
WARNING:tensorflow:From /newhome/Orca/orca_pensieve/pensieve/rl_server_no_training.py:235: The name tf.train.Saver is deprecated. Please use tf.compat.v1.train.Saver instead.

WARNING:tensorflow:From /users/acardoza/venv/lib/python3.6/site-packages/tensorflow/python/training/saver.py:1276: checkpoint_exists (from tensorflow.python.training.checkpoint_management) is deprecated and will be removed in a future version.
Instructions for updating:
Use standard file APIs to check for files with this prefix.
INFO:tensorflow:Restoring parameters from /newhome/Orca/orca_pensieve/pensieve/seperate_models/pensieve_3mbps_no_change_baseline.ckpt
INFO:__main__:Model restored.
DEBUG:__main__:trying to make request handler
DEBUG:__main__:making request handler
INFO:__main__:Listening on port 8333
INFO:__main__:{'nextChunkSize': [2123065, 1431809, 957685, 611087, 398865, 155580], 'lastquality': 1, 'buffer': 4, 'bufferAdjusted': -0.5499999999999998, 'bandwidthEst': 2244.401246105919, 'lastRequest': 0, 'RebufferTime': 1652, 'lastChunkFinishTime': 1658179158813, 'lastChunkStartTime': 1658179157208, 'lastChunkSize': 450283}
INFO:__main__:{'nextChunkSize': [2177073, 1300868, 877771, 571051, 350812, 139857], 'lastquality': 1, 'buffer': 6.532337, 'bufferAdjusted': 1.9823369999999993, 'bandwidthEst': 2284.853583929923, 'lastRequest': 1, 'RebufferTime': 1652, 'lastChunkFinishTime': 1658179160289, 'lastChunkStartTime': 1658179158922, 'lastChunkSize': 398865}
INFO:__main__:{'nextChunkSize': [2160877, 1520281, 933276, 617681, 382355, 155432], 'lastquality': 1, 'buffer': 9.291739, 'bufferAdjusted': 4.741738999999999, 'bandwidthEst': 2304.880275247999, 'lastRequest': 2, 'RebufferTime': 1652, 'lastChunkFinishTime': 1658179161530, 'lastChunkStartTime': 1658179160339, 'lastChunkSize': 350812}
INFO:__main__:{'nextChunkSize': [2233056, 1472558, 996749, 652874, 411561, 163442], 'lastquality': 1, 'buffer': 11.160266999999997, 'bufferAdjusted': 6.610266999999997, 'bandwidthEst': 1937.4666764200047, 'lastRequest': 3, 'RebufferTime': 1652, 'lastChunkFinishTime': 1658179163661, 'lastChunkStartTime': 1658179161579, 'lastChunkSize': 382355}
INFO:__main__:{'nextChunkSize': [1941625, 1224260, 801058, 520315, 318564, 126289], 'lastquality': 1, 'buffer': 8.487120999999998, 'bufferAdjusted': 3.9371209999999977, 'bandwidthEst': 782.6354127638054, 'lastRequest': 4, 'RebufferTime': 1652, 'lastChunkFinishTime': 1658179170330, 'lastChunkStartTime': 1658179163745, 'lastChunkSize': 411561}
INFO:__main__:{'nextChunkSize': [2157535, 1388403, 905515, 561791, 352642, 153295], 'lastquality': 4, 'buffer': 4.411859, 'bufferAdjusted': -0.1381410000000005, 'bandwidthEst': 634.7614176808698, 'lastRequest': 5, 'RebufferTime': 10355, 'lastChunkFinishTime': 1658179187094, 'lastChunkStartTime': 1658179170482, 'lastChunkSize': 1224260}
INFO:__main__:{'nextChunkSize': [2290172, 1638769, 1060487, 709534, 437162, 173849], 'lastquality': 4, 'buffer': 4.356503, 'bufferAdjusted': -0.19349700000000025, 'bandwidthEst': 698.1168859712941, 'lastRequest': 6, 'RebufferTime': 12386, 'lastChunkFinishTime': 1658179193186, 'lastChunkStartTime': 1658179187189, 'lastChunkSize': 1388403}
INFO:__main__:{'nextChunkSize': [2055469, 1348011, 852833, 584846, 374758, 150710], 'lastquality': 4, 'buffer': 4.386913999999997, 'bufferAdjusted': -0.16308600000000295, 'bandwidthEst': 768.8238303936449, 'lastRequest': 7, 'RebufferTime': 15286, 'lastChunkFinishTime': 1658179200056, 'lastChunkStartTime': 1658179193244, 'lastChunkSize': 1638769}
INFO:__main__:{'nextChunkSize': [2169201, 1429765, 913888, 560821, 362795, 139105], 'lastquality': 4, 'buffer': 4.281271999999998, 'bufferAdjusted': -0.2687280000000025, 'bandwidthEst': 807.9141346252812, 'lastRequest': 8, 'RebufferTime': 20407, 'lastChunkFinishTime': 1658179209282, 'lastChunkStartTime': 1658179200121, 'lastChunkSize': 1348011}
INFO:__main__:{'nextChunkSize': [2173522, 1354548, 939819, 607410, 353220, 141840], 'lastquality': 4, 'buffer': 4.396378999999996, 'bufferAdjusted': -0.15362100000000423, 'bandwidthEst': 843.1581442882471, 'lastRequest': 9, 'RebufferTime': 32390, 'lastChunkFinishTime': 1658179225148, 'lastChunkStartTime': 1658179209388, 'lastChunkSize': 1429765}
INFO:__main__:{'nextChunkSize': [2102452, 1519951, 917428, 594078, 405134, 156148], 'lastquality': 4, 'buffer': 4.362527, 'bufferAdjusted': -0.18747300000000022, 'bandwidthEst': 1080.2610485397397, 'lastRequest': 10, 'RebufferTime': 36698, 'lastChunkFinishTime': 1658179233489, 'lastChunkStartTime': 1658179225225, 'lastChunkSize': 1354548}
INFO:__main__:{'nextChunkSize': [2209463, 1422919, 946851, 624282, 386351, 160746], 'lastquality': 4, 'buffer': 4.421828999999995, 'bufferAdjusted': -0.12817100000000492, 'bandwidthEst': 578.7955413722276, 'lastRequest': 11, 'RebufferTime': 65119, 'lastChunkFinishTime': 1658179265851, 'lastChunkStartTime': 1658179233615, 'lastChunkSize': 1519951}
INFO:__main__:{'nextChunkSize': [2275376, 1578343, 1036454, 687371, 434409, 179801], 'lastquality': 4, 'buffer': 4.322246, 'bufferAdjusted': -0.22775400000000046, 'bandwidthEst': 575.2657815210193, 'lastRequest': 12, 'RebufferTime': 74498, 'lastChunkFinishTime': 1658179279330, 'lastChunkStartTime': 1658179265957, 'lastChunkSize': 1422919}
INFO:__main__:{'nextChunkSize': [2005399, 1231445, 821631, 526950, 337059, 140051], 'lastquality': 4, 'buffer': 4.439538999999996, 'bufferAdjusted': -0.11046100000000392, 'bandwidthEst': 580.6238903449859, 'lastRequest': 13, 'RebufferTime': 82774, 'lastChunkFinishTime': 1658179291485, 'lastChunkStartTime': 1658179279466, 'lastChunkSize': 1578343}
INFO:__main__:{'nextChunkSize': [2152483, 1471065, 923170, 587876, 366214, 138313], 'lastquality': 4, 'buffer': 4.457397, 'bufferAdjusted': -0.09260299999999999, 'bandwidthEst': 571.8138498677106, 'lastRequest': 14, 'RebufferTime': 93705, 'lastChunkFinishTime': 1658179306399, 'lastChunkStartTime': 1658179291624, 'lastChunkSize': 1231445}
INFO:__main__:{'nextChunkSize': [2289689, 1491626, 966699, 617242, 360831, 143509], 'lastquality': 4, 'buffer': 4.377161000000001, 'bufferAdjusted': -0.1728389999999993, 'bandwidthEst': 567.3996019913767, 'lastRequest': 15, 'RebufferTime': 95240, 'lastChunkFinishTime': 1658179312013, 'lastChunkStartTime': 1658179306462, 'lastChunkSize': 1471065}
INFO:__main__:{'nextChunkSize': [2059512, 1358801, 885714, 581493, 372963, 150616], 'lastquality': 4, 'buffer': 4.408972999999996, 'bufferAdjusted': -0.14102700000000423, 'bandwidthEst': 940.0972320061562, 'lastRequest': 16, 'RebufferTime': 96707, 'lastChunkFinishTime': 1658179317454, 'lastChunkStartTime': 1658179312075, 'lastChunkSize': 1491626}
INFO:__main__:{'nextChunkSize': [2220726, 1537156, 987708, 639204, 405596, 165384], 'lastquality': 4, 'buffer': 4.372466000000003, 'bufferAdjusted': -0.17753399999999742, 'bandwidthEst': 1043.3172326860422, 'lastRequest': 17, 'RebufferTime': 97578, 'lastChunkFinishTime': 1658179322361, 'lastChunkStartTime': 1658179317511, 'lastChunkSize': 1358801}
INFO:__main__:{'nextChunkSize': [2156729, 1336050, 923755, 586839, 350713, 140881], 'lastquality': 4, 'buffer': 4.4911089999999945, 'bufferAdjusted': -0.0588910000000058, 'bandwidthEst': 1132.6210810372224, 'lastRequest': 18, 'RebufferTime': 99499, 'lastChunkFinishTime': 1658179328160, 'lastChunkStartTime': 1658179322420, 'lastChunkSize': 1537156}
INFO:__main__:{'nextChunkSize': [2039773, 1415116, 891604, 601738, 386472, 157671], 'lastquality': 4, 'buffer': 4.4075109999999995, 'bufferAdjusted': -0.14248900000000075, 'bandwidthEst': 2166.7659271341313, 'lastRequest': 19, 'RebufferTime': 100502, 'lastChunkFinishTime': 1658179333251, 'lastChunkStartTime': 1658179328221, 'lastChunkSize': 1336050}
INFO:__main__:{'nextChunkSize': [2176469, 1468126, 955231, 616206, 399894, 157812], 'lastquality': 4, 'buffer': 4.474345999999997, 'bufferAdjusted': -0.07565400000000322, 'bandwidthEst': 2164.2923884900133, 'lastRequest': 20, 'RebufferTime': 101998, 'lastChunkFinishTime': 1658179338681, 'lastChunkStartTime': 1658179333308, 'lastChunkSize': 1415116}
INFO:__main__:{'nextChunkSize': [2221506, 1505760, 968026, 656471, 401853, 163927], 'lastquality': 4, 'buffer': 4.399528000000004, 'bufferAdjusted': -0.1504719999999966, 'bandwidthEst': 2140.6812091533984, 'lastRequest': 21, 'RebufferTime': 103567, 'lastChunkFinishTime': 1658179344322, 'lastChunkStartTime': 1658179338738, 'lastChunkSize': 1468126}
INFO:__main__:{'nextChunkSize': [2044075, 1323990, 874175, 536667, 343800, 137654], 'lastquality': 4, 'buffer': 4.4648090000000025, 'bufferAdjusted': -0.0851909999999978, 'bandwidthEst': 2107.7928349378953, 'lastRequest': 22, 'RebufferTime': 105522, 'lastChunkFinishTime': 1658179350211, 'lastChunkStartTime': 1658179344379, 'lastChunkSize': 1505760}
INFO:__main__:{'nextChunkSize': [2186790, 1383735, 897976, 587236, 359903, 146754], 'lastquality': 4, 'buffer': 4.415234999999996, 'bufferAdjusted': -0.1347650000000047, 'bandwidthEst': 2103.490475614153, 'lastRequest': 23, 'RebufferTime': 106514, 'lastChunkFinishTime': 1658179355254, 'lastChunkStartTime': 1658179350267, 'lastChunkSize': 1323990}
INFO:__main__:{'nextChunkSize': [2105231, 1480464, 905935, 590335, 379700, 153938], 'lastquality': 4, 'buffer': 4.397032999999993, 'bufferAdjusted': -0.15296700000000696, 'bandwidthEst': 2094.2183891571663, 'lastRequest': 24, 'RebufferTime': 107885, 'lastChunkFinishTime': 1658179360642, 'lastChunkStartTime': 1658179355311, 'lastChunkSize': 1383735}
INFO:__main__:{'nextChunkSize': [2395588, 1547572, 1076599, 696376, 425781, 181901], 'lastquality': 4, 'buffer': 4.2605800000000045, 'bufferAdjusted': -0.2894199999999958, 'bandwidthEst': 2112.8754281802517, 'lastRequest': 25, 'RebufferTime': 109175, 'lastChunkFinishTime': 1658179366067, 'lastChunkStartTime': 1658179360698, 'lastChunkSize': 1480464}
INFO:__main__:{'nextChunkSize': [1972048, 1141971, 758197, 487160, 277716, 111155], 'lastquality': 4, 'buffer': 4.314894999999993, 'bufferAdjusted': -0.23510500000000745, 'bandwidthEst': 2118.6511104679007, 'lastRequest': 26, 'RebufferTime': 111079, 'lastChunkFinishTime': 1658179371932, 'lastChunkStartTime': 1658179366122, 'lastChunkSize': 1547572}
INFO:__main__:{'nextChunkSize': [2134614, 1498470, 972798, 622896, 400396, 153605], 'lastquality': 4, 'buffer': 4.465688, 'bufferAdjusted': -0.08431200000000016, 'bandwidthEst': 2125.6469644896288, 'lastRequest': 27, 'RebufferTime': 111661, 'lastChunkFinishTime': 1658179376366, 'lastChunkStartTime': 1658179371990, 'lastChunkSize': 1141971}
INFO:__main__:{'nextChunkSize': [2164140, 1561263, 975811, 641447, 400508, 149029], 'lastquality': 4, 'buffer': 4.294561000000002, 'bufferAdjusted': -0.25543899999999864, 'bandwidthEst': 2140.7184762303996, 'lastRequest': 28, 'RebufferTime': 112998, 'lastChunkFinishTime': 1658179381870, 'lastChunkStartTime': 1658179376418, 'lastChunkSize': 1498470}
INFO:__main__:{'nextChunkSize': [2113193, 1341201, 873429, 570392, 358218, 157421], 'lastquality': 4, 'buffer': 4.377832999999995, 'bufferAdjusted': -0.17216700000000484, 'bandwidthEst': 2134.31774012533, 'lastRequest': 29, 'RebufferTime': 115210, 'lastChunkFinishTime': 1658179388000, 'lastChunkStartTime': 1658179381929, 'lastChunkSize': 1561263}
INFO:__main__:{'nextChunkSize': [2147852, 1497683, 954453, 620283, 400322, 157488], 'lastquality': 4, 'buffer': 4.336225999999996, 'bufferAdjusted': -0.2137740000000039, 'bandwidthEst': 2122.2232025225376, 'lastRequest': 30, 'RebufferTime': 116227, 'lastChunkFinishTime': 1658179393061, 'lastChunkStartTime': 1658179388056, 'lastChunkSize': 1341201}
INFO:__main__:{'nextChunkSize': [2191074, 1358081, 885062, 584349, 369834, 143881], 'lastquality': 4, 'buffer': 4.3508680000000055, 'bufferAdjusted': -0.19913199999999476, 'bandwidthEst': 2126.242384087354, 'lastRequest': 31, 'RebufferTime': 117869, 'lastChunkFinishTime': 1658179398687, 'lastChunkStartTime': 1658179393116, 'lastChunkSize': 1497683}
INFO:__main__:{'nextChunkSize': [2286761, 1587293, 1035329, 670129, 412837, 163444], 'lastquality': 4, 'buffer': 4.489110000000011, 'bufferAdjusted': -0.06088999999998945, 'bandwidthEst': 2134.2095765532417, 'lastRequest': 32, 'RebufferTime': 119150, 'lastChunkFinishTime': 1658179403833, 'lastChunkStartTime': 1658179398744, 'lastChunkSize': 1358081}
INFO:__main__:{'nextChunkSize': [2307787, 1492672, 1026056, 690253, 401088, 179328], 'lastquality': 4, 'buffer': 4.267316000000022, 'bufferAdjusted': -0.28268399999997795, 'bandwidthEst': 2133.8604447237985, 'lastRequest': 33, 'RebufferTime': 120777, 'lastChunkFinishTime': 1658179409680, 'lastChunkStartTime': 1658179403890, 'lastChunkSize': 1587293}
INFO:__main__:{'nextChunkSize': [2143948, 1439896, 943942, 598727, 365161, 159914], 'lastquality': 4, 'buffer': 4.407999000000018, 'bufferAdjusted': -0.14200099999998228, 'bandwidthEst': 2172.4342055473862, 'lastRequest': 34, 'RebufferTime': 122290, 'lastChunkFinishTime': 1658179415070, 'lastChunkStartTime': 1658179409736, 'lastChunkSize': 1492672}
INFO:__main__:{'nextChunkSize': [1919781, 1139291, 728962, 487812, 321064, 131610], 'lastquality': 4, 'buffer': 4.417840000000012, 'bufferAdjusted': -0.13215999999998784, 'bandwidthEst': 2179.861688505287, 'lastRequest': 35, 'RebufferTime': 123629, 'lastChunkFinishTime': 1658179420400, 'lastChunkStartTime': 1658179415123, 'lastChunkSize': 1439896}
INFO:__main__:{'nextChunkSize': [2147467, 1499009, 938587, 575591, 361565, 124011], 'lastquality': 4, 'buffer': 4.363898000000006, 'bufferAdjusted': -0.18610199999999422, 'bandwidthEst': 2201.516282964259, 'lastRequest': 36, 'RebufferTime': 123629, 'lastChunkFinishTime': 1658179424452, 'lastChunkStartTime': 1658179420454, 'lastChunkSize': 1139291}
INFO:__main__:{'nextChunkSize': [2133870, 1427478, 908665, 605884, 378327, 144254], 'lastquality': 4, 'buffer': 4.25116300000002, 'bufferAdjusted': -0.2988369999999807, 'bandwidthEst': 2213.1357271464094, 'lastRequest': 37, 'RebufferTime': 125050, 'lastChunkFinishTime': 1658179429978, 'lastChunkStartTime': 1658179424508, 'lastChunkSize': 1499009}
INFO:__main__:{'nextChunkSize': [2146120, 1402287, 930577, 587506, 390680, 149991], 'lastquality': 4, 'buffer': 4.431611000000004, 'bufferAdjusted': -0.11838899999999652, 'bandwidthEst': 2224.940688626497, 'lastRequest': 38, 'RebufferTime': 126352, 'lastChunkFinishTime': 1658179435121, 'lastChunkStartTime': 1658179430043, 'lastChunkSize': 1427478}
INFO:__main__:{'nextChunkSize': [2108491, 1339500, 858450, 566904, 345516, 147968], 'lastquality': 4, 'buffer': 4.4803870000000074, 'bufferAdjusted': -0.06961299999999282, 'bandwidthEst': 2231.7718374391325, 'lastRequest': 39, 'RebufferTime': 127387, 'lastChunkFinishTime': 1658179440107, 'lastChunkStartTime': 1658179435176, 'lastChunkSize': 1402287}
INFO:__main__:{'nextChunkSize': [2184571, 1527299, 1025005, 641452, 384505, 161857], 'lastquality': 4, 'buffer': 4.261905000000013, 'bufferAdjusted': -0.28809499999998733, 'bandwidthEst': 2245.8952176187286, 'lastRequest': 40, 'RebufferTime': 127994, 'lastChunkFinishTime': 1658179444933, 'lastChunkStartTime': 1658179440166, 'lastChunkSize': 1339500}
INFO:__main__:{'nextChunkSize': [2121928, 1343002, 886255, 599477, 372093, 145210], 'lastquality': 4, 'buffer': 4.390647000000001, 'bufferAdjusted': -0.15935299999999897, 'bandwidthEst': 2223.836108743413, 'lastRequest': 41, 'RebufferTime': 129786, 'lastChunkFinishTime': 1658179450621, 'lastChunkStartTime': 1658179444990, 'lastChunkSize': 1527299}
INFO:__main__:{'nextChunkSize': [2219102, 1587250, 973972, 634861, 438281, 172312], 'lastquality': 4, 'buffer': 4.429099000000008, 'bufferAdjusted': -0.12090099999999238, 'bandwidthEst': 2247.119754840053, 'lastRequest': 42, 'RebufferTime': 130521, 'lastChunkFinishTime': 1658179455319, 'lastChunkStartTime': 1658179450676, 'lastChunkSize': 1343002}
INFO:__main__:{'nextChunkSize': [2124950, 1464921, 958994, 630203, 398987, 167025], 'lastquality': 4, 'buffer': 4.4109940000000165, 'bufferAdjusted': -0.13900599999998375, 'bandwidthEst': 2224.497891737036, 'lastRequest': 43, 'RebufferTime': 132461, 'lastChunkFinishTime': 1658179461274, 'lastChunkStartTime': 1658179455375, 'lastChunkSize': 1587250}
INFO:__main__:{'nextChunkSize': [2246506, 1483527, 982064, 638661, 393804, 160064], 'lastquality': 4, 'buffer': 4.344611000000015, 'bufferAdjusted': -0.2053889999999856, 'bandwidthEst': 2192.490528936696, 'lastRequest': 44, 'RebufferTime': 133985, 'lastChunkFinishTime': 1658179466863, 'lastChunkStartTime': 1658179461331, 'lastChunkSize': 1464921}
INFO:__main__:{'nextChunkSize': [1961140, 1231456, 830730, 538612, 331053, 137507], 'lastquality': 4, 'buffer': 4.364772000000016, 'bufferAdjusted': -0.18522799999998396, 'bandwidthEst': 2153.2844663513547, 'lastRequest': 45, 'RebufferTime': 135832, 'lastChunkFinishTime': 1658179472691, 'lastChunkStartTime': 1658179466919, 'lastChunkSize': 1483527}
WARNING:tensorflow:From /newhome/Orca/orca_pensieve/pensieve/rl_server_no_training.py:225: The name tf.Session is deprecated. Please use tf.compat.v1.Session instead.

WARNING:tensorflow:From /newhome/Orca/orca_pensieve/pensieve/a3c.py:64: The name tf.variable_scope is deprecated. Please use tf.compat.v1.variable_scope instead.

WARNING:tensorflow:From /users/acardoza/venv/lib/python3.6/site-packages/tflearn/initializations.py:165: calling TruncatedNormal.__init__ (from tensorflow.python.ops.init_ops) with dtype is deprecated and will be removed in a future version.
Instructions for updating:
Call initializer instance with the dtype argument instead of passing it to the constructor
WARNING:tensorflow:From /users/acardoza/venv/lib/python3.6/site-packages/tflearn/initializations.py:110: calling UniformUnitScaling.__init__ (from tensorflow.python.ops.init_ops) with dtype is deprecated and will be removed in a future version.
Instructions for updating:
Call initializer instance with the dtype argument instead of passing it to the constructor
WARNING:tensorflow:From /users/acardoza/venv/lib/python3.6/site-packages/tensorflow/python/util/deprecation.py:507: UniformUnitScaling.__init__ (from tensorflow.python.ops.init_ops) is deprecated and will be removed in a future version.
Instructions for updating:
Use tf.initializers.variance_scaling instead with distribution=uniform to get equivalent behavior.
WARNING:tensorflow:From /newhome/Orca/orca_pensieve/pensieve/a3c.py:31: The name tf.get_collection is deprecated. Please use tf.compat.v1.get_collection instead.

WARNING:tensorflow:From /newhome/Orca/orca_pensieve/pensieve/a3c.py:31: The name tf.GraphKeys is deprecated. Please use tf.compat.v1.GraphKeys instead.

WARNING:tensorflow:From /newhome/Orca/orca_pensieve/pensieve/a3c.py:37: The name tf.placeholder is deprecated. Please use tf.compat.v1.placeholder instead.

WARNING:tensorflow:From /newhome/Orca/orca_pensieve/pensieve/a3c.py:51: calling reduce_sum_v1 (from tensorflow.python.ops.math_ops) with keep_dims is deprecated and will be removed in a future version.
Instructions for updating:
keep_dims is deprecated, use keepdims instead
WARNING:tensorflow:From /newhome/Orca/orca_pensieve/pensieve/a3c.py:60: The name tf.train.RMSPropOptimizer is deprecated. Please use tf.compat.v1.train.RMSPropOptimizer instead.

WARNING:tensorflow:From /users/acardoza/venv/lib/python3.6/site-packages/tensorflow/python/training/rmsprop.py:119: calling Ones.__init__ (from tensorflow.python.ops.init_ops) with dtype is deprecated and will be removed in a future version.
Instructions for updating:
Call initializer instance with the dtype argument instead of passing it to the constructor
WARNING:tensorflow:From /users/acardoza/venv/lib/python3.6/site-packages/tensorflow/python/util/tf_should_use.py:193: initialize_all_variables (from tensorflow.python.ops.variables) is deprecated and will be removed after 2017-03-02.
Instructions for updating:
Use `tf.global_variables_initializer` instead.
WARNING:tensorflow:From /newhome/Orca/orca_pensieve/pensieve/rl_server_no_training.py:235: The name tf.train.Saver is deprecated. Please use tf.compat.v1.train.Saver instead.

WARNING:tensorflow:From /users/acardoza/venv/lib/python3.6/site-packages/tensorflow/python/training/saver.py:1276: checkpoint_exists (from tensorflow.python.training.checkpoint_management) is deprecated and will be removed in a future version.
Instructions for updating:
Use standard file APIs to check for files with this prefix.
INFO:tensorflow:Restoring parameters from /newhome/Orca/orca_pensieve/pensieve/seperate_models/pensieve_3mbps_no_change_baseline.ckpt
INFO:__main__:Model restored.
DEBUG:__main__:trying to make request handler
DEBUG:__main__:making request handler
INFO:__main__:Listening on port 8333
INFO:__main__:{'nextChunkSize': [2123065, 1431809, 957685, 611087, 398865, 155580], 'lastquality': 1, 'buffer': 4, 'bufferAdjusted': -0.5499999999999998, 'bandwidthEst': 2325.541639767592, 'lastRequest': 0, 'RebufferTime': 1596, 'lastChunkFinishTime': 1658191472095, 'lastChunkStartTime': 1658191470546, 'lastChunkSize': 450283}
INFO:__main__:{'nextChunkSize': [2177073, 1300868, 877771, 571051, 350812, 139857], 'lastquality': 1, 'buffer': 6.524773, 'bufferAdjusted': 1.974772999999999, 'bandwidthEst': 2323.2477959293706, 'lastRequest': 1, 'RebufferTime': 1596, 'lastChunkFinishTime': 1658191473578, 'lastChunkStartTime': 1658191472203, 'lastChunkSize': 398865}
INFO:__main__:{'nextChunkSize': [2160877, 1520281, 933276, 617681, 382355, 155432], 'lastquality': 1, 'buffer': 9.26356, 'bufferAdjusted': 4.713559999999999, 'bandwidthEst': 2319.8704185115985, 'lastRequest': 2, 'RebufferTime': 1596, 'lastChunkFinishTime': 1658191474840, 'lastChunkStartTime': 1658191473626, 'lastChunkSize': 350812}
INFO:__main__:{'nextChunkSize': [2233056, 1472558, 996749, 652874, 411561, 163442], 'lastquality': 1, 'buffer': 11.930518, 'bufferAdjusted': 7.380517999999999, 'bandwidthEst': 2334.3511490625897, 'lastRequest': 3, 'RebufferTime': 1596, 'lastChunkFinishTime': 1658191476172, 'lastChunkStartTime': 1658191474888, 'lastChunkSize': 382355}
INFO:__main__:{'nextChunkSize': [1941625, 1224260, 801058, 520315, 318564, 126289], 'lastquality': 1, 'buffer': 11.759676999999998, 'bufferAdjusted': 7.2096769999999974, 'bandwidthEst': 1277.1503830254317, 'lastRequest': 4, 'RebufferTime': 1596, 'lastChunkFinishTime': 1658191480339, 'lastChunkStartTime': 1658191476223, 'lastChunkSize': 411561}
INFO:__main__:{'nextChunkSize': [2157535, 1388403, 905515, 561791, 352642, 153295], 'lastquality': 3, 'buffer': 4.830188, 'bufferAdjusted': 0.280187999999999, 'bandwidthEst': 751.8366952187007, 'lastRequest': 5, 'RebufferTime': 1596, 'lastChunkFinishTime': 1658191491265, 'lastChunkStartTime': 1658191480471, 'lastChunkSize': 801058}
INFO:__main__:{'nextChunkSize': [2290172, 1638769, 1060487, 709534, 437162, 173849], 'lastquality': 4, 'buffer': 4.395813999999998, 'bufferAdjusted': -0.15418600000000238, 'bandwidthEst': 779.0085093610294, 'lastRequest': 6, 'RebufferTime': 9719, 'lastChunkFinishTime': 1658191503814, 'lastChunkStartTime': 1658191491382, 'lastChunkSize': 1388403}
INFO:__main__:{'nextChunkSize': [2055469, 1348011, 852833, 584846, 374758, 150710], 'lastquality': 4, 'buffer': 4.261840999999997, 'bufferAdjusted': -0.2881590000000034, 'bandwidthEst': 857.1508313940799, 'lastRequest': 7, 'RebufferTime': 12282, 'lastChunkFinishTime': 1658191510513, 'lastChunkStartTime': 1658191503875, 'lastChunkSize': 1638769}
INFO:__main__:{'nextChunkSize': [2169201, 1429765, 913888, 560821, 362795, 139105], 'lastquality': 4, 'buffer': 4.3293469999999985, 'bufferAdjusted': -0.22065300000000176, 'bandwidthEst': 909.8146378954036, 'lastRequest': 8, 'RebufferTime': 14134, 'lastChunkFinishTime': 1658191516309, 'lastChunkStartTime': 1658191510571, 'lastChunkSize': 1348011}
INFO:__main__:{'nextChunkSize': [2173522, 1354548, 939819, 607410, 353220, 141840], 'lastquality': 4, 'buffer': 4.4299839999999975, 'bufferAdjusted': -0.12001600000000279, 'bandwidthEst': 998.2049431961508, 'lastRequest': 9, 'RebufferTime': 15470, 'lastChunkFinishTime': 1658191521544, 'lastChunkStartTime': 1658191516363, 'lastChunkSize': 1429765}
INFO:__main__:{'nextChunkSize': [2102452, 1519951, 917428, 594078, 405134, 156148], 'lastquality': 4, 'buffer': 4.263269999999999, 'bufferAdjusted': -0.2867300000000017, 'bandwidthEst': 1156.8371626974474, 'lastRequest': 10, 'RebufferTime': 23609, 'lastChunkFinishTime': 1658191533848, 'lastChunkStartTime': 1658191521606, 'lastChunkSize': 1354548}
INFO:__main__:{'nextChunkSize': [2209463, 1422919, 946851, 624282, 386351, 160746], 'lastquality': 4, 'buffer': 4.410199999999996, 'bufferAdjusted': -0.13980000000000414, 'bandwidthEst': 903.4997767122295, 'lastRequest': 11, 'RebufferTime': 39693, 'lastChunkFinishTime': 1658191553801, 'lastChunkStartTime': 1658191533971, 'lastChunkSize': 1519951}
INFO:__main__:{'nextChunkSize': [2275376, 1578343, 1036454, 687371, 434409, 179801], 'lastquality': 4, 'buffer': 4.481127000000001, 'bufferAdjusted': -0.06887299999999952, 'bandwidthEst': 717.8426064576438, 'lastRequest': 12, 'RebufferTime': 56359, 'lastChunkFinishTime': 1658191574397, 'lastChunkStartTime': 1658191553915, 'lastChunkSize': 1422919}
INFO:__main__:{'nextChunkSize': [2005399, 1231445, 821631, 526950, 337059, 140051], 'lastquality': 4, 'buffer': 4.382048999999995, 'bufferAdjusted': -0.1679510000000053, 'bandwidthEst': 724.8706810318254, 'lastRequest': 13, 'RebufferTime': 59129, 'lastChunkFinishTime': 1658191581264, 'lastChunkStartTime': 1658191574460, 'lastChunkSize': 1578343}
INFO:__main__:{'nextChunkSize': [2152483, 1471065, 923170, 587876, 366214, 138313], 'lastquality': 4, 'buffer': 4.396961999999995, 'bufferAdjusted': -0.15303800000000534, 'bandwidthEst': 720.8608094082388, 'lastRequest': 14, 'RebufferTime': 60059, 'lastChunkFinishTime': 1658191586182, 'lastChunkStartTime': 1658191581320, 'lastChunkSize': 1231445}
INFO:__main__:{'nextChunkSize': [2289689, 1491626, 966699, 617242, 360831, 143509], 'lastquality': 4, 'buffer': 4.323456, 'bufferAdjusted': -0.22654400000000008, 'bandwidthEst': 737.7136157896325, 'lastRequest': 15, 'RebufferTime': 61350, 'lastChunkFinishTime': 1658191591546, 'lastChunkStartTime': 1658191586241, 'lastChunkSize': 1471065}
INFO:__main__:{'nextChunkSize': [2059512, 1358801, 885714, 581493, 372963, 150616], 'lastquality': 4, 'buffer': 4.354937999999997, 'bufferAdjusted': -0.19506200000000318, 'bandwidthEst': 897.7309643809416, 'lastRequest': 16, 'RebufferTime': 62940, 'lastChunkFinishTime': 1658191597096, 'lastChunkStartTime': 1658191591600, 'lastChunkSize': 1491626}
INFO:__main__:{'nextChunkSize': [2220726, 1537156, 987708, 639204, 405596, 165384], 'lastquality': 4, 'buffer': 4.441097999999997, 'bufferAdjusted': -0.10890200000000361, 'bandwidthEst': 2058.08128859815, 'lastRequest': 17, 'RebufferTime': 64212, 'lastChunkFinishTime': 1658191602284, 'lastChunkStartTime': 1658191597155, 'lastChunkSize': 1358801}
INFO:__main__:{'nextChunkSize': [2156729, 1336050, 923755, 586839, 350713, 140881], 'lastquality': 4, 'buffer': 4.453969000000001, 'bufferAdjusted': -0.09603099999999953, 'bandwidthEst': 2142.325388543307, 'lastRequest': 18, 'RebufferTime': 65945, 'lastChunkFinishTime': 1658191607998, 'lastChunkStartTime': 1658191602338, 'lastChunkSize': 1537156}
INFO:__main__:{'nextChunkSize': [2039773, 1415116, 891604, 601738, 386472, 157671], 'lastquality': 4, 'buffer': 4.433728000000002, 'bufferAdjusted': -0.11627199999999815, 'bandwidthEst': 2154.218163634981, 'lastRequest': 19, 'RebufferTime': 67099, 'lastChunkFinishTime': 1658191613172, 'lastChunkStartTime': 1658191608055, 'lastChunkSize': 1336050}
INFO:__main__:{'nextChunkSize': [2176469, 1468126, 955231, 616206, 399894, 157812], 'lastquality': 4, 'buffer': 4.334268999999992, 'bufferAdjusted': -0.21573100000000833, 'bandwidthEst': 2131.919107367673, 'lastRequest': 20, 'RebufferTime': 68434, 'lastChunkFinishTime': 1658191618608, 'lastChunkStartTime': 1658191613229, 'lastChunkSize': 1415116}
INFO:__main__:{'nextChunkSize': [2221506, 1505760, 968026, 656471, 401853, 163927], 'lastquality': 4, 'buffer': 4.415953000000002, 'bufferAdjusted': -0.13404699999999847, 'bandwidthEst': 2153.9415297499336, 'lastRequest': 21, 'RebufferTime': 69682, 'lastChunkFinishTime': 1658191623773, 'lastChunkStartTime': 1658191618662, 'lastChunkSize': 1468126}
INFO:__main__:{'nextChunkSize': [2044075, 1323990, 874175, 536667, 343800, 137654], 'lastquality': 4, 'buffer': 4.392696000000001, 'bufferAdjusted': -0.15730399999999944, 'bandwidthEst': 2172.1895903730274, 'lastRequest': 22, 'RebufferTime': 71170, 'lastChunkFinishTime': 1658191629279, 'lastChunkStartTime': 1658191623831, 'lastChunkSize': 1505760}
INFO:__main__:{'nextChunkSize': [2186790, 1383735, 897976, 587236, 359903, 146754], 'lastquality': 4, 'buffer': 4.374854999999997, 'bufferAdjusted': -0.17514500000000366, 'bandwidthEst': 2180.7738276371406, 'lastRequest': 23, 'RebufferTime': 71979, 'lastChunkFinishTime': 1658191634104, 'lastChunkStartTime': 1658191629333, 'lastChunkSize': 1323990}
INFO:__main__:{'nextChunkSize': [2105231, 1480464, 905935, 590335, 379700, 153938], 'lastquality': 4, 'buffer': 4.430464000000001, 'bufferAdjusted': -0.11953599999999964, 'bandwidthEst': 2200.3549829923522, 'lastRequest': 24, 'RebufferTime': 73162, 'lastChunkFinishTime': 1658191639233, 'lastChunkStartTime': 1658191634161, 'lastChunkSize': 1383735}
INFO:__main__:{'nextChunkSize': [2395588, 1547572, 1076599, 696376, 425781, 181901], 'lastquality': 4, 'buffer': 4.359966, 'bufferAdjusted': -0.19003400000000026, 'bandwidthEst': 2202.1007574308014, 'lastRequest': 25, 'RebufferTime': 74748, 'lastChunkFinishTime': 1658191644889, 'lastChunkStartTime': 1658191639291, 'lastChunkSize': 1480464}
INFO:__main__:{'nextChunkSize': [1972048, 1141971, 758197, 487160, 277716, 111155], 'lastquality': 4, 'buffer': 4.435507999999999, 'bufferAdjusted': -0.11449200000000159, 'bandwidthEst': 1468.986513508378, 'lastRequest': 26, 'RebufferTime': 83775, 'lastChunkFinishTime': 1658191657830, 'lastChunkStartTime': 1658191644946, 'lastChunkSize': 1547572}
INFO:__main__:{'nextChunkSize': [2134614, 1498470, 972798, 622896, 400396, 153605], 'lastquality': 4, 'buffer': 4.453249, 'bufferAdjusted': -0.0967510000000007, 'bandwidthEst': 593.3831169489496, 'lastRequest': 27, 'RebufferTime': 105160, 'lastChunkFinishTime': 1658191683197, 'lastChunkStartTime': 1658191657954, 'lastChunkSize': 1141971}
INFO:__main__:{'nextChunkSize': [2164140, 1561263, 975811, 641447, 400508, 149029], 'lastquality': 4, 'buffer': 4.321060000000003, 'bufferAdjusted': -0.22893999999999748, 'bandwidthEst': 604.1550469513602, 'lastRequest': 28, 'RebufferTime': 107808, 'lastChunkFinishTime': 1658191689977, 'lastChunkStartTime': 1658191683254, 'lastChunkSize': 1498470}
INFO:__main__:{'nextChunkSize': [2113193, 1341201, 873429, 570392, 358218, 157421], 'lastquality': 4, 'buffer': 4.462705, 'bufferAdjusted': -0.08729500000000057, 'bandwidthEst': 609.8922888709677, 'lastRequest': 29, 'RebufferTime': 109867, 'lastChunkFinishTime': 1658191695894, 'lastChunkStartTime': 1658191690037, 'lastChunkSize': 1561263}
INFO:__main__:{'nextChunkSize': [2147852, 1497683, 954453, 620283, 400322, 157488], 'lastquality': 4, 'buffer': 4.268191999999999, 'bufferAdjusted': -0.28180800000000117, 'bandwidthEst': 608.1887586842117, 'lastRequest': 30, 'RebufferTime': 111355, 'lastChunkFinishTime': 1658191701577, 'lastChunkStartTime': 1658191695952, 'lastChunkSize': 1341201}
INFO:__main__:{'nextChunkSize': [2191074, 1358081, 885062, 584349, 369834, 143881], 'lastquality': 4, 'buffer': 4.264889000000011, 'bufferAdjusted': -0.28511099999998946, 'bandwidthEst': 599.5719147962035, 'lastRequest': 31, 'RebufferTime': 113034, 'lastChunkFinishTime': 1658191707271, 'lastChunkStartTime': 1658191701634, 'lastChunkSize': 1497683}
INFO:__main__:{'nextChunkSize': [2286761, 1587293, 1035329, 670129, 412837, 163444], 'lastquality': 4, 'buffer': 4.452700000000007, 'bufferAdjusted': -0.09729999999999306, 'bandwidthEst': 1983.5137367609543, 'lastRequest': 32, 'RebufferTime': 114541, 'lastChunkFinishTime': 1658191712607, 'lastChunkStartTime': 1658191707331, 'lastChunkSize': 1358081}
INFO:__main__:{'nextChunkSize': [2307787, 1492672, 1026056, 690253, 401088, 179328], 'lastquality': 4, 'buffer': 4.454908000000017, 'bufferAdjusted': -0.09509199999998286, 'bandwidthEst': 2068.9342750290853, 'lastRequest': 33, 'RebufferTime': 116554, 'lastChunkFinishTime': 1658191718616, 'lastChunkStartTime': 1658191712660, 'lastChunkSize': 1587293}
INFO:__main__:{'nextChunkSize': [2143948, 1439896, 943942, 598727, 365161, 159914], 'lastquality': 4, 'buffer': 4.458658000000014, 'bufferAdjusted': -0.09134199999998627, 'bandwidthEst': 2085.4589582503295, 'lastRequest': 34, 'RebufferTime': 117963, 'lastChunkFinishTime': 1658191724022, 'lastChunkStartTime': 1658191718677, 'lastChunkSize': 1492672}
INFO:__main__:{'nextChunkSize': [1919781, 1139291, 728962, 487812, 321064, 131610], 'lastquality': 4, 'buffer': 4.363877000000002, 'bufferAdjusted': -0.18612299999999804, 'bandwidthEst': 2157.4562854550986, 'lastRequest': 35, 'RebufferTime': 119028, 'lastChunkFinishTime': 1658191729183, 'lastChunkStartTime': 1658191724078, 'lastChunkSize': 1439896}
INFO:__main__:{'nextChunkSize': [2147467, 1499009, 938587, 575591, 361565, 124011], 'lastquality': 4, 'buffer': 4.420828, 'bufferAdjusted': -0.12917200000000006, 'bandwidthEst': 2177.130998247376, 'lastRequest': 36, 'RebufferTime': 119214, 'lastChunkFinishTime': 1658191733309, 'lastChunkStartTime': 1658191729238, 'lastChunkSize': 1139291}
INFO:__main__:{'nextChunkSize': [2133870, 1427478, 908665, 605884, 378327, 144254], 'lastquality': 4, 'buffer': 4.355018000000001, 'bufferAdjusted': -0.1949819999999991, 'bandwidthEst': 2191.590537245402, 'lastRequest': 37, 'RebufferTime': 120841, 'lastChunkFinishTime': 1658191738999, 'lastChunkStartTime': 1658191733364, 'lastChunkSize': 1499009}
INFO:__main__:{'nextChunkSize': [2146120, 1402287, 930577, 587506, 390680, 149991], 'lastquality': 4, 'buffer': 4.478612000000027, 'bufferAdjusted': -0.07138799999997358, 'bandwidthEst': 2200.985075451178, 'lastRequest': 38, 'RebufferTime': 122291, 'lastChunkFinishTime': 1658191744326, 'lastChunkStartTime': 1658191739058, 'lastChunkSize': 1427478}
INFO:__main__:{'nextChunkSize': [2108491, 1339500, 858450, 566904, 345516, 147968], 'lastquality': 4, 'buffer': 4.424520999999999, 'bufferAdjusted': -0.12547900000000167, 'bandwidthEst': 2201.612570168575, 'lastRequest': 39, 'RebufferTime': 123304, 'lastChunkFinishTime': 1658191749394, 'lastChunkStartTime': 1658191744385, 'lastChunkSize': 1402287}
INFO:__main__:{'nextChunkSize': [2184571, 1527299, 1025005, 641452, 384505, 161857], 'lastquality': 4, 'buffer': 4.434668000000016, 'bufferAdjusted': -0.115331999999984, 'bandwidthEst': 2184.809617112457, 'lastRequest': 40, 'RebufferTime': 124307, 'lastChunkFinishTime': 1658191754386, 'lastChunkStartTime': 1658191749452, 'lastChunkSize': 1339500}
INFO:__main__:{'nextChunkSize': [2121928, 1343002, 886255, 599477, 372093, 145210], 'lastquality': 4, 'buffer': 4.4293630000000235, 'bufferAdjusted': -0.12063699999997679, 'bandwidthEst': 2149.339891842058, 'lastRequest': 41, 'RebufferTime': 126278, 'lastChunkFinishTime': 1658191760359, 'lastChunkStartTime': 1658191754442, 'lastChunkSize': 1527299}
INFO:__main__:{'nextChunkSize': [2219102, 1587250, 973972, 634861, 438281, 172312], 'lastquality': 4, 'buffer': 4.396739000000025, 'bufferAdjusted': -0.15326099999997522, 'bandwidthEst': 2068.0711958809097, 'lastRequest': 42, 'RebufferTime': 128241, 'lastChunkFinishTime': 1658191766356, 'lastChunkStartTime': 1658191760415, 'lastChunkSize': 1343002}
INFO:__main__:{'nextChunkSize': [2124950, 1464921, 958994, 630203, 398987, 167025], 'lastquality': 4, 'buffer': 4.3563469999999995, 'bufferAdjusted': -0.19365300000000074, 'bandwidthEst': 2062.285041744595, 'lastRequest': 43, 'RebufferTime': 130231, 'lastChunkFinishTime': 1658191772383, 'lastChunkStartTime': 1658191766412, 'lastChunkSize': 1587250}
INFO:__main__:{'nextChunkSize': [2246506, 1483527, 982064, 638661, 393804, 160064], 'lastquality': 4, 'buffer': 4.338390000000004, 'bufferAdjusted': -0.2116099999999963, 'bandwidthEst': 2035.0848141699594, 'lastRequest': 44, 'RebufferTime': 131941, 'lastChunkFinishTime': 1658191778110, 'lastChunkStartTime': 1658191772444, 'lastChunkSize': 1464921}
INFO:__main__:{'nextChunkSize': [1961140, 1231456, 830730, 538612, 331053, 137507], 'lastquality': 4, 'buffer': 4.293965000000014, 'bufferAdjusted': -0.256034999999986, 'bandwidthEst': 2052.5295477197587, 'lastRequest': 45, 'RebufferTime': 133167, 'lastChunkFinishTime': 1658191783382, 'lastChunkStartTime': 1658191778171, 'lastChunkSize': 1483527}
INFO:__main__:{'nextChunkSize': [2155012, 1364537, 846370, 550906, 314107, 118421], 'lastquality': 4, 'buffer': 4.265778000000012, 'bufferAdjusted': -0.28422199999998865, 'bandwidthEst': 2072.9752323510093, 'lastRequest': 46, 'RebufferTime': 133670, 'lastChunkFinishTime': 1658191787914, 'lastChunkStartTime': 1658191783441, 'lastChunkSize': 1231456}
