DEBUG:__main__:starting run_video
DEBUG:__main__:url is: http://100.64.0.1:44444/myindex_RL.html
DEBUG:__main__:copy over the chrome user dir...
DEBUG:__main__:start abr algorithm server...
DEBUG:__main__:rl server command is: exec /users/acardoza/venv/bin/python /newhome/Orca/orca_pensieve/pensieve/rl_server_no_training.py orca-cubic-6mbps_3mbps_oscillating19-sec-mahimahi-wired12-10-20-30
DEBUG:__main__:starting display...
DEBUG:pyvirtualdisplay.abstractdisplay:command: ['Xvfb', '-br', '-nolisten', 'tcp', '-screen', '0', '800x600x24', '-displayfd', '7']
DEBUG:pyvirtualdisplay.abstractdisplay:set $DISPLAY=:0
DEBUG:__main__:display started...
DEBUG:__main__:initialize chrome driver
DEBUG:selenium.webdriver.remote.remote_connection:POST http://127.0.0.1:56043/session {"desiredCapabilities": {"browserName": "chrome", "version": "", "platform": "ANY", "javascriptEnabled": true, "chromeOptions": {"localState": {"browser.enabled_labs_experiments": ["block-insecure-private-network-requests@2"]}, "extensions": [], "args": ["--user-data-dir=/tmp/chrome_user_dir_id_0", "--ignore-certificate-errors", "--disable-web-security", "--autoplay-policy=no-user-gesture-required"]}}, "requiredCapabilities": {}}
DEBUG:selenium.webdriver.remote.remote_connection:Finished Request
DEBUG:__main__:chrome driver initialized...
DEBUG:selenium.webdriver.remote.remote_connection:POST http://127.0.0.1:56043/session/d0e2a1ab0125abf6b370b0e6f3fbd161/timeouts {"ms": 10000.0, "type": "page load", "sessionId": "d0e2a1ab0125abf6b370b0e6f3fbd161"}
DEBUG:selenium.webdriver.remote.remote_connection:Finished Request
DEBUG:__main__:page parameters set
DEBUG:__main__:getting url
DEBUG:selenium.webdriver.remote.remote_connection:POST http://127.0.0.1:56043/session/d0e2a1ab0125abf6b370b0e6f3fbd161/url {"url": "http://100.64.0.1:44444/myindex_RL.html", "sessionId": "d0e2a1ab0125abf6b370b0e6f3fbd161"}
DEBUG:selenium.webdriver.remote.remote_connection:Finished Request
DEBUG:__main__:got url
DEBUG:__main__:sleeping for 320 seconds
DEBUG:selenium.webdriver.remote.remote_connection:DELETE http://127.0.0.1:56043/session/d0e2a1ab0125abf6b370b0e6f3fbd161 {"sessionId": "d0e2a1ab0125abf6b370b0e6f3fbd161"}
DEBUG:selenium.webdriver.remote.remote_connection:Finished Request
DEBUG:pyvirtualdisplay.abstractdisplay:set $DISPLAY=localhost:10.0
DEBUG:pyvirtualdisplay.abstractdisplay:stdout=b''
DEBUG:pyvirtualdisplay.abstractdisplay:stderr=b''
DEBUG:__main__:stopped chrome driver
DEBUG:__main__:starting run_video
DEBUG:__main__:url is: http://100.64.0.1:44444/myindex_RL.html
DEBUG:__main__:copy over the chrome user dir...
DEBUG:__main__:start abr algorithm server...
DEBUG:__main__:rl server command is: exec /users/acardoza/venv/bin/python /newhome/Orca/orca_pensieve/pensieve/rl_server_no_training.py orca-cubic-6mbps_3mbps_oscillating19-sec-mahimahi-wired12-10-20-30
DEBUG:__main__:starting display...
DEBUG:pyvirtualdisplay.abstractdisplay:command: ['Xvfb', '-br', '-nolisten', 'tcp', '-screen', '0', '800x600x24', '-displayfd', '7']
DEBUG:pyvirtualdisplay.abstractdisplay:set $DISPLAY=:0
DEBUG:__main__:display started...
DEBUG:__main__:initialize chrome driver
DEBUG:selenium.webdriver.remote.remote_connection:POST http://127.0.0.1:36585/session {"desiredCapabilities": {"browserName": "chrome", "version": "", "platform": "ANY", "javascriptEnabled": true, "chromeOptions": {"localState": {"browser.enabled_labs_experiments": ["block-insecure-private-network-requests@2"]}, "extensions": [], "args": ["--user-data-dir=/tmp/chrome_user_dir_id_0", "--ignore-certificate-errors", "--disable-web-security", "--autoplay-policy=no-user-gesture-required"]}}, "requiredCapabilities": {}}
DEBUG:selenium.webdriver.remote.remote_connection:Finished Request
DEBUG:__main__:chrome driver initialized...
DEBUG:selenium.webdriver.remote.remote_connection:POST http://127.0.0.1:36585/session/391c12e76bd031de88467229000578f3/timeouts {"ms": 10000.0, "type": "page load", "sessionId": "391c12e76bd031de88467229000578f3"}
DEBUG:selenium.webdriver.remote.remote_connection:Finished Request
DEBUG:__main__:page parameters set
DEBUG:__main__:getting url
DEBUG:selenium.webdriver.remote.remote_connection:POST http://127.0.0.1:36585/session/391c12e76bd031de88467229000578f3/url {"url": "http://100.64.0.1:44444/myindex_RL.html", "sessionId": "391c12e76bd031de88467229000578f3"}
DEBUG:selenium.webdriver.remote.remote_connection:Finished Request
DEBUG:__main__:got url
DEBUG:__main__:sleeping for 320 seconds
DEBUG:selenium.webdriver.remote.remote_connection:DELETE http://127.0.0.1:36585/session/391c12e76bd031de88467229000578f3 {"sessionId": "391c12e76bd031de88467229000578f3"}
DEBUG:selenium.webdriver.remote.remote_connection:Finished Request
DEBUG:pyvirtualdisplay.abstractdisplay:set $DISPLAY=localhost:10.0
DEBUG:pyvirtualdisplay.abstractdisplay:stdout=b''
DEBUG:pyvirtualdisplay.abstractdisplay:stderr=b''
DEBUG:__main__:stopped chrome driver
DEBUG:__main__:starting run_video
DEBUG:__main__:url is: http://100.64.0.1:44444/myindex_RL.html
DEBUG:__main__:copy over the chrome user dir...
DEBUG:__main__:start abr algorithm server...
DEBUG:__main__:rl server command is: exec /users/acardoza/venv/bin/python /newhome/Orca/orca_pensieve/pensieve/rl_server_no_training.py orca-cubic-6mbps_3mbps_oscillating19-sec-mahimahi-wired12-10-20-30
DEBUG:__main__:starting display...
DEBUG:pyvirtualdisplay.abstractdisplay:command: ['Xvfb', '-br', '-nolisten', 'tcp', '-screen', '0', '800x600x24', '-displayfd', '7']
DEBUG:pyvirtualdisplay.abstractdisplay:set $DISPLAY=:0
DEBUG:__main__:display started...
DEBUG:__main__:initialize chrome driver
DEBUG:selenium.webdriver.remote.remote_connection:POST http://127.0.0.1:59307/session {"desiredCapabilities": {"browserName": "chrome", "version": "", "platform": "ANY", "javascriptEnabled": true, "chromeOptions": {"localState": {"browser.enabled_labs_experiments": ["block-insecure-private-network-requests@2"]}, "extensions": [], "args": ["--user-data-dir=/tmp/chrome_user_dir_id_0", "--ignore-certificate-errors", "--disable-web-security", "--autoplay-policy=no-user-gesture-required"]}}, "requiredCapabilities": {}}
DEBUG:selenium.webdriver.remote.remote_connection:Finished Request
DEBUG:__main__:chrome driver initialized...
DEBUG:selenium.webdriver.remote.remote_connection:POST http://127.0.0.1:59307/session/7e079a7743c998a6951f4512a02efafa/timeouts {"ms": 10000.0, "type": "page load", "sessionId": "7e079a7743c998a6951f4512a02efafa"}
DEBUG:selenium.webdriver.remote.remote_connection:Finished Request
DEBUG:__main__:page parameters set
DEBUG:__main__:getting url
DEBUG:selenium.webdriver.remote.remote_connection:POST http://127.0.0.1:59307/session/7e079a7743c998a6951f4512a02efafa/url {"url": "http://100.64.0.1:44444/myindex_RL.html", "sessionId": "7e079a7743c998a6951f4512a02efafa"}
DEBUG:selenium.webdriver.remote.remote_connection:Finished Request
DEBUG:__main__:got url
DEBUG:__main__:sleeping for 320 seconds
DEBUG:selenium.webdriver.remote.remote_connection:DELETE http://127.0.0.1:59307/session/7e079a7743c998a6951f4512a02efafa {"sessionId": "7e079a7743c998a6951f4512a02efafa"}
DEBUG:selenium.webdriver.remote.remote_connection:Finished Request
DEBUG:pyvirtualdisplay.abstractdisplay:set $DISPLAY=localhost:10.0
DEBUG:pyvirtualdisplay.abstractdisplay:stdout=b''
DEBUG:pyvirtualdisplay.abstractdisplay:stderr=b''
DEBUG:__main__:stopped chrome driver
DEBUG:__main__:starting run_video
DEBUG:__main__:url is: http://128.105.144.161:44444/myindex_RL.html
DEBUG:__main__:copy over the chrome user dir...
DEBUG:__main__:start abr algorithm server...
DEBUG:__main__:rl server command is: exec /users/acardoza/venv/bin/python /newhome/Orca/orca_pensieve/pensieve/rl_server_no_training.py orca-cubic-6mbps_3mbps_oscillating19-sec-mahimahi-wired12-10-20-30
DEBUG:__main__:starting display...
DEBUG:pyvirtualdisplay.abstractdisplay:command: ['Xvfb', '-br', '-nolisten', 'tcp', '-screen', '0', '800x600x24', '-displayfd', '7']
DEBUG:pyvirtualdisplay.abstractdisplay:set $DISPLAY=:0
DEBUG:__main__:display started...
DEBUG:__main__:initialize chrome driver
DEBUG:selenium.webdriver.remote.remote_connection:POST http://127.0.0.1:36359/session {"desiredCapabilities": {"browserName": "chrome", "version": "", "platform": "ANY", "javascriptEnabled": true, "chromeOptions": {"localState": {"browser.enabled_labs_experiments": ["block-insecure-private-network-requests@2"]}, "extensions": [], "args": ["--user-data-dir=/tmp/chrome_user_dir_id_0", "--ignore-certificate-errors", "--disable-web-security", "--autoplay-policy=no-user-gesture-required"]}}, "requiredCapabilities": {}}
DEBUG:selenium.webdriver.remote.remote_connection:Finished Request
DEBUG:__main__:chrome driver initialized...
DEBUG:selenium.webdriver.remote.remote_connection:POST http://127.0.0.1:36359/session/102a896a5443a58134a50731f6b6aa05/timeouts {"ms": 10000.0, "type": "page load", "sessionId": "102a896a5443a58134a50731f6b6aa05"}
DEBUG:selenium.webdriver.remote.remote_connection:Finished Request
DEBUG:__main__:page parameters set
DEBUG:__main__:getting url
DEBUG:selenium.webdriver.remote.remote_connection:POST http://127.0.0.1:36359/session/102a896a5443a58134a50731f6b6aa05/url {"url": "http://128.105.144.161:44444/myindex_RL.html", "sessionId": "102a896a5443a58134a50731f6b6aa05"}
DEBUG:selenium.webdriver.remote.remote_connection:Finished Request
DEBUG:__main__:got url
DEBUG:__main__:sleeping for 320 seconds
DEBUG:selenium.webdriver.remote.remote_connection:DELETE http://127.0.0.1:36359/session/102a896a5443a58134a50731f6b6aa05 {"sessionId": "102a896a5443a58134a50731f6b6aa05"}
DEBUG:selenium.webdriver.remote.remote_connection:Finished Request
DEBUG:pyvirtualdisplay.abstractdisplay:set $DISPLAY=localhost:10.0
DEBUG:pyvirtualdisplay.abstractdisplay:stdout=b''
DEBUG:pyvirtualdisplay.abstractdisplay:stderr=b''
DEBUG:__main__:stopped chrome driver
DEBUG:__main__:starting run_video
DEBUG:__main__:url is: http://128.105.144.161:44444/myindex_RL.html
DEBUG:__main__:copy over the chrome user dir...
DEBUG:__main__:start abr algorithm server...
DEBUG:__main__:rl server command is: exec /users/acardoza/venv/bin/python /newhome/Orca/orca_pensieve/pensieve/rl_server_no_training.py orca-cubic-6mbps_3mbps_oscillating19-sec-mahimahi-wired12-10-20-30
DEBUG:__main__:starting display...
DEBUG:pyvirtualdisplay.abstractdisplay:command: ['Xvfb', '-br', '-nolisten', 'tcp', '-screen', '0', '800x600x24', '-displayfd', '7']
DEBUG:pyvirtualdisplay.abstractdisplay:set $DISPLAY=:0
DEBUG:__main__:display started...
DEBUG:__main__:initialize chrome driver
DEBUG:selenium.webdriver.remote.remote_connection:POST http://127.0.0.1:42457/session {"desiredCapabilities": {"browserName": "chrome", "version": "", "platform": "ANY", "javascriptEnabled": true, "chromeOptions": {"localState": {"browser.enabled_labs_experiments": ["block-insecure-private-network-requests@2"]}, "extensions": [], "args": ["--user-data-dir=/tmp/chrome_user_dir_id_0", "--ignore-certificate-errors", "--disable-web-security", "--autoplay-policy=no-user-gesture-required"]}}, "requiredCapabilities": {}}
DEBUG:selenium.webdriver.remote.remote_connection:Finished Request
DEBUG:__main__:chrome driver initialized...
DEBUG:selenium.webdriver.remote.remote_connection:POST http://127.0.0.1:42457/session/861830e3d745f131727e3ec5ef0c273f/timeouts {"ms": 10000.0, "type": "page load", "sessionId": "861830e3d745f131727e3ec5ef0c273f"}
DEBUG:selenium.webdriver.remote.remote_connection:Finished Request
DEBUG:__main__:page parameters set
DEBUG:__main__:getting url
DEBUG:selenium.webdriver.remote.remote_connection:POST http://127.0.0.1:42457/session/861830e3d745f131727e3ec5ef0c273f/url {"url": "http://128.105.144.161:44444/myindex_RL.html", "sessionId": "861830e3d745f131727e3ec5ef0c273f"}
DEBUG:selenium.webdriver.remote.remote_connection:Finished Request
DEBUG:__main__:got url
DEBUG:__main__:sleeping for 320 seconds
DEBUG:selenium.webdriver.remote.remote_connection:DELETE http://127.0.0.1:42457/session/861830e3d745f131727e3ec5ef0c273f {"sessionId": "861830e3d745f131727e3ec5ef0c273f"}
DEBUG:selenium.webdriver.remote.remote_connection:Finished Request
DEBUG:pyvirtualdisplay.abstractdisplay:set $DISPLAY=localhost:10.0
DEBUG:pyvirtualdisplay.abstractdisplay:stdout=b''
DEBUG:pyvirtualdisplay.abstractdisplay:stderr=b''
DEBUG:__main__:stopped chrome driver
DEBUG:__main__:starting run_video
DEBUG:__main__:url is: http://128.105.144.161:44444/myindex_RL.html
DEBUG:__main__:copy over the chrome user dir...
DEBUG:__main__:start abr algorithm server...
DEBUG:__main__:rl server command is: exec /users/acardoza/venv/bin/python /newhome/Orca/orca_pensieve/pensieve/rl_server_no_training.py orca-cubic-6mbps_3mbps_oscillating19-sec-mahimahi-wired12-10-20-30
DEBUG:__main__:starting display...
DEBUG:pyvirtualdisplay.abstractdisplay:command: ['Xvfb', '-br', '-nolisten', 'tcp', '-screen', '0', '800x600x24', '-displayfd', '7']
DEBUG:pyvirtualdisplay.abstractdisplay:set $DISPLAY=:0
DEBUG:__main__:display started...
DEBUG:__main__:initialize chrome driver
DEBUG:selenium.webdriver.remote.remote_connection:POST http://127.0.0.1:52461/session {"desiredCapabilities": {"browserName": "chrome", "version": "", "platform": "ANY", "javascriptEnabled": true, "chromeOptions": {"localState": {"browser.enabled_labs_experiments": ["block-insecure-private-network-requests@2"]}, "extensions": [], "args": ["--user-data-dir=/tmp/chrome_user_dir_id_0", "--ignore-certificate-errors", "--disable-web-security", "--autoplay-policy=no-user-gesture-required"]}}, "requiredCapabilities": {}}
DEBUG:selenium.webdriver.remote.remote_connection:Finished Request
DEBUG:__main__:chrome driver initialized...
DEBUG:selenium.webdriver.remote.remote_connection:POST http://127.0.0.1:52461/session/c27da18706cd3a395949a20fdf044ed2/timeouts {"ms": 10000.0, "type": "page load", "sessionId": "c27da18706cd3a395949a20fdf044ed2"}
DEBUG:selenium.webdriver.remote.remote_connection:Finished Request
DEBUG:__main__:page parameters set
DEBUG:__main__:getting url
DEBUG:selenium.webdriver.remote.remote_connection:POST http://127.0.0.1:52461/session/c27da18706cd3a395949a20fdf044ed2/url {"url": "http://128.105.144.161:44444/myindex_RL.html", "sessionId": "c27da18706cd3a395949a20fdf044ed2"}
DEBUG:selenium.webdriver.remote.remote_connection:Finished Request
DEBUG:__main__:got url
DEBUG:__main__:sleeping for 320 seconds
DEBUG:selenium.webdriver.remote.remote_connection:DELETE http://127.0.0.1:52461/session/c27da18706cd3a395949a20fdf044ed2 {"sessionId": "c27da18706cd3a395949a20fdf044ed2"}
DEBUG:selenium.webdriver.remote.remote_connection:Finished Request
DEBUG:pyvirtualdisplay.abstractdisplay:set $DISPLAY=localhost:10.0
DEBUG:pyvirtualdisplay.abstractdisplay:stdout=b''
DEBUG:pyvirtualdisplay.abstractdisplay:stderr=b''
DEBUG:__main__:stopped chrome driver
DEBUG:__main__:starting run_video
DEBUG:__main__:url is: http://128.105.144.161:44444/myindex_RL.html
DEBUG:__main__:copy over the chrome user dir...
DEBUG:__main__:start abr algorithm server...
DEBUG:__main__:rl server command is: exec /users/acardoza/venv/bin/python /newhome/Orca/orca_pensieve/pensieve/rl_server_no_training.py orca-cubic-6mbps_3mbps_oscillating19-sec-mahimahi-wired12-10-20-30
DEBUG:__main__:starting display...
DEBUG:pyvirtualdisplay.abstractdisplay:command: ['Xvfb', '-br', '-nolisten', 'tcp', '-screen', '0', '800x600x24', '-displayfd', '7']
DEBUG:pyvirtualdisplay.abstractdisplay:set $DISPLAY=:0
DEBUG:__main__:display started...
DEBUG:__main__:initialize chrome driver
DEBUG:selenium.webdriver.remote.remote_connection:POST http://127.0.0.1:54119/session {"desiredCapabilities": {"browserName": "chrome", "version": "", "platform": "ANY", "javascriptEnabled": true, "chromeOptions": {"localState": {"browser.enabled_labs_experiments": ["block-insecure-private-network-requests@2"]}, "extensions": [], "args": ["--user-data-dir=/tmp/chrome_user_dir_id_0", "--ignore-certificate-errors", "--disable-web-security", "--autoplay-policy=no-user-gesture-required"]}}, "requiredCapabilities": {}}
DEBUG:selenium.webdriver.remote.remote_connection:Finished Request
DEBUG:__main__:chrome driver initialized...
DEBUG:selenium.webdriver.remote.remote_connection:POST http://127.0.0.1:54119/session/62c228e13589b62ab740656a4c79185b/timeouts {"ms": 10000.0, "type": "page load", "sessionId": "62c228e13589b62ab740656a4c79185b"}
DEBUG:selenium.webdriver.remote.remote_connection:Finished Request
DEBUG:__main__:page parameters set
DEBUG:__main__:getting url
DEBUG:selenium.webdriver.remote.remote_connection:POST http://127.0.0.1:54119/session/62c228e13589b62ab740656a4c79185b/url {"url": "http://128.105.144.161:44444/myindex_RL.html", "sessionId": "62c228e13589b62ab740656a4c79185b"}
DEBUG:selenium.webdriver.remote.remote_connection:Finished Request
DEBUG:__main__:got url
DEBUG:__main__:sleeping for 320 seconds
DEBUG:selenium.webdriver.remote.remote_connection:DELETE http://127.0.0.1:54119/session/62c228e13589b62ab740656a4c79185b {"sessionId": "62c228e13589b62ab740656a4c79185b"}
DEBUG:selenium.webdriver.remote.remote_connection:Finished Request
DEBUG:pyvirtualdisplay.abstractdisplay:set $DISPLAY=localhost:10.0
DEBUG:pyvirtualdisplay.abstractdisplay:stdout=b''
DEBUG:pyvirtualdisplay.abstractdisplay:stderr=b''
DEBUG:__main__:stopped chrome driver
DEBUG:__main__:starting run_video
DEBUG:__main__:url is: http://100.64.0.1:44444/myindex_RL.html
DEBUG:__main__:copy over the chrome user dir...
DEBUG:__main__:start abr algorithm server...
DEBUG:__main__:rl server command is: exec /users/acardoza/venv/bin/python /newhome/Orca/orca_pensieve/pensieve/rl_server_no_training.py orca-cubic-6mbps_3mbps_oscillating19-sec-mahimahi-wired12-10-20-30
DEBUG:__main__:starting display...
DEBUG:pyvirtualdisplay.abstractdisplay:command: ['Xvfb', '-br', '-nolisten', 'tcp', '-screen', '0', '800x600x24', '-displayfd', '7']
DEBUG:pyvirtualdisplay.abstractdisplay:set $DISPLAY=:0
DEBUG:__main__:display started...
DEBUG:__main__:initialize chrome driver
DEBUG:pyvirtualdisplay.abstractdisplay:set $DISPLAY=localhost:10.0
DEBUG:pyvirtualdisplay.abstractdisplay:stdout=b''
DEBUG:pyvirtualdisplay.abstractdisplay:stderr=b''
ERROR:__main__:Message: Service /newhome/Orca/orca_pensieve/pensieve/abr_browser_dir/chromedriver unexpectedly exited. Status code was: 127

DEBUG:__main__:starting run_video
DEBUG:__main__:url is: http://100.64.0.1:44444/myindex_RL.html
DEBUG:__main__:copy over the chrome user dir...
DEBUG:__main__:start abr algorithm server...
DEBUG:__main__:rl server command is: exec /users/acardoza/venv/bin/python /newhome/Orca/orca_pensieve/pensieve/rl_server_no_training.py orca-cubic-6mbps_3mbps_oscillating19-sec-mahimahi-wired12-10-20-30
DEBUG:__main__:starting display...
DEBUG:pyvirtualdisplay.abstractdisplay:command: ['Xvfb', '-br', '-nolisten', 'tcp', '-screen', '0', '800x600x24', '-displayfd', '7']
DEBUG:pyvirtualdisplay.abstractdisplay:set $DISPLAY=:0
DEBUG:__main__:display started...
DEBUG:__main__:initialize chrome driver
DEBUG:pyvirtualdisplay.abstractdisplay:set $DISPLAY=localhost:10.0
DEBUG:pyvirtualdisplay.abstractdisplay:stdout=b''
DEBUG:pyvirtualdisplay.abstractdisplay:stderr=b''
ERROR:__main__:Message: Service /newhome/Orca/orca_pensieve/pensieve/abr_browser_dir/chromedriver unexpectedly exited. Status code was: 127

DEBUG:__main__:starting run_video
DEBUG:__main__:url is: http://128.105.144.156:44444/myindex_RL.html
DEBUG:__main__:copy over the chrome user dir...
DEBUG:__main__:start abr algorithm server...
DEBUG:__main__:rl server command is: exec /users/acardoza/venv/bin/python /newhome/Orca/orca_pensieve/pensieve/rl_server_no_training.py orca-cubic-6mbps_3mbps_oscillating19-sec-mahimahi-wired12-10-20-30
DEBUG:__main__:starting display...
DEBUG:pyvirtualdisplay.abstractdisplay:command: ['Xvfb', '-br', '-nolisten', 'tcp', '-screen', '0', '800x600x24', '-displayfd', '7']
DEBUG:pyvirtualdisplay.abstractdisplay:set $DISPLAY=:0
DEBUG:__main__:display started...
DEBUG:__main__:initialize chrome driver
DEBUG:pyvirtualdisplay.abstractdisplay:set $DISPLAY=localhost:10.0
DEBUG:pyvirtualdisplay.abstractdisplay:stdout=b''
DEBUG:pyvirtualdisplay.abstractdisplay:stderr=b''
ERROR:__main__:Message: Service /newhome/Orca/orca_pensieve/pensieve/abr_browser_dir/chromedriver unexpectedly exited. Status code was: 127

DEBUG:__main__:starting run_video
DEBUG:__main__:url is: http://100.64.0.1:44444/myindex_RL.html
DEBUG:__main__:copy over the chrome user dir...
DEBUG:__main__:start abr algorithm server...
DEBUG:__main__:rl server command is: exec /users/acardoza/venv/bin/python /newhome/Orca/orca_pensieve/pensieve/rl_server_no_training.py orca-cubic-6mbps_3mbps_oscillating19-sec-mahimahi-wired12-10-20-30
DEBUG:__main__:starting display...
DEBUG:pyvirtualdisplay.abstractdisplay:command: ['Xvfb', '-br', '-nolisten', 'tcp', '-screen', '0', '800x600x24', '-displayfd', '7']
DEBUG:pyvirtualdisplay.abstractdisplay:set $DISPLAY=:0
DEBUG:__main__:display started...
DEBUG:__main__:initialize chrome driver
DEBUG:selenium.webdriver.remote.remote_connection:POST http://127.0.0.1:37729/session {"desiredCapabilities": {"browserName": "chrome", "version": "", "platform": "ANY", "javascriptEnabled": true, "chromeOptions": {"localState": {"browser.enabled_labs_experiments": ["block-insecure-private-network-requests@2"]}, "extensions": [], "args": ["--user-data-dir=/tmp/chrome_user_dir_id_0", "--ignore-certificate-errors", "--disable-web-security", "--autoplay-policy=no-user-gesture-required"]}}, "requiredCapabilities": {}}
DEBUG:selenium.webdriver.remote.remote_connection:Finished Request
DEBUG:__main__:chrome driver initialized...
DEBUG:selenium.webdriver.remote.remote_connection:POST http://127.0.0.1:37729/session/b2599f2c6f67d7d87826def933f18f2b/timeouts {"ms": 10000.0, "type": "page load", "sessionId": "b2599f2c6f67d7d87826def933f18f2b"}
DEBUG:selenium.webdriver.remote.remote_connection:Finished Request
DEBUG:__main__:page parameters set
DEBUG:__main__:getting url
DEBUG:selenium.webdriver.remote.remote_connection:POST http://127.0.0.1:37729/session/b2599f2c6f67d7d87826def933f18f2b/url {"url": "http://100.64.0.1:44444/myindex_RL.html", "sessionId": "b2599f2c6f67d7d87826def933f18f2b"}
DEBUG:selenium.webdriver.remote.remote_connection:Finished Request
DEBUG:pyvirtualdisplay.abstractdisplay:set $DISPLAY=localhost:11.0
DEBUG:pyvirtualdisplay.abstractdisplay:stdout=b''
DEBUG:pyvirtualdisplay.abstractdisplay:stderr=b''
DEBUG:selenium.webdriver.remote.remote_connection:DELETE http://127.0.0.1:37729/session/b2599f2c6f67d7d87826def933f18f2b {"sessionId": "b2599f2c6f67d7d87826def933f18f2b"}
DEBUG:selenium.webdriver.remote.remote_connection:Finished Request
ERROR:__main__:Message: timeout: cannot determine loading status
from timeout: Timed out receiving message from renderer: -0.010
  (Session info: chrome=104.0.5112.79)
  (Driver info: chromedriver=2.27.440175 (9bc1d90b8bfa4dd181fbbf769a5eb5e575574320),platform=Linux 4.13.1-0521-learner x86_64)

DEBUG:__main__:starting run_video
DEBUG:__main__:url is: http://100.64.0.1:44444/myindex_RL.html
DEBUG:__main__:copy over the chrome user dir...
DEBUG:__main__:start abr algorithm server...
DEBUG:__main__:rl server command is: exec /users/acardoza/venv/bin/python /newhome/Orca/orca_pensieve/pensieve/rl_server_no_training.py orca-cubic-6mbps_3mbps_oscillating19-sec-mahimahi-wired12-10-20-30
DEBUG:__main__:starting display...
DEBUG:pyvirtualdisplay.abstractdisplay:command: ['Xvfb', '-br', '-nolisten', 'tcp', '-screen', '0', '800x600x24', '-displayfd', '7']
DEBUG:pyvirtualdisplay.abstractdisplay:set $DISPLAY=:0
DEBUG:__main__:display started...
DEBUG:__main__:initialize chrome driver
DEBUG:selenium.webdriver.remote.remote_connection:POST http://127.0.0.1:45117/session {"desiredCapabilities": {"browserName": "chrome", "version": "", "platform": "ANY", "javascriptEnabled": true, "chromeOptions": {"localState": {"browser.enabled_labs_experiments": ["block-insecure-private-network-requests@2"]}, "extensions": [], "args": ["--user-data-dir=/tmp/chrome_user_dir_id_0", "--ignore-certificate-errors", "--disable-web-security", "--autoplay-policy=no-user-gesture-required"]}}, "requiredCapabilities": {}}
DEBUG:selenium.webdriver.remote.remote_connection:Finished Request
DEBUG:__main__:chrome driver initialized...
DEBUG:selenium.webdriver.remote.remote_connection:POST http://127.0.0.1:45117/session/e56ee73bb2205b47aca056b2a92ec43c/timeouts {"ms": 10000.0, "type": "page load", "sessionId": "e56ee73bb2205b47aca056b2a92ec43c"}
DEBUG:selenium.webdriver.remote.remote_connection:Finished Request
DEBUG:__main__:page parameters set
DEBUG:__main__:getting url
DEBUG:selenium.webdriver.remote.remote_connection:POST http://127.0.0.1:45117/session/e56ee73bb2205b47aca056b2a92ec43c/url {"url": "http://100.64.0.1:44444/myindex_RL.html", "sessionId": "e56ee73bb2205b47aca056b2a92ec43c"}
DEBUG:selenium.webdriver.remote.remote_connection:Finished Request
DEBUG:pyvirtualdisplay.abstractdisplay:set $DISPLAY=localhost:11.0
DEBUG:pyvirtualdisplay.abstractdisplay:stdout=b''
DEBUG:pyvirtualdisplay.abstractdisplay:stderr=b''
DEBUG:selenium.webdriver.remote.remote_connection:DELETE http://127.0.0.1:45117/session/e56ee73bb2205b47aca056b2a92ec43c {"sessionId": "e56ee73bb2205b47aca056b2a92ec43c"}
DEBUG:selenium.webdriver.remote.remote_connection:Finished Request
ERROR:__main__:Message: timeout: cannot determine loading status
from timeout: Timed out receiving message from renderer: -0.009
  (Session info: chrome=104.0.5112.79)
  (Driver info: chromedriver=2.27.440175 (9bc1d90b8bfa4dd181fbbf769a5eb5e575574320),platform=Linux 4.13.1-0521-learner x86_64)

DEBUG:__main__:starting run_video
DEBUG:__main__:url is: http://100.64.0.1:44444/myindex_RL.html
DEBUG:__main__:copy over the chrome user dir...
DEBUG:__main__:start abr algorithm server...
DEBUG:__main__:rl server command is: exec /users/acardoza/venv/bin/python /newhome/Orca/orca_pensieve/pensieve/rl_server_no_training.py orca-cubic-6mbps_3mbps_oscillating19-sec-mahimahi-wired12-10-20-30
DEBUG:__main__:starting display...
DEBUG:pyvirtualdisplay.abstractdisplay:command: ['Xvfb', '-br', '-nolisten', 'tcp', '-screen', '0', '800x600x24', '-displayfd', '7']
DEBUG:pyvirtualdisplay.abstractdisplay:set $DISPLAY=:0
DEBUG:__main__:display started...
DEBUG:__main__:initialize chrome driver
DEBUG:selenium.webdriver.remote.remote_connection:POST http://127.0.0.1:43549/session {"desiredCapabilities": {"browserName": "chrome", "version": "", "platform": "ANY", "javascriptEnabled": true, "chromeOptions": {"localState": {"browser.enabled_labs_experiments": ["block-insecure-private-network-requests@2"]}, "extensions": [], "args": ["--user-data-dir=/tmp/chrome_user_dir_id_0", "--ignore-certificate-errors", "--disable-web-security", "--autoplay-policy=no-user-gesture-required"]}}, "requiredCapabilities": {}}
DEBUG:selenium.webdriver.remote.remote_connection:Finished Request
DEBUG:__main__:chrome driver initialized...
DEBUG:selenium.webdriver.remote.remote_connection:POST http://127.0.0.1:43549/session/a6397eb2d574169ef6e26416e21a3445/timeouts {"ms": 10000.0, "type": "page load", "sessionId": "a6397eb2d574169ef6e26416e21a3445"}
DEBUG:selenium.webdriver.remote.remote_connection:Finished Request
DEBUG:__main__:page parameters set
DEBUG:__main__:getting url
DEBUG:selenium.webdriver.remote.remote_connection:POST http://127.0.0.1:43549/session/a6397eb2d574169ef6e26416e21a3445/url {"url": "http://100.64.0.1:44444/myindex_RL.html", "sessionId": "a6397eb2d574169ef6e26416e21a3445"}
DEBUG:selenium.webdriver.remote.remote_connection:Finished Request
DEBUG:pyvirtualdisplay.abstractdisplay:set $DISPLAY=localhost:11.0
DEBUG:pyvirtualdisplay.abstractdisplay:stdout=b''
DEBUG:pyvirtualdisplay.abstractdisplay:stderr=b''
DEBUG:selenium.webdriver.remote.remote_connection:DELETE http://127.0.0.1:43549/session/a6397eb2d574169ef6e26416e21a3445 {"sessionId": "a6397eb2d574169ef6e26416e21a3445"}
DEBUG:selenium.webdriver.remote.remote_connection:Finished Request
ERROR:__main__:Message: timeout: Timed out receiving message from renderer: 9.897
  (Session info: chrome=104.0.5112.79)
  (Driver info: chromedriver=104.0.5112.79 (3cf3e8c8a07d104b9e1260c910efb8f383285dc5-refs/branch-heads/5112@{#1307}),platform=Linux 4.13.1-0521-learner x86_64)

DEBUG:__main__:starting run_video
DEBUG:__main__:url is: http://128.105.144.156:44444/myindex_RL.html
DEBUG:__main__:copy over the chrome user dir...
DEBUG:__main__:start abr algorithm server...
DEBUG:__main__:rl server command is: exec /users/acardoza/venv/bin/python /newhome/Orca/orca_pensieve/pensieve/rl_server_no_training.py orca-cubic-6mbps_3mbps_oscillating19-sec-mahimahi-wired12-10-20-30
DEBUG:__main__:starting display...
DEBUG:pyvirtualdisplay.abstractdisplay:command: ['Xvfb', '-br', '-nolisten', 'tcp', '-screen', '0', '800x600x24', '-displayfd', '7']
DEBUG:pyvirtualdisplay.abstractdisplay:set $DISPLAY=:0
DEBUG:__main__:display started...
DEBUG:__main__:initialize chrome driver
DEBUG:selenium.webdriver.remote.remote_connection:POST http://127.0.0.1:47601/session {"desiredCapabilities": {"browserName": "chrome", "version": "", "platform": "ANY", "javascriptEnabled": true, "chromeOptions": {"localState": {"browser.enabled_labs_experiments": ["block-insecure-private-network-requests@2"]}, "extensions": [], "args": ["--user-data-dir=/tmp/chrome_user_dir_id_0", "--ignore-certificate-errors", "--disable-web-security", "--autoplay-policy=no-user-gesture-required"]}}, "requiredCapabilities": {}}
DEBUG:selenium.webdriver.remote.remote_connection:Finished Request
DEBUG:pyvirtualdisplay.abstractdisplay:set $DISPLAY=localhost:10.0
DEBUG:pyvirtualdisplay.abstractdisplay:stdout=b''
DEBUG:pyvirtualdisplay.abstractdisplay:stderr=b''
ERROR:__main__:Message: unknown error: Devtools port number file contents <34957> were in an unexpected format
  (Driver info: chromedriver=104.0.5112.79 (3cf3e8c8a07d104b9e1260c910efb8f383285dc5-refs/branch-heads/5112@{#1307}),platform=Linux 4.13.1-0521-learner x86_64)

