WARNING:tensorflow:From /newhome/Orca/orca_pensieve/pensieve/rl_server_no_training.py:225: The name tf.Session is deprecated. Please use tf.compat.v1.Session instead.

WARNING:tensorflow:From /newhome/Orca/orca_pensieve/pensieve/a3c.py:64: The name tf.variable_scope is deprecated. Please use tf.compat.v1.variable_scope instead.

WARNING:tensorflow:From /users/acardoza/venv/lib/python3.6/site-packages/tflearn/initializations.py:165: calling TruncatedNormal.__init__ (from tensorflow.python.ops.init_ops) with dtype is deprecated and will be removed in a future version.
Instructions for updating:
Call initializer instance with the dtype argument instead of passing it to the constructor
WARNING:tensorflow:From /users/acardoza/venv/lib/python3.6/site-packages/tflearn/initializations.py:110: calling UniformUnitScaling.__init__ (from tensorflow.python.ops.init_ops) with dtype is deprecated and will be removed in a future version.
Instructions for updating:
Call initializer instance with the dtype argument instead of passing it to the constructor
WARNING:tensorflow:From /users/acardoza/venv/lib/python3.6/site-packages/tensorflow/python/util/deprecation.py:507: UniformUnitScaling.__init__ (from tensorflow.python.ops.init_ops) is deprecated and will be removed in a future version.
Instructions for updating:
Use tf.initializers.variance_scaling instead with distribution=uniform to get equivalent behavior.
WARNING:tensorflow:From /newhome/Orca/orca_pensieve/pensieve/a3c.py:31: The name tf.get_collection is deprecated. Please use tf.compat.v1.get_collection instead.

WARNING:tensorflow:From /newhome/Orca/orca_pensieve/pensieve/a3c.py:31: The name tf.GraphKeys is deprecated. Please use tf.compat.v1.GraphKeys instead.

WARNING:tensorflow:From /newhome/Orca/orca_pensieve/pensieve/a3c.py:37: The name tf.placeholder is deprecated. Please use tf.compat.v1.placeholder instead.

WARNING:tensorflow:From /newhome/Orca/orca_pensieve/pensieve/a3c.py:51: calling reduce_sum_v1 (from tensorflow.python.ops.math_ops) with keep_dims is deprecated and will be removed in a future version.
Instructions for updating:
keep_dims is deprecated, use keepdims instead
WARNING:tensorflow:From /newhome/Orca/orca_pensieve/pensieve/a3c.py:60: The name tf.train.RMSPropOptimizer is deprecated. Please use tf.compat.v1.train.RMSPropOptimizer instead.

WARNING:tensorflow:From /users/acardoza/venv/lib/python3.6/site-packages/tensorflow/python/training/rmsprop.py:119: calling Ones.__init__ (from tensorflow.python.ops.init_ops) with dtype is deprecated and will be removed in a future version.
Instructions for updating:
Call initializer instance with the dtype argument instead of passing it to the constructor
WARNING:tensorflow:From /users/acardoza/venv/lib/python3.6/site-packages/tensorflow/python/util/tf_should_use.py:193: initialize_all_variables (from tensorflow.python.ops.variables) is deprecated and will be removed after 2017-03-02.
Instructions for updating:
Use `tf.global_variables_initializer` instead.
WARNING:tensorflow:From /newhome/Orca/orca_pensieve/pensieve/rl_server_no_training.py:235: The name tf.train.Saver is deprecated. Please use tf.compat.v1.train.Saver instead.

WARNING:tensorflow:From /users/acardoza/venv/lib/python3.6/site-packages/tensorflow/python/training/saver.py:1276: checkpoint_exists (from tensorflow.python.training.checkpoint_management) is deprecated and will be removed in a future version.
Instructions for updating:
Use standard file APIs to check for files with this prefix.
INFO:tensorflow:Restoring parameters from /newhome/Orca/orca_pensieve/pensieve/seperate_models/pensieve_3mbps_no_change_baseline.ckpt
INFO:__main__:Model restored.
DEBUG:__main__:trying to make request handler
DEBUG:__main__:making request handler
INFO:__main__:Listening on port 8333
INFO:__main__:{'nextChunkSize': [2123065, 1431809, 957685, 611087, 398865, 155580], 'lastquality': 1, 'buffer': 4, 'bufferAdjusted': -0.5499999999999998, 'bandwidthEst': 2275.593177511055, 'lastRequest': 0, 'RebufferTime': 1630, 'lastChunkFinishTime': 1658194201841, 'lastChunkStartTime': 1658194200258, 'lastChunkSize': 450283}
INFO:__main__:{'nextChunkSize': [2177073, 1300868, 877771, 571051, 350812, 139857], 'lastquality': 1, 'buffer': 6.657772, 'bufferAdjusted': 2.107771999999999, 'bandwidthEst': 2393.762088512962, 'lastRequest': 1, 'RebufferTime': 1630, 'lastChunkFinishTime': 1658194203193, 'lastChunkStartTime': 1658194201948, 'lastChunkSize': 398865}
INFO:__main__:{'nextChunkSize': [2160877, 1520281, 933276, 617681, 382355, 155432], 'lastquality': 1, 'buffer': 9.585685, 'bufferAdjusted': 5.035684999999999, 'bandwidthEst': 2476.6051971797997, 'lastRequest': 2, 'RebufferTime': 1630, 'lastChunkFinishTime': 1658194204265, 'lastChunkStartTime': 1658194203240, 'lastChunkSize': 350812}
INFO:__main__:{'nextChunkSize': [2233056, 1472558, 996749, 652874, 411561, 163442], 'lastquality': 1, 'buffer': 12.369633999999998, 'bufferAdjusted': 7.819633999999997, 'bandwidthEst': 2509.215825812488, 'lastRequest': 3, 'RebufferTime': 1630, 'lastChunkFinishTime': 1658194205480, 'lastChunkStartTime': 1658194204314, 'lastChunkSize': 382355}
INFO:__main__:{'nextChunkSize': [1941625, 1224260, 801058, 520315, 318564, 126289], 'lastquality': 1, 'buffer': 15.021567999999998, 'bufferAdjusted': 10.471567999999998, 'bandwidthEst': 2513.6159528740914, 'lastRequest': 4, 'RebufferTime': 1630, 'lastChunkFinishTime': 1658194206829, 'lastChunkStartTime': 1658194205528, 'lastChunkSize': 411561}
INFO:__main__:{'nextChunkSize': [2157535, 1388403, 905515, 561791, 352642, 153295], 'lastquality': 2, 'buffer': 11.844112999999998, 'bufferAdjusted': 7.294112999999998, 'bandwidthEst': 851.0312186665308, 'lastRequest': 5, 'RebufferTime': 1630, 'lastChunkFinishTime': 1658194214001, 'lastChunkStartTime': 1658194206910, 'lastChunkSize': 520315}
INFO:__main__:{'nextChunkSize': [2290172, 1638769, 1060487, 709534, 437162, 173849], 'lastquality': 4, 'buffer': 4.410764999999998, 'bufferAdjusted': -0.13923500000000244, 'bandwidthEst': 701.9477726539725, 'lastRequest': 6, 'RebufferTime': 7258, 'lastChunkFinishTime': 1658194231051, 'lastChunkStartTime': 1658194214135, 'lastChunkSize': 1388403}
INFO:__main__:{'nextChunkSize': [2055469, 1348011, 852833, 584846, 374758, 150710], 'lastquality': 4, 'buffer': 4.282034999999997, 'bufferAdjusted': -0.26796500000000334, 'bandwidthEst': 783.8383607022135, 'lastRequest': 7, 'RebufferTime': 9562, 'lastChunkFinishTime': 1658194237482, 'lastChunkStartTime': 1658194231130, 'lastChunkSize': 1638769}
INFO:__main__:{'nextChunkSize': [2169201, 1429765, 913888, 560821, 362795, 139105], 'lastquality': 4, 'buffer': 4.3314299999999974, 'bufferAdjusted': -0.21857000000000282, 'bandwidthEst': 835.5435085233566, 'lastRequest': 8, 'RebufferTime': 10266, 'lastChunkFinishTime': 1658194242142, 'lastChunkStartTime': 1658194237544, 'lastChunkSize': 1348011}
INFO:__main__:{'nextChunkSize': [2173522, 1354548, 939819, 607410, 353220, 141840], 'lastquality': 4, 'buffer': 4.282032000000001, 'bufferAdjusted': -0.2679679999999993, 'bandwidthEst': 887.5605622431414, 'lastRequest': 9, 'RebufferTime': 11473, 'lastChunkFinishTime': 1658194247397, 'lastChunkStartTime': 1658194242196, 'lastChunkSize': 1429765}
INFO:__main__:{'nextChunkSize': [2102452, 1519951, 917428, 594078, 405134, 156148], 'lastquality': 4, 'buffer': 4.485980999999995, 'bufferAdjusted': -0.06401900000000493, 'bandwidthEst': 1072.8614321851064, 'lastRequest': 10, 'RebufferTime': 12467, 'lastChunkFinishTime': 1658194252187, 'lastChunkStartTime': 1658194247455, 'lastChunkSize': 1354548}
INFO:__main__:{'nextChunkSize': [2209463, 1422919, 946851, 624282, 386351, 160746], 'lastquality': 4, 'buffer': 4.467073999999997, 'bufferAdjusted': -0.08292600000000361, 'bandwidthEst': 1231.2428617102196, 'lastRequest': 11, 'RebufferTime': 24196, 'lastChunkFinishTime': 1658194267930, 'lastChunkStartTime': 1658194252246, 'lastChunkSize': 1519951}
INFO:__main__:{'nextChunkSize': [2275376, 1578343, 1036454, 687371, 434409, 179801], 'lastquality': 4, 'buffer': 4.435099000000001, 'bufferAdjusted': -0.11490099999999925, 'bandwidthEst': 885.6441353131537, 'lastRequest': 12, 'RebufferTime': 37956, 'lastChunkFinishTime': 1658194285724, 'lastChunkStartTime': 1658194268045, 'lastChunkSize': 1422919}
INFO:__main__:{'nextChunkSize': [2005399, 1231445, 821631, 526950, 337059, 140051], 'lastquality': 4, 'buffer': 4.426387999999996, 'bufferAdjusted': -0.1236120000000045, 'bandwidthEst': 897.3313556228243, 'lastRequest': 13, 'RebufferTime': 41900, 'lastChunkFinishTime': 1658194293673, 'lastChunkStartTime': 1658194285824, 'lastChunkSize': 1578343}
INFO:__main__:{'nextChunkSize': [2152483, 1471065, 923170, 587876, 366214, 138313], 'lastquality': 4, 'buffer': 4.499874999999996, 'bufferAdjusted': -0.050125000000004416, 'bandwidthEst': 887.142312963478, 'lastRequest': 14, 'RebufferTime': 41900, 'lastChunkFinishTime': 1658194297601, 'lastChunkStartTime': 1658194293728, 'lastChunkSize': 1231445}
INFO:__main__:{'nextChunkSize': [2289689, 1491626, 966699, 617242, 360831, 143509], 'lastquality': 4, 'buffer': 4.363588, 'bufferAdjusted': -0.18641200000000024, 'bandwidthEst': 891.9035897987386, 'lastRequest': 15, 'RebufferTime': 43042, 'lastChunkFinishTime': 1658194302881, 'lastChunkStartTime': 1658194297654, 'lastChunkSize': 1471065}
INFO:__main__:{'nextChunkSize': [2059512, 1358801, 885714, 581493, 372963, 150616], 'lastquality': 4, 'buffer': 4.252274, 'bufferAdjusted': -0.2977260000000004, 'bandwidthEst': 963.4479096940114, 'lastRequest': 16, 'RebufferTime': 51149, 'lastChunkFinishTime': 1658194315096, 'lastChunkStartTime': 1658194302944, 'lastChunkSize': 1491626}
INFO:__main__:{'nextChunkSize': [2220726, 1537156, 987708, 639204, 405596, 165384], 'lastquality': 4, 'buffer': 4.3706339999999955, 'bufferAdjusted': -0.1793660000000048, 'bandwidthEst': 1429.6263689816926, 'lastRequest': 17, 'RebufferTime': 53659, 'lastChunkFinishTime': 1658194321505, 'lastChunkStartTime': 1658194315177, 'lastChunkSize': 1358801}
INFO:__main__:{'nextChunkSize': [2156729, 1336050, 923755, 586839, 350713, 140881], 'lastquality': 4, 'buffer': 4.374815999999996, 'bufferAdjusted': -0.17518400000000467, 'bandwidthEst': 1453.4817168975433, 'lastRequest': 18, 'RebufferTime': 55504, 'lastChunkFinishTime': 1658194328348, 'lastChunkStartTime': 1658194321571, 'lastChunkSize': 1537156}
INFO:__main__:{'nextChunkSize': [2039773, 1415116, 891604, 601738, 386472, 157671], 'lastquality': 4, 'buffer': 4.465630000000004, 'bufferAdjusted': -0.08436999999999584, 'bandwidthEst': 1443.9669352218712, 'lastRequest': 19, 'RebufferTime': 57073, 'lastChunkFinishTime': 1658194333827, 'lastChunkStartTime': 1658194328403, 'lastChunkSize': 1336050}
INFO:__main__:{'nextChunkSize': [2176469, 1468126, 955231, 616206, 399894, 157812], 'lastquality': 4, 'buffer': 4.280995000000004, 'bufferAdjusted': -0.26900499999999594, 'bandwidthEst': 1444.1430278111582, 'lastRequest': 20, 'RebufferTime': 57661, 'lastChunkFinishTime': 1658194338597, 'lastChunkStartTime': 1658194333880, 'lastChunkSize': 1415116}
INFO:__main__:{'nextChunkSize': [2221506, 1505760, 968026, 656471, 401853, 163927], 'lastquality': 4, 'buffer': 4.366548999999992, 'bufferAdjusted': -0.18345100000000825, 'bandwidthEst': 2020.4101558445295, 'lastRequest': 21, 'RebufferTime': 57728, 'lastChunkFinishTime': 1658194342581, 'lastChunkStartTime': 1658194338655, 'lastChunkSize': 1468126}
INFO:__main__:{'nextChunkSize': [2044075, 1323990, 874175, 536667, 343800, 137654], 'lastquality': 4, 'buffer': 4.430329, 'bufferAdjusted': -0.11967099999999986, 'bandwidthEst': 2193.721283627463, 'lastRequest': 22, 'RebufferTime': 58683, 'lastChunkFinishTime': 1658194347471, 'lastChunkStartTime': 1658194342636, 'lastChunkSize': 1505760}
INFO:__main__:{'nextChunkSize': [2186790, 1383735, 897976, 587236, 359903, 146754], 'lastquality': 4, 'buffer': 4.381377999999998, 'bufferAdjusted': -0.16862200000000227, 'bandwidthEst': 2412.82493018675, 'lastRequest': 23, 'RebufferTime': 58720, 'lastChunkFinishTime': 1658194351557, 'lastChunkStartTime': 1658194347527, 'lastChunkSize': 1323990}
INFO:__main__:{'nextChunkSize': [2105231, 1480464, 905935, 590335, 379700, 153938], 'lastquality': 4, 'buffer': 4.410788999999994, 'bufferAdjusted': -0.1392110000000062, 'bandwidthEst': 2623.4235985828855, 'lastRequest': 24, 'RebufferTime': 58815, 'lastChunkFinishTime': 1658194355618, 'lastChunkStartTime': 1658194351614, 'lastChunkSize': 1383735}
INFO:__main__:{'nextChunkSize': [2395588, 1547572, 1076599, 696376, 425781, 181901], 'lastquality': 4, 'buffer': 4.252781999999996, 'bufferAdjusted': -0.297218000000004, 'bandwidthEst': 2601.744755263432, 'lastRequest': 25, 'RebufferTime': 59781, 'lastChunkFinishTime': 1658194360740, 'lastChunkStartTime': 1658194355672, 'lastChunkSize': 1480464}
INFO:__main__:{'nextChunkSize': [1972048, 1141971, 758197, 487160, 277716, 111155], 'lastquality': 4, 'buffer': 4.481195999999997, 'bufferAdjusted': -0.0688040000000032, 'bandwidthEst': 2528.4054383538924, 'lastRequest': 26, 'RebufferTime': 60954, 'lastChunkFinishTime': 1658194365701, 'lastChunkStartTime': 1658194360796, 'lastChunkSize': 1547572}
INFO:__main__:{'nextChunkSize': [2134614, 1498470, 972798, 622896, 400396, 153605], 'lastquality': 4, 'buffer': 4.755932000000001, 'bufferAdjusted': 0.20593200000000067, 'bandwidthEst': 2530.534290190179, 'lastRequest': 27, 'RebufferTime': 60954, 'lastChunkFinishTime': 1658194369426, 'lastChunkStartTime': 1658194365760, 'lastChunkSize': 1141971}
INFO:__main__:{'nextChunkSize': [2164140, 1561263, 975811, 641447, 400508, 149029], 'lastquality': 4, 'buffer': 4.398162999999997, 'bufferAdjusted': -0.15183700000000355, 'bandwidthEst': 2306.063560729347, 'lastRequest': 28, 'RebufferTime': 63022, 'lastChunkFinishTime': 1658194375852, 'lastChunkStartTime': 1658194369487, 'lastChunkSize': 1498470}
INFO:__main__:{'nextChunkSize': [2113193, 1341201, 873429, 570392, 358218, 157421], 'lastquality': 4, 'buffer': 4.456492999999995, 'bufferAdjusted': -0.09350700000000556, 'bandwidthEst': 2099.321475457677, 'lastRequest': 29, 'RebufferTime': 66112, 'lastChunkFinishTime': 1658194382877, 'lastChunkStartTime': 1658194375912, 'lastChunkSize': 1561263}
INFO:__main__:{'nextChunkSize': [2147852, 1497683, 954453, 620283, 400322, 157488], 'lastquality': 4, 'buffer': 4.291776999999996, 'bufferAdjusted': -0.2582230000000041, 'bandwidthEst': 1986.7431289120682, 'lastRequest': 30, 'RebufferTime': 68045, 'lastChunkFinishTime': 1658194388974, 'lastChunkStartTime': 1658194382957, 'lastChunkSize': 1341201}
INFO:__main__:{'nextChunkSize': [2191074, 1358081, 885062, 584349, 369834, 143881], 'lastquality': 4, 'buffer': 5.675777000000011, 'bufferAdjusted': 1.12577700000001, 'bandwidthEst': 2020.6383411145732, 'lastRequest': 31, 'RebufferTime': 68045, 'lastChunkFinishTime': 1658194391591, 'lastChunkStartTime': 1658194389032, 'lastChunkSize': 1497683}
INFO:__main__:{'nextChunkSize': [2286761, 1587293, 1035329, 670129, 412837, 163444], 'lastquality': 4, 'buffer': 7.303543000000019, 'bufferAdjusted': 2.7535430000000183, 'bandwidthEst': 2074.1641684562346, 'lastRequest': 32, 'RebufferTime': 68045, 'lastChunkFinishTime': 1658194393965, 'lastChunkStartTime': 1658194391648, 'lastChunkSize': 1358081}
INFO:__main__:{'nextChunkSize': [2307787, 1492672, 1026056, 690253, 401088, 179328], 'lastquality': 4, 'buffer': 8.534272000000016, 'bufferAdjusted': 3.984272000000015, 'bandwidthEst': 2316.9373320573886, 'lastRequest': 33, 'RebufferTime': 68045, 'lastChunkFinishTime': 1658194396729, 'lastChunkStartTime': 1658194394018, 'lastChunkSize': 1587293}
INFO:__main__:{'nextChunkSize': [2143948, 1439896, 943942, 598727, 365161, 159914], 'lastquality': 4, 'buffer': 9.521873, 'bufferAdjusted': 4.971872999999999, 'bandwidthEst': 2892.3586373960707, 'lastRequest': 34, 'RebufferTime': 68045, 'lastChunkFinishTime': 1658194399744, 'lastChunkStartTime': 1658194396788, 'lastChunkSize': 1492672}
WARNING:tensorflow:From /newhome/Orca/orca_pensieve/pensieve/rl_server_no_training.py:225: The name tf.Session is deprecated. Please use tf.compat.v1.Session instead.

WARNING:tensorflow:From /newhome/Orca/orca_pensieve/pensieve/a3c.py:64: The name tf.variable_scope is deprecated. Please use tf.compat.v1.variable_scope instead.

WARNING:tensorflow:From /users/acardoza/venv/lib/python3.6/site-packages/tflearn/initializations.py:165: calling TruncatedNormal.__init__ (from tensorflow.python.ops.init_ops) with dtype is deprecated and will be removed in a future version.
Instructions for updating:
Call initializer instance with the dtype argument instead of passing it to the constructor
WARNING:tensorflow:From /users/acardoza/venv/lib/python3.6/site-packages/tflearn/initializations.py:110: calling UniformUnitScaling.__init__ (from tensorflow.python.ops.init_ops) with dtype is deprecated and will be removed in a future version.
Instructions for updating:
Call initializer instance with the dtype argument instead of passing it to the constructor
WARNING:tensorflow:From /users/acardoza/venv/lib/python3.6/site-packages/tensorflow/python/util/deprecation.py:507: UniformUnitScaling.__init__ (from tensorflow.python.ops.init_ops) is deprecated and will be removed in a future version.
Instructions for updating:
Use tf.initializers.variance_scaling instead with distribution=uniform to get equivalent behavior.
WARNING:tensorflow:From /newhome/Orca/orca_pensieve/pensieve/a3c.py:31: The name tf.get_collection is deprecated. Please use tf.compat.v1.get_collection instead.

WARNING:tensorflow:From /newhome/Orca/orca_pensieve/pensieve/a3c.py:31: The name tf.GraphKeys is deprecated. Please use tf.compat.v1.GraphKeys instead.

WARNING:tensorflow:From /newhome/Orca/orca_pensieve/pensieve/a3c.py:37: The name tf.placeholder is deprecated. Please use tf.compat.v1.placeholder instead.

WARNING:tensorflow:From /newhome/Orca/orca_pensieve/pensieve/a3c.py:51: calling reduce_sum_v1 (from tensorflow.python.ops.math_ops) with keep_dims is deprecated and will be removed in a future version.
Instructions for updating:
keep_dims is deprecated, use keepdims instead
WARNING:tensorflow:From /newhome/Orca/orca_pensieve/pensieve/a3c.py:60: The name tf.train.RMSPropOptimizer is deprecated. Please use tf.compat.v1.train.RMSPropOptimizer instead.

WARNING:tensorflow:From /users/acardoza/venv/lib/python3.6/site-packages/tensorflow/python/training/rmsprop.py:119: calling Ones.__init__ (from tensorflow.python.ops.init_ops) with dtype is deprecated and will be removed in a future version.
Instructions for updating:
Call initializer instance with the dtype argument instead of passing it to the constructor
WARNING:tensorflow:From /users/acardoza/venv/lib/python3.6/site-packages/tensorflow/python/util/tf_should_use.py:193: initialize_all_variables (from tensorflow.python.ops.variables) is deprecated and will be removed after 2017-03-02.
Instructions for updating:
Use `tf.global_variables_initializer` instead.
WARNING:tensorflow:From /newhome/Orca/orca_pensieve/pensieve/rl_server_no_training.py:235: The name tf.train.Saver is deprecated. Please use tf.compat.v1.train.Saver instead.

WARNING:tensorflow:From /users/acardoza/venv/lib/python3.6/site-packages/tensorflow/python/training/saver.py:1276: checkpoint_exists (from tensorflow.python.training.checkpoint_management) is deprecated and will be removed in a future version.
Instructions for updating:
Use standard file APIs to check for files with this prefix.
INFO:tensorflow:Restoring parameters from /newhome/Orca/orca_pensieve/pensieve/seperate_models/pensieve_3mbps_no_change_baseline.ckpt
INFO:__main__:Model restored.
DEBUG:__main__:trying to make request handler
DEBUG:__main__:making request handler
INFO:__main__:Listening on port 8333
INFO:__main__:{'nextChunkSize': [2123065, 1431809, 957685, 611087, 398865, 155580], 'lastquality': 1, 'buffer': 4, 'bufferAdjusted': -0.5499999999999998, 'bandwidthEst': 2304.711452335253, 'lastRequest': 0, 'RebufferTime': 1608, 'lastChunkFinishTime': 1658199804244, 'lastChunkStartTime': 1658199802681, 'lastChunkSize': 450283}
INFO:__main__:{'nextChunkSize': [2177073, 1300868, 877771, 571051, 350812, 139857], 'lastquality': 1, 'buffer': 6.65017, 'bufferAdjusted': 2.1001699999999994, 'bandwidthEst': 2410.225321860537, 'lastRequest': 1, 'RebufferTime': 1608, 'lastChunkFinishTime': 1658199805603, 'lastChunkStartTime': 1658199804355, 'lastChunkSize': 398865}
INFO:__main__:{'nextChunkSize': [2160877, 1520281, 933276, 617681, 382355, 155432], 'lastquality': 1, 'buffer': 9.575652, 'bufferAdjusted': 5.025651999999999, 'bandwidthEst': 2488.284091252187, 'lastRequest': 2, 'RebufferTime': 1608, 'lastChunkFinishTime': 1658199806678, 'lastChunkStartTime': 1658199805650, 'lastChunkSize': 350812}
INFO:__main__:{'nextChunkSize': [2233056, 1472558, 996749, 652874, 411561, 163442], 'lastquality': 1, 'buffer': 12.37108, 'bufferAdjusted': 7.8210799999999985, 'bandwidthEst': 2523.1006560182677, 'lastRequest': 3, 'RebufferTime': 1608, 'lastChunkFinishTime': 1658199807882, 'lastChunkStartTime': 1658199806726, 'lastChunkSize': 382355}
INFO:__main__:{'nextChunkSize': [1941625, 1224260, 801058, 520315, 318564, 126289], 'lastquality': 1, 'buffer': 15.110205999999998, 'bufferAdjusted': 10.560205999999997, 'bandwidthEst': 2558.6832442160976, 'lastRequest': 4, 'RebufferTime': 1608, 'lastChunkFinishTime': 1658199809143, 'lastChunkStartTime': 1658199807931, 'lastChunkSize': 411561}
INFO:__main__:{'nextChunkSize': [2157535, 1388403, 905515, 561791, 352642, 153295], 'lastquality': 2, 'buffer': 12.087551999999999, 'bufferAdjusted': 7.537551999999998, 'bandwidthEst': 870.9129200421922, 'lastRequest': 5, 'RebufferTime': 1608, 'lastChunkFinishTime': 1658199816160, 'lastChunkStartTime': 1658199809228, 'lastChunkSize': 520315}
INFO:__main__:{'nextChunkSize': [2290172, 1638769, 1060487, 709534, 437162, 173849], 'lastquality': 4, 'buffer': 4.4087689999999995, 'bufferAdjusted': -0.14123100000000077, 'bandwidthEst': 693.5060883669761, 'lastRequest': 6, 'RebufferTime': 7440, 'lastChunkFinishTime': 1658199833658, 'lastChunkStartTime': 1658199816305, 'lastChunkSize': 1388403}
INFO:__main__:{'nextChunkSize': [2055469, 1348011, 852833, 584846, 374758, 150710], 'lastquality': 4, 'buffer': 4.485308, 'bufferAdjusted': -0.06469200000000042, 'bandwidthEst': 777.8513243110604, 'lastRequest': 7, 'RebufferTime': 10664, 'lastChunkFinishTime': 1658199840807, 'lastChunkStartTime': 1658199833753, 'lastChunkSize': 1638769}
INFO:__main__:{'nextChunkSize': [2169201, 1429765, 913888, 560821, 362795, 139105], 'lastquality': 4, 'buffer': 4.455228999999999, 'bufferAdjusted': -0.09477100000000105, 'bandwidthEst': 829.647706147759, 'lastRequest': 8, 'RebufferTime': 11532, 'lastChunkFinishTime': 1658199845710, 'lastChunkStartTime': 1658199840869, 'lastChunkSize': 1348011}
INFO:__main__:{'nextChunkSize': [2173522, 1354548, 939819, 607410, 353220, 141840], 'lastquality': 4, 'buffer': 4.320152999999998, 'bufferAdjusted': -0.22984700000000258, 'bandwidthEst': 880.4237138951073, 'lastRequest': 9, 'RebufferTime': 12602, 'lastChunkFinishTime': 1658199850912, 'lastChunkStartTime': 1658199845766, 'lastChunkSize': 1429765}
INFO:__main__:{'nextChunkSize': [2102452, 1519951, 917428, 594078, 405134, 156148], 'lastquality': 4, 'buffer': 4.386153999999998, 'bufferAdjusted': -0.1638460000000026, 'bandwidthEst': 1043.351509328386, 'lastRequest': 10, 'RebufferTime': 13118, 'lastChunkFinishTime': 1658199855365, 'lastChunkStartTime': 1658199850971, 'lastChunkSize': 1354548}
INFO:__main__:{'nextChunkSize': [2209463, 1422919, 946851, 624282, 386351, 160746], 'lastquality': 4, 'buffer': 4.398955000000001, 'bufferAdjusted': -0.15104499999999943, 'bandwidthEst': 1569.6885631596679, 'lastRequest': 11, 'RebufferTime': 20721, 'lastChunkFinishTime': 1658199866950, 'lastChunkStartTime': 1658199855418, 'lastChunkSize': 1519951}
INFO:__main__:{'nextChunkSize': [2275376, 1578343, 1036454, 687371, 434409, 179801], 'lastquality': 4, 'buffer': 4.494422, 'bufferAdjusted': -0.05557800000000013, 'bandwidthEst': 1144.536402622239, 'lastRequest': 12, 'RebufferTime': 31180, 'lastChunkFinishTime': 1658199881314, 'lastChunkStartTime': 1658199867036, 'lastChunkSize': 1422919}
INFO:__main__:{'nextChunkSize': [2005399, 1231445, 821631, 526950, 337059, 140051], 'lastquality': 4, 'buffer': 4.439053000000001, 'bufferAdjusted': -0.11094699999999902, 'bandwidthEst': 1136.8727816821, 'lastRequest': 13, 'RebufferTime': 35600, 'lastChunkFinishTime': 1658199889782, 'lastChunkStartTime': 1658199881490, 'lastChunkSize': 1578343}
INFO:__main__:{'nextChunkSize': [2152483, 1471065, 923170, 587876, 366214, 138313], 'lastquality': 4, 'buffer': 5.064754999999998, 'bufferAdjusted': 0.5147549999999974, 'bandwidthEst': 1124.3516188597548, 'lastRequest': 14, 'RebufferTime': 35600, 'lastChunkFinishTime': 1658199893164, 'lastChunkStartTime': 1658199889843, 'lastChunkSize': 1231445}
INFO:__main__:{'nextChunkSize': [2289689, 1491626, 966699, 617242, 360831, 143509], 'lastquality': 4, 'buffer': 4.35042, 'bufferAdjusted': -0.19958000000000053, 'bandwidthEst': 1130.2421769911607, 'lastRequest': 15, 'RebufferTime': 35949, 'lastChunkFinishTime': 1658199898224, 'lastChunkStartTime': 1658199893216, 'lastChunkSize': 1471065}
INFO:__main__:{'nextChunkSize': [2059512, 1358801, 885714, 581493, 372963, 150616], 'lastquality': 4, 'buffer': 4.446399999999997, 'bufferAdjusted': -0.10360000000000325, 'bandwidthEst': 1250.819086285914, 'lastRequest': 16, 'RebufferTime': 37118, 'lastChunkFinishTime': 1658199903296, 'lastChunkStartTime': 1658199898280, 'lastChunkSize': 1491626}
INFO:__main__:{'nextChunkSize': [2220726, 1537156, 987708, 639204, 405596, 165384], 'lastquality': 4, 'buffer': 4.6612559999999945, 'bufferAdjusted': 0.1112559999999938, 'bandwidthEst': 2099.379407129506, 'lastRequest': 17, 'RebufferTime': 37118, 'lastChunkFinishTime': 1658199907077, 'lastChunkStartTime': 1658199903353, 'lastChunkSize': 1358801}
INFO:__main__:{'nextChunkSize': [2156729, 1336050, 923755, 586839, 350713, 140881], 'lastquality': 4, 'buffer': 4.357958999999994, 'bufferAdjusted': -0.19204100000000635, 'bandwidthEst': 2609.9935235148273, 'lastRequest': 18, 'RebufferTime': 37322, 'lastChunkFinishTime': 1658199911588, 'lastChunkStartTime': 1658199907139, 'lastChunkSize': 1537156}
INFO:__main__:{'nextChunkSize': [2039773, 1415116, 891604, 601738, 386472, 157671], 'lastquality': 4, 'buffer': 4.308520999999999, 'bufferAdjusted': -0.24147900000000133, 'bandwidthEst': 2560.4324411272005, 'lastRequest': 19, 'RebufferTime': 37456, 'lastChunkFinishTime': 1658199915771, 'lastChunkStartTime': 1658199911643, 'lastChunkSize': 1336050}
INFO:__main__:{'nextChunkSize': [2176469, 1468126, 955231, 616206, 399894, 157812], 'lastquality': 4, 'buffer': 4.433981000000003, 'bufferAdjusted': -0.11601899999999743, 'bandwidthEst': 2658.6975782615846, 'lastRequest': 20, 'RebufferTime': 37690, 'lastChunkFinishTime': 1658199919878, 'lastChunkStartTime': 1658199915829, 'lastChunkSize': 1415116}
INFO:__main__:{'nextChunkSize': [2221506, 1505760, 968026, 656471, 401853, 163927], 'lastquality': 4, 'buffer': 4.405677999999995, 'bufferAdjusted': -0.1443220000000056, 'bandwidthEst': 2755.8035660462683, 'lastRequest': 21, 'RebufferTime': 38001, 'lastChunkFinishTime': 1658199924219, 'lastChunkStartTime': 1658199919943, 'lastChunkSize': 1468126}
INFO:__main__:{'nextChunkSize': [2044075, 1323990, 874175, 536667, 343800, 137654], 'lastquality': 4, 'buffer': 4.462136000000001, 'bufferAdjusted': -0.08786399999999928, 'bandwidthEst': 2167.319746993538, 'lastRequest': 22, 'RebufferTime': 42086, 'lastChunkFinishTime': 1658199932243, 'lastChunkStartTime': 1658199924280, 'lastChunkSize': 1505760}
INFO:__main__:{'nextChunkSize': [2186790, 1383735, 897976, 587236, 359903, 146754], 'lastquality': 4, 'buffer': 4.288513999999992, 'bufferAdjusted': -0.2614860000000081, 'bandwidthEst': 1879.2711189052307, 'lastRequest': 23, 'RebufferTime': 45136, 'lastChunkFinishTime': 1658199939462, 'lastChunkStartTime': 1658199932338, 'lastChunkSize': 1323990}
INFO:__main__:{'nextChunkSize': [2105231, 1480464, 905935, 590335, 379700, 153938], 'lastquality': 4, 'buffer': 4.333822999999995, 'bufferAdjusted': -0.21617700000000495, 'bandwidthEst': 1844.3428103917004, 'lastRequest': 24, 'RebufferTime': 46462, 'lastChunkFinishTime': 1658199944748, 'lastChunkStartTime': 1658199939522, 'lastChunkSize': 1383735}
INFO:__main__:{'nextChunkSize': [2395588, 1547572, 1076599, 696376, 425781, 181901], 'lastquality': 4, 'buffer': 4.4062880000000035, 'bufferAdjusted': -0.14371199999999673, 'bandwidthEst': 1845.7686318749666, 'lastRequest': 25, 'RebufferTime': 46948, 'lastChunkFinishTime': 1658199949159, 'lastChunkStartTime': 1658199944801, 'lastChunkSize': 1480464}
INFO:__main__:{'nextChunkSize': [1972048, 1141971, 758197, 487160, 277716, 111155], 'lastquality': 4, 'buffer': 4.388297999999992, 'bufferAdjusted': -0.16170200000000845, 'bandwidthEst': 1848.9842577484835, 'lastRequest': 26, 'RebufferTime': 47564, 'lastChunkFinishTime': 1658199953793, 'lastChunkStartTime': 1658199949215, 'lastChunkSize': 1547572}
INFO:__main__:{'nextChunkSize': [2134614, 1498470, 972798, 622896, 400396, 153605], 'lastquality': 4, 'buffer': 5.046205999999998, 'bufferAdjusted': 0.49620599999999726, 'bandwidthEst': 2093.467521245867, 'lastRequest': 27, 'RebufferTime': 47564, 'lastChunkFinishTime': 1658199957137, 'lastChunkStartTime': 1658199953849, 'lastChunkSize': 1141971}
INFO:__main__:{'nextChunkSize': [2164140, 1561263, 975811, 641447, 400508, 149029], 'lastquality': 4, 'buffer': 4.553335000000004, 'bufferAdjusted': 0.0033350000000034186, 'bandwidthEst': 2548.5221646272216, 'lastRequest': 28, 'RebufferTime': 47564, 'lastChunkFinishTime': 1658199961623, 'lastChunkStartTime': 1658199957189, 'lastChunkSize': 1498470}
INFO:__main__:{'nextChunkSize': [2113193, 1341201, 873429, 570392, 358218, 157421], 'lastquality': 4, 'buffer': 4.4953259999999915, 'bufferAdjusted': -0.05467400000000877, 'bandwidthEst': 1968.3920912020342, 'lastRequest': 29, 'RebufferTime': 53021, 'lastChunkFinishTime': 1658199971140, 'lastChunkStartTime': 1658199961696, 'lastChunkSize': 1561263}
INFO:__main__:{'nextChunkSize': [2147852, 1497683, 954453, 620283, 400322, 157488], 'lastquality': 4, 'buffer': 4.446107999999995, 'bufferAdjusted': -0.10389200000000498, 'bandwidthEst': 1900.465811312998, 'lastRequest': 30, 'RebufferTime': 54242, 'lastChunkFinishTime': 1658199976411, 'lastChunkStartTime': 1658199971210, 'lastChunkSize': 1341201}
INFO:__main__:{'nextChunkSize': [2191074, 1358081, 885062, 584349, 369834, 143881], 'lastquality': 4, 'buffer': 4.412947000000017, 'bufferAdjusted': -0.13705299999998344, 'bandwidthEst': 1892.527811948463, 'lastRequest': 31, 'RebufferTime': 54856, 'lastChunkFinishTime': 1658199981059, 'lastChunkStartTime': 1658199976468, 'lastChunkSize': 1497683}
INFO:__main__:{'nextChunkSize': [2286761, 1587293, 1035329, 670129, 412837, 163444], 'lastquality': 4, 'buffer': 4.273223000000016, 'bufferAdjusted': -0.2767769999999845, 'bandwidthEst': 1635.6209320420921, 'lastRequest': 32, 'RebufferTime': 59238, 'lastChunkFinishTime': 1658199989579, 'lastChunkStartTime': 1658199981124, 'lastChunkSize': 1358081}
INFO:__main__:{'nextChunkSize': [2307787, 1492672, 1026056, 690253, 401088, 179328], 'lastquality': 4, 'buffer': 4.417549000000008, 'bufferAdjusted': -0.1324509999999921, 'bandwidthEst': 1615.5647304504773, 'lastRequest': 33, 'RebufferTime': 61521, 'lastChunkFinishTime': 1658199995738, 'lastChunkStartTime': 1658199989683, 'lastChunkSize': 1587293}
INFO:__main__:{'nextChunkSize': [2143948, 1439896, 943942, 598727, 365161, 159914], 'lastquality': 4, 'buffer': 5.815830000000005, 'bufferAdjusted': 1.2658300000000047, 'bandwidthEst': 1878.8115154075622, 'lastRequest': 34, 'RebufferTime': 61521, 'lastChunkFinishTime': 1658199998338, 'lastChunkStartTime': 1658199995790, 'lastChunkSize': 1492672}
INFO:__main__:{'nextChunkSize': [1919781, 1139291, 728962, 487812, 321064, 131610], 'lastquality': 4, 'buffer': 7.302891000000017, 'bufferAdjusted': 2.752891000000016, 'bandwidthEst': 1960.8198662778568, 'lastRequest': 35, 'RebufferTime': 61521, 'lastChunkFinishTime': 1658200000852, 'lastChunkStartTime': 1658199998394, 'lastChunkSize': 1439896}
