WARNING:tensorflow:From /newhome/Orca/pensieve_cwnd/pensieve/rl_server_no_training.py:225: The name tf.Session is deprecated. Please use tf.compat.v1.Session instead.

WARNING:tensorflow:From /newhome/Orca/pensieve_cwnd/pensieve/a3c.py:64: The name tf.variable_scope is deprecated. Please use tf.compat.v1.variable_scope instead.

WARNING:tensorflow:From /users/acardoza/venv/lib/python3.6/site-packages/tflearn/initializations.py:165: calling TruncatedNormal.__init__ (from tensorflow.python.ops.init_ops) with dtype is deprecated and will be removed in a future version.
Instructions for updating:
Call initializer instance with the dtype argument instead of passing it to the constructor
WARNING:tensorflow:From /users/acardoza/venv/lib/python3.6/site-packages/tflearn/initializations.py:110: calling UniformUnitScaling.__init__ (from tensorflow.python.ops.init_ops) with dtype is deprecated and will be removed in a future version.
Instructions for updating:
Call initializer instance with the dtype argument instead of passing it to the constructor
WARNING:tensorflow:From /users/acardoza/venv/lib/python3.6/site-packages/tensorflow/python/util/deprecation.py:507: UniformUnitScaling.__init__ (from tensorflow.python.ops.init_ops) is deprecated and will be removed in a future version.
Instructions for updating:
Use tf.initializers.variance_scaling instead with distribution=uniform to get equivalent behavior.
WARNING:tensorflow:From /newhome/Orca/pensieve_cwnd/pensieve/a3c.py:31: The name tf.get_collection is deprecated. Please use tf.compat.v1.get_collection instead.

WARNING:tensorflow:From /newhome/Orca/pensieve_cwnd/pensieve/a3c.py:31: The name tf.GraphKeys is deprecated. Please use tf.compat.v1.GraphKeys instead.

WARNING:tensorflow:From /newhome/Orca/pensieve_cwnd/pensieve/a3c.py:37: The name tf.placeholder is deprecated. Please use tf.compat.v1.placeholder instead.

WARNING:tensorflow:From /newhome/Orca/pensieve_cwnd/pensieve/a3c.py:51: calling reduce_sum_v1 (from tensorflow.python.ops.math_ops) with keep_dims is deprecated and will be removed in a future version.
Instructions for updating:
keep_dims is deprecated, use keepdims instead
WARNING:tensorflow:From /newhome/Orca/pensieve_cwnd/pensieve/a3c.py:60: The name tf.train.RMSPropOptimizer is deprecated. Please use tf.compat.v1.train.RMSPropOptimizer instead.

WARNING:tensorflow:From /users/acardoza/venv/lib/python3.6/site-packages/tensorflow/python/training/rmsprop.py:119: calling Ones.__init__ (from tensorflow.python.ops.init_ops) with dtype is deprecated and will be removed in a future version.
Instructions for updating:
Call initializer instance with the dtype argument instead of passing it to the constructor
WARNING:tensorflow:From /users/acardoza/venv/lib/python3.6/site-packages/tensorflow/python/util/tf_should_use.py:193: initialize_all_variables (from tensorflow.python.ops.variables) is deprecated and will be removed after 2017-03-02.
Instructions for updating:
Use `tf.global_variables_initializer` instead.
WARNING:tensorflow:From /newhome/Orca/pensieve_cwnd/pensieve/rl_server_no_training.py:235: The name tf.train.Saver is deprecated. Please use tf.compat.v1.train.Saver instead.

WARNING:tensorflow:From /users/acardoza/venv/lib/python3.6/site-packages/tensorflow/python/training/saver.py:1276: checkpoint_exists (from tensorflow.python.training.checkpoint_management) is deprecated and will be removed in a future version.
Instructions for updating:
Use standard file APIs to check for files with this prefix.
INFO:tensorflow:Restoring parameters from /newhome/Orca/pensieve_cwnd/pensieve/seperate_models/pensieve_3mbps_no_change_baseline.ckpt
INFO:__main__:Model restored.
DEBUG:__main__:trying to make request handler
DEBUG:__main__:making request handler
INFO:__main__:Listening on port 8333
INFO:__main__:{'nextChunkSize': [2123065, 1431809, 957685, 611087, 398865, 155580], 'lastquality': 1, 'buffer': 4, 'bufferAdjusted': -0.5499999999999998, 'bandwidthEst': 2996.891846921797, 'lastRequest': 0, 'RebufferTime': 1252, 'lastChunkFinishTime': 1659638962954, 'lastChunkStartTime': 1659638961752, 'lastChunkSize': 450283}
INFO:__main__:{'nextChunkSize': [2177073, 1300868, 877771, 571051, 350812, 139857], 'lastquality': 1, 'buffer': 6.799168, 'bufferAdjusted': 2.249167999999999, 'bandwidthEst': 2956.8365804236855, 'lastRequest': 1, 'RebufferTime': 1252, 'lastChunkFinishTime': 1659638964161, 'lastChunkStartTime': 1659638963066, 'lastChunkSize': 398865}
INFO:__main__:{'nextChunkSize': [2160877, 1520281, 933276, 617681, 382355, 155432], 'lastquality': 1, 'buffer': 9.823958000000001, 'bufferAdjusted': 5.273958, 'bandwidthEst': 2975.922550893434, 'lastRequest': 2, 'RebufferTime': 1252, 'lastChunkFinishTime': 1659638965137, 'lastChunkStartTime': 1659638964209, 'lastChunkSize': 350812}
INFO:__main__:{'nextChunkSize': [2233056, 1472558, 996749, 652874, 411561, 163442], 'lastquality': 1, 'buffer': 12.730746, 'bufferAdjusted': 8.180746, 'bandwidthEst': 2961.691636789818, 'lastRequest': 3, 'RebufferTime': 1252, 'lastChunkFinishTime': 1659638966230, 'lastChunkStartTime': 1659638965182, 'lastChunkSize': 382355}
INFO:__main__:{'nextChunkSize': [1941625, 1224260, 801058, 520315, 318564, 126289], 'lastquality': 1, 'buffer': 15.624459, 'bufferAdjusted': 11.074459, 'bandwidthEst': 2991.3875693290115, 'lastRequest': 4, 'RebufferTime': 1252, 'lastChunkFinishTime': 1659638967335, 'lastChunkStartTime': 1659638966279, 'lastChunkSize': 411561}
INFO:__main__:{'nextChunkSize': [2157535, 1388403, 905515, 561791, 352642, 153295], 'lastquality': 3, 'buffer': 17.479469, 'bufferAdjusted': 12.929469000000005, 'bandwidthEst': 3030.444422043125, 'lastRequest': 5, 'RebufferTime': 1252, 'lastChunkFinishTime': 1659638969477, 'lastChunkStartTime': 1659638967420, 'lastChunkSize': 801058}
INFO:__main__:{'nextChunkSize': [2290172, 1638769, 1060487, 709534, 437162, 173849], 'lastquality': 4, 'buffer': 17.657606, 'bufferAdjusted': 13.107606000000004, 'bandwidthEst': 3021.77288971944, 'lastRequest': 6, 'RebufferTime': 1252, 'lastChunkFinishTime': 1659638973296, 'lastChunkStartTime': 1659638969563, 'lastChunkSize': 1388403}
INFO:__main__:{'nextChunkSize': [2055469, 1348011, 852833, 584846, 374758, 150710], 'lastquality': 4, 'buffer': 17.234401, 'bufferAdjusted': 12.684401000000001, 'bandwidthEst': 3014.3012445912345, 'lastRequest': 7, 'RebufferTime': 1252, 'lastChunkFinishTime': 1659638977719, 'lastChunkStartTime': 1659638973351, 'lastChunkSize': 1638769}
INFO:__main__:{'nextChunkSize': [2169201, 1429765, 913888, 560821, 362795, 139105], 'lastquality': 4, 'buffer': 17.56489, 'bufferAdjusted': 13.014890000000001, 'bandwidthEst': 3013.1878931639417, 'lastRequest': 8, 'RebufferTime': 1252, 'lastChunkFinishTime': 1659638981389, 'lastChunkStartTime': 1659638977772, 'lastChunkSize': 1348011}
INFO:__main__:{'nextChunkSize': [2173522, 1354548, 939819, 607410, 353220, 141840], 'lastquality': 4, 'buffer': 17.584496, 'bufferAdjusted': 13.034496000000004, 'bandwidthEst': 2984.719502774132, 'lastRequest': 9, 'RebufferTime': 1252, 'lastChunkFinishTime': 1659638985370, 'lastChunkStartTime': 1659638981445, 'lastChunkSize': 1429765}
INFO:__main__:{'nextChunkSize': [2102452, 1519951, 917428, 594078, 405134, 156148], 'lastquality': 4, 'buffer': 17.948893, 'bufferAdjusted': 13.398893000000005, 'bandwidthEst': 2978.3279956751026, 'lastRequest': 10, 'RebufferTime': 1252, 'lastChunkFinishTime': 1659638989005, 'lastChunkStartTime': 1659638985420, 'lastChunkSize': 1354548}
INFO:__main__:{'nextChunkSize': [2209463, 1422919, 946851, 624282, 386351, 160746], 'lastquality': 4, 'buffer': 17.676376, 'bufferAdjusted': 13.126376000000004, 'bandwidthEst': 2958.0592832271473, 'lastRequest': 11, 'RebufferTime': 1252, 'lastChunkFinishTime': 1659638993276, 'lastChunkStartTime': 1659638989059, 'lastChunkSize': 1519951}
INFO:__main__:{'nextChunkSize': [2275376, 1578343, 1036454, 687371, 434409, 179801], 'lastquality': 4, 'buffer': 17.719686000000003, 'bufferAdjusted': 13.169686000000006, 'bandwidthEst': 2939.9409940298947, 'lastRequest': 12, 'RebufferTime': 1252, 'lastChunkFinishTime': 1659638997234, 'lastChunkStartTime': 1659638993331, 'lastChunkSize': 1422919}
INFO:__main__:{'nextChunkSize': [2005399, 1231445, 821631, 526950, 337059, 140051], 'lastquality': 4, 'buffer': 17.462859, 'bufferAdjusted': 12.912859000000005, 'bandwidthEst': 2946.523110113341, 'lastRequest': 13, 'RebufferTime': 1252, 'lastChunkFinishTime': 1659639001487, 'lastChunkStartTime': 1659638997289, 'lastChunkSize': 1578343}
INFO:__main__:{'nextChunkSize': [2152483, 1471065, 923170, 587876, 366214, 138313], 'lastquality': 4, 'buffer': 18.205914, 'bufferAdjusted': 13.655914000000003, 'bandwidthEst': 2973.815805852223, 'lastRequest': 14, 'RebufferTime': 1252, 'lastChunkFinishTime': 1659639004749, 'lastChunkStartTime': 1659639001543, 'lastChunkSize': 1231445}
INFO:__main__:{'nextChunkSize': [2289689, 1491626, 966699, 617242, 360831, 143509], 'lastquality': 4, 'buffer': 18.252803, 'bufferAdjusted': 13.702803000000003, 'bandwidthEst': 2974.932450565184, 'lastRequest': 15, 'RebufferTime': 1252, 'lastChunkFinishTime': 1659639008700, 'lastChunkStartTime': 1659639004809, 'lastChunkSize': 1471065}
INFO:__main__:{'nextChunkSize': [2059512, 1358801, 885714, 581493, 372963, 150616], 'lastquality': 4, 'buffer': 18.18869, 'bufferAdjusted': 13.638690000000004, 'bandwidthEst': 2996.1381733624953, 'lastRequest': 16, 'RebufferTime': 1252, 'lastChunkFinishTime': 1659639012763, 'lastChunkStartTime': 1659639008754, 'lastChunkSize': 1491626}
INFO:__main__:{'nextChunkSize': [2220726, 1537156, 987708, 639204, 405596, 165384], 'lastquality': 4, 'buffer': 18.366760999999997, 'bufferAdjusted': 13.816761, 'bandwidthEst': 2989.8924627582737, 'lastRequest': 17, 'RebufferTime': 1252, 'lastChunkFinishTime': 1659639016585, 'lastChunkStartTime': 1659639012816, 'lastChunkSize': 1358801}
INFO:__main__:{'nextChunkSize': [2156729, 1336050, 923755, 586839, 350713, 140881], 'lastquality': 4, 'buffer': 18.185512000000003, 'bufferAdjusted': 13.635512000000006, 'bandwidthEst': 2983.910026859483, 'lastRequest': 18, 'RebufferTime': 1252, 'lastChunkFinishTime': 1659639020768, 'lastChunkStartTime': 1659639016642, 'lastChunkSize': 1537156}
INFO:__main__:{'nextChunkSize': [2039773, 1415116, 891604, 601738, 386472, 157671], 'lastquality': 4, 'buffer': 18.499166000000002, 'bufferAdjusted': 13.949166000000005, 'bandwidthEst': 2961.8790211138103, 'lastRequest': 19, 'RebufferTime': 1252, 'lastChunkFinishTime': 1659639024454, 'lastChunkStartTime': 1659639020821, 'lastChunkSize': 1336050}
INFO:__main__:{'nextChunkSize': [2176469, 1468126, 955231, 616206, 399894, 157812], 'lastquality': 4, 'buffer': 18.652991999999998, 'bufferAdjusted': 14.102992, 'bandwidthEst': 2954.1378796303484, 'lastRequest': 20, 'RebufferTime': 1252, 'lastChunkFinishTime': 1659639028300, 'lastChunkStartTime': 1659639024508, 'lastChunkSize': 1415116}
INFO:__main__:{'nextChunkSize': [2221506, 1505760, 968026, 656471, 401853, 163927], 'lastquality': 4, 'buffer': 18.668824, 'bufferAdjusted': 14.118824000000004, 'bandwidthEst': 2956.7516593698388, 'lastRequest': 21, 'RebufferTime': 1252, 'lastChunkFinishTime': 1659639032285, 'lastChunkStartTime': 1659639028357, 'lastChunkSize': 1468126}
INFO:__main__:{'nextChunkSize': [2044075, 1323990, 874175, 536667, 343800, 137654], 'lastquality': 4, 'buffer': 18.577978, 'bufferAdjusted': 14.027978000000004, 'bandwidthEst': 2977.1306107216037, 'lastRequest': 22, 'RebufferTime': 1252, 'lastChunkFinishTime': 1659639036376, 'lastChunkStartTime': 1659639032341, 'lastChunkSize': 1505760}
INFO:__main__:{'nextChunkSize': [2186790, 1383735, 897976, 587236, 359903, 146754], 'lastquality': 5, 'buffer': 16.886160000000004, 'bufferAdjusted': 12.336160000000007, 'bandwidthEst': 2960.622947676431, 'lastRequest': 23, 'RebufferTime': 1252, 'lastChunkFinishTime': 1659639042065, 'lastChunkStartTime': 1659639036462, 'lastChunkSize': 2044075}
INFO:__main__:{'nextChunkSize': [2105231, 1480464, 905935, 590335, 379700, 153938], 'lastquality': 5, 'buffer': 15.021592999999996, 'bufferAdjusted': 10.471592999999995, 'bandwidthEst': 2976.828539179226, 'lastRequest': 24, 'RebufferTime': 1252, 'lastChunkFinishTime': 1659639047926, 'lastChunkStartTime': 1659639042122, 'lastChunkSize': 2186790}
INFO:__main__:{'nextChunkSize': [2395588, 1547572, 1076599, 696376, 425781, 181901], 'lastquality': 5, 'buffer': 13.307101000000003, 'bufferAdjusted': 8.757101000000002, 'bandwidthEst': 2976.1931193342252, 'lastRequest': 25, 'RebufferTime': 1252, 'lastChunkFinishTime': 1659639053640, 'lastChunkStartTime': 1659639047988, 'lastChunkSize': 2105231}
INFO:__main__:{'nextChunkSize': [1972048, 1141971, 758197, 487160, 277716, 111155], 'lastquality': 4, 'buffer': 13.187982000000005, 'bufferAdjusted': 8.637982000000004, 'bandwidthEst': 2985.9391004957115, 'lastRequest': 26, 'RebufferTime': 1252, 'lastChunkFinishTime': 1659639057763, 'lastChunkStartTime': 1659639053706, 'lastChunkSize': 1547572}
INFO:__main__:{'nextChunkSize': [2134614, 1498470, 972798, 622896, 400396, 153605], 'lastquality': 4, 'buffer': 14.044186999999994, 'bufferAdjusted': 9.494186999999993, 'bandwidthEst': 2982.3715035498626, 'lastRequest': 27, 'RebufferTime': 1252, 'lastChunkFinishTime': 1659639060909, 'lastChunkStartTime': 1659639057820, 'lastChunkSize': 1141971}
INFO:__main__:{'nextChunkSize': [2164140, 1561263, 975811, 641447, 400508, 149029], 'lastquality': 4, 'buffer': 13.973865000000004, 'bufferAdjusted': 9.423865000000003, 'bandwidthEst': 2999.0884129377223, 'lastRequest': 28, 'RebufferTime': 1252, 'lastChunkFinishTime': 1659639064979, 'lastChunkStartTime': 1659639060963, 'lastChunkSize': 1498470}
INFO:__main__:{'nextChunkSize': [2113193, 1341201, 873429, 570392, 358218, 157421], 'lastquality': 4, 'buffer': 13.787891000000002, 'bufferAdjusted': 9.237891000000001, 'bandwidthEst': 2999.985470500483, 'lastRequest': 29, 'RebufferTime': 1252, 'lastChunkFinishTime': 1659639069165, 'lastChunkStartTime': 1659639065036, 'lastChunkSize': 1561263}
INFO:__main__:{'nextChunkSize': [2147852, 1497683, 954453, 620283, 400322, 157488], 'lastquality': 4, 'buffer': 14.009352000000007, 'bufferAdjusted': 9.459352000000006, 'bandwidthEst': 2981.073437027273, 'lastRequest': 30, 'RebufferTime': 1252, 'lastChunkFinishTime': 1659639072946, 'lastChunkStartTime': 1659639069217, 'lastChunkSize': 1341201}
INFO:__main__:{'nextChunkSize': [2191074, 1358081, 885062, 584349, 369834, 143881], 'lastquality': 4, 'buffer': 13.859059000000002, 'bufferAdjusted': 9.309059000000001, 'bandwidthEst': 2955.1813117216097, 'lastRequest': 31, 'RebufferTime': 1252, 'lastChunkFinishTime': 1659639077093, 'lastChunkStartTime': 1659639073002, 'lastChunkSize': 1497683}
INFO:__main__:{'nextChunkSize': [2286761, 1587293, 1035329, 670129, 412837, 163444], 'lastquality': 4, 'buffer': 14.220735000000005, 'bufferAdjusted': 9.670735000000004, 'bandwidthEst': 2968.6454315640913, 'lastRequest': 32, 'RebufferTime': 1252, 'lastChunkFinishTime': 1659639080734, 'lastChunkStartTime': 1659639077151, 'lastChunkSize': 1358081}
INFO:__main__:{'nextChunkSize': [2307787, 1492672, 1026056, 690253, 401088, 179328], 'lastquality': 4, 'buffer': 13.914766999999998, 'bufferAdjusted': 9.364766999999997, 'bandwidthEst': 2969.738587000021, 'lastRequest': 33, 'RebufferTime': 1252, 'lastChunkFinishTime': 1659639085035, 'lastChunkStartTime': 1659639080787, 'lastChunkSize': 1587293}
INFO:__main__:{'nextChunkSize': [2143948, 1439896, 943942, 598727, 365161, 159914], 'lastquality': 4, 'buffer': 13.764869000000004, 'bufferAdjusted': 9.214869000000004, 'bandwidthEst': 2947.545472917277, 'lastRequest': 34, 'RebufferTime': 1252, 'lastChunkFinishTime': 1659639089188, 'lastChunkStartTime': 1659639085095, 'lastChunkSize': 1492672}
INFO:__main__:{'nextChunkSize': [1919781, 1139291, 728962, 487812, 321064, 131610], 'lastquality': 4, 'buffer': 13.819137000000012, 'bufferAdjusted': 9.269137000000011, 'bandwidthEst': 2963.320576987724, 'lastRequest': 35, 'RebufferTime': 1252, 'lastChunkFinishTime': 1659639093134, 'lastChunkStartTime': 1659639089241, 'lastChunkSize': 1439896}
INFO:__main__:{'nextChunkSize': [2147467, 1499009, 938587, 575591, 361565, 124011], 'lastquality': 4, 'buffer': 14.760019999999997, 'bufferAdjusted': 10.210019999999997, 'bandwidthEst': 2982.2253936884313, 'lastRequest': 36, 'RebufferTime': 1252, 'lastChunkFinishTime': 1659639096194, 'lastChunkStartTime': 1659639093191, 'lastChunkSize': 1139291}
INFO:__main__:{'nextChunkSize': [2133870, 1427478, 908665, 605884, 378327, 144254], 'lastquality': 4, 'buffer': 14.717725000000002, 'bufferAdjusted': 10.167725, 'bandwidthEst': 2978.313476868096, 'lastRequest': 37, 'RebufferTime': 1252, 'lastChunkFinishTime': 1659639100235, 'lastChunkStartTime': 1659639096248, 'lastChunkSize': 1499009}
INFO:__main__:{'nextChunkSize': [2146120, 1402287, 930577, 587506, 390680, 149991], 'lastquality': 4, 'buffer': 14.74667500000001, 'bufferAdjusted': 10.19667500000001, 'bandwidthEst': 2962.6320533793337, 'lastRequest': 38, 'RebufferTime': 1252, 'lastChunkFinishTime': 1659639104209, 'lastChunkStartTime': 1659639100292, 'lastChunkSize': 1427478}
INFO:__main__:{'nextChunkSize': [2108491, 1339500, 858450, 566904, 345516, 147968], 'lastquality': 4, 'buffer': 14.925427000000013, 'bufferAdjusted': 10.375427000000013, 'bandwidthEst': 2976.2224953252367, 'lastRequest': 39, 'RebufferTime': 1252, 'lastChunkFinishTime': 1659639108027, 'lastChunkStartTime': 1659639104262, 'lastChunkSize': 1402287}
INFO:__main__:{'nextChunkSize': [2184571, 1527299, 1025005, 641452, 384505, 161857], 'lastquality': 4, 'buffer': 15.265161000000006, 'bufferAdjusted': 10.715161000000005, 'bandwidthEst': 2979.1997232914878, 'lastRequest': 40, 'RebufferTime': 1252, 'lastChunkFinishTime': 1659639111685, 'lastChunkStartTime': 1659639108080, 'lastChunkSize': 1339500}
INFO:__main__:{'nextChunkSize': [2121928, 1343002, 886255, 599477, 372093, 145210], 'lastquality': 4, 'buffer': 15.063379999999995, 'bufferAdjusted': 10.513379999999994, 'bandwidthEst': 2964.3183639534823, 'lastRequest': 41, 'RebufferTime': 1252, 'lastChunkFinishTime': 1659639115888, 'lastChunkStartTime': 1659639111745, 'lastChunkSize': 1527299}
INFO:__main__:{'nextChunkSize': [2219102, 1587250, 973972, 634861, 438281, 172312], 'lastquality': 4, 'buffer': 15.41059899999999, 'bufferAdjusted': 10.86059899999999, 'bandwidthEst': 2958.827285856679, 'lastRequest': 42, 'RebufferTime': 1252, 'lastChunkFinishTime': 1659639119545, 'lastChunkStartTime': 1659639115943, 'lastChunkSize': 1343002}
INFO:__main__:{'nextChunkSize': [2124950, 1464921, 958994, 630203, 398987, 167025], 'lastquality': 4, 'buffer': 15.187535999999994, 'bufferAdjusted': 10.637535999999994, 'bandwidthEst': 2987.3306741761903, 'lastRequest': 43, 'RebufferTime': 1252, 'lastChunkFinishTime': 1659639123762, 'lastChunkStartTime': 1659639119600, 'lastChunkSize': 1587250}
INFO:__main__:{'nextChunkSize': [2246506, 1483527, 982064, 638661, 393804, 160064], 'lastquality': 4, 'buffer': 15.212274000000008, 'bufferAdjusted': 10.662274000000007, 'bandwidthEst': 2989.1390179422647, 'lastRequest': 44, 'RebufferTime': 1252, 'lastChunkFinishTime': 1659639127741, 'lastChunkStartTime': 1659639123820, 'lastChunkSize': 1464921}
INFO:__main__:{'nextChunkSize': [1961140, 1231456, 830730, 538612, 331053, 137507], 'lastquality': 4, 'buffer': 15.054753000000005, 'bufferAdjusted': 10.504753000000004, 'bandwidthEst': 2971.4026477518155, 'lastRequest': 45, 'RebufferTime': 1252, 'lastChunkFinishTime': 1659639131897, 'lastChunkStartTime': 1659639127792, 'lastChunkSize': 1483527}
INFO:__main__:{'nextChunkSize': [2155012, 1364537, 846370, 550906, 314107, 118421], 'lastquality': 5, 'buffer': 14.066442999999992, 'bufferAdjusted': 9.516442999999992, 'bandwidthEst': 3024.8368733522575, 'lastRequest': 46, 'RebufferTime': 1252, 'lastChunkFinishTime': 1659639136883, 'lastChunkStartTime': 1659639131962, 'lastChunkSize': 1961140}
INFO:__main__:{'nextChunkSize': [1433658, 889412, 598850, 391450, 255954, 112270], 'lastquality': 5, 'buffer': 12.598320000000001, 'bufferAdjusted': 8.04832, 'bandwidthEst': 3069.0853076865474, 'lastRequest': 47, 'RebufferTime': 1252, 'lastChunkFinishTime': 1659639142351, 'lastChunkStartTime': 1659639136940, 'lastChunkSize': 2155012}
INFO:__main__:{'nextChunkSize': 0, 'lastquality': 5, 'buffer': 10.627459000000016, 'bufferAdjusted': 6.077459000000015, 'bandwidthEst': 3091.418396226247, 'lastRequest': 48, 'RebufferTime': 1252, 'lastChunkFinishTime': 1659639146006, 'lastChunkStartTime': 1659639142408, 'lastChunkSize': 1433658}
INFO:__main__:{'nextChunkSize': [2123065, 1431809, 957685, 611087, 398865, 155580], 'lastquality': 1, 'buffer': 4, 'bufferAdjusted': -0.5499999999999998, 'bandwidthEst': 3195.629408248655, 'lastRequest': 0, 'RebufferTime': 1720, 'lastChunkFinishTime': 1659639149079, 'lastChunkStartTime': 1659639147406, 'lastChunkSize': 668286}
INFO:__main__:{'nextChunkSize': [2177073, 1300868, 877771, 571051, 350812, 139857], 'lastquality': 4, 'buffer': 4.3227139999999995, 'bufferAdjusted': -0.22728600000000077, 'bandwidthEst': 3191.6314096723545, 'lastRequest': 1, 'RebufferTime': 1720, 'lastChunkFinishTime': 1659639152758, 'lastChunkStartTime': 1659639149167, 'lastChunkSize': 1431809}
INFO:__main__:{'nextChunkSize': [2160877, 1520281, 933276, 617681, 382355, 155432], 'lastquality': 4, 'buffer': 5.004183, 'bufferAdjusted': 0.45418299999999956, 'bandwidthEst': 3190.019997908745, 'lastRequest': 2, 'RebufferTime': 1720, 'lastChunkFinishTime': 1659639156075, 'lastChunkStartTime': 1659639152810, 'lastChunkSize': 1300868}
INFO:__main__:{'nextChunkSize': [2233056, 1472558, 996749, 652874, 411561, 163442], 'lastquality': 4, 'buffer': 5.124309, 'bufferAdjusted': 0.5743089999999995, 'bandwidthEst': 3187.068199028655, 'lastRequest': 3, 'RebufferTime': 1720, 'lastChunkFinishTime': 1659639159953, 'lastChunkStartTime': 1659639156129, 'lastChunkSize': 1520281}
INFO:__main__:{'nextChunkSize': [1941625, 1224260, 801058, 520315, 318564, 126289], 'lastquality': 4, 'buffer': 5.212842, 'bufferAdjusted': 0.6628419999999995, 'bandwidthEst': 3154.0287056087077, 'lastRequest': 4, 'RebufferTime': 1720, 'lastChunkFinishTime': 1659639163868, 'lastChunkStartTime': 1659639160009, 'lastChunkSize': 1472558}
INFO:__main__:{'nextChunkSize': [2157535, 1388403, 905515, 561791, 352642, 153295], 'lastquality': 4, 'buffer': 5.916063999999999, 'bufferAdjusted': 1.366063999999998, 'bandwidthEst': 3124.921950004796, 'lastRequest': 5, 'RebufferTime': 1720, 'lastChunkFinishTime': 1659639167164, 'lastChunkStartTime': 1659639163921, 'lastChunkSize': 1224260}
INFO:__main__:{'nextChunkSize': [2290172, 1638769, 1060487, 709534, 437162, 173849], 'lastquality': 4, 'buffer': 6.229704999999999, 'bufferAdjusted': 1.6797049999999984, 'bandwidthEst': 3098.445101121385, 'lastRequest': 6, 'RebufferTime': 1720, 'lastChunkFinishTime': 1659639170851, 'lastChunkStartTime': 1659639167219, 'lastChunkSize': 1388403}
INFO:__main__:{'nextChunkSize': [2055469, 1348011, 852833, 584846, 374758, 150710], 'lastquality': 4, 'buffer': 5.738472000000002, 'bufferAdjusted': 1.1884720000000009, 'bandwidthEst': 3049.171674483191, 'lastRequest': 7, 'RebufferTime': 1720, 'lastChunkFinishTime': 1659639175342, 'lastChunkStartTime': 1659639170905, 'lastChunkSize': 1638769}
INFO:__main__:{'nextChunkSize': [2169201, 1429765, 913888, 560821, 362795, 139105], 'lastquality': 4, 'buffer': 6.197662000000001, 'bufferAdjusted': 1.6476620000000004, 'bandwidthEst': 3031.1696189530126, 'lastRequest': 8, 'RebufferTime': 1720, 'lastChunkFinishTime': 1659639178881, 'lastChunkStartTime': 1659639175392, 'lastChunkSize': 1348011}
INFO:__main__:{'nextChunkSize': [2173522, 1354548, 939819, 607410, 353220, 141840], 'lastquality': 4, 'buffer': 6.331164000000001, 'bufferAdjusted': 1.7811640000000004, 'bandwidthEst': 3020.7654178814714, 'lastRequest': 9, 'RebufferTime': 1720, 'lastChunkFinishTime': 1659639182745, 'lastChunkStartTime': 1659639178935, 'lastChunkSize': 1429765}
INFO:__main__:{'nextChunkSize': [2102452, 1519951, 917428, 594078, 405134, 156148], 'lastquality': 4, 'buffer': 6.6342539999999985, 'bufferAdjusted': 2.084253999999998, 'bandwidthEst': 3012.08445709794, 'lastRequest': 10, 'RebufferTime': 1720, 'lastChunkFinishTime': 1659639186445, 'lastChunkStartTime': 1659639182803, 'lastChunkSize': 1354548}
INFO:__main__:{'nextChunkSize': [2209463, 1422919, 946851, 624282, 386351, 160746], 'lastquality': 4, 'buffer': 6.497275999999999, 'bufferAdjusted': 1.9472759999999987, 'bandwidthEst': 2997.5767511597487, 'lastRequest': 11, 'RebufferTime': 1720, 'lastChunkFinishTime': 1659639190578, 'lastChunkStartTime': 1659639186502, 'lastChunkSize': 1519951}
INFO:__main__:{'nextChunkSize': [2275376, 1578343, 1036454, 687371, 434409, 179801], 'lastquality': 4, 'buffer': 6.5387270000000015, 'bufferAdjusted': 1.9887270000000008, 'bandwidthEst': 2990.7759468110935, 'lastRequest': 12, 'RebufferTime': 1720, 'lastChunkFinishTime': 1659639194540, 'lastChunkStartTime': 1659639190638, 'lastChunkSize': 1422919}
INFO:__main__:{'nextChunkSize': [2005399, 1231445, 821631, 526950, 337059, 140051], 'lastquality': 4, 'buffer': 6.274912999999998, 'bufferAdjusted': 1.7249129999999973, 'bandwidthEst': 2975.7516579269245, 'lastRequest': 13, 'RebufferTime': 1720, 'lastChunkFinishTime': 1659639198803, 'lastChunkStartTime': 1659639194595, 'lastChunkSize': 1578343}
INFO:__main__:{'nextChunkSize': [2152483, 1471065, 923170, 587876, 366214, 138313], 'lastquality': 4, 'buffer': 6.789468999999997, 'bufferAdjusted': 2.239468999999996, 'bandwidthEst': 2951.3384767787697, 'lastRequest': 14, 'RebufferTime': 1720, 'lastChunkFinishTime': 1659639202291, 'lastChunkStartTime': 1659639198859, 'lastChunkSize': 1231445}
INFO:__main__:{'nextChunkSize': [2289689, 1491626, 966699, 617242, 360831, 143509], 'lastquality': 4, 'buffer': 6.701827999999999, 'bufferAdjusted': 2.1518279999999983, 'bandwidthEst': 2942.475390599194, 'lastRequest': 15, 'RebufferTime': 1720, 'lastChunkFinishTime': 1659639206375, 'lastChunkStartTime': 1659639202358, 'lastChunkSize': 1471065}
INFO:__main__:{'nextChunkSize': [2059512, 1358801, 885714, 581493, 372963, 150616], 'lastquality': 4, 'buffer': 6.672241999999997, 'bufferAdjusted': 2.1222419999999964, 'bandwidthEst': 2946.259335875341, 'lastRequest': 16, 'RebufferTime': 1720, 'lastChunkFinishTime': 1659639210406, 'lastChunkStartTime': 1659639206433, 'lastChunkSize': 1491626}
INFO:__main__:{'nextChunkSize': [2220726, 1537156, 987708, 639204, 405596, 165384], 'lastquality': 4, 'buffer': 7.090158000000002, 'bufferAdjusted': 2.5401580000000017, 'bandwidthEst': 2976.129830140166, 'lastRequest': 17, 'RebufferTime': 1720, 'lastChunkFinishTime': 1659639213991, 'lastChunkStartTime': 1659639210462, 'lastChunkSize': 1358801}
INFO:__main__:{'nextChunkSize': [2156729, 1336050, 923755, 586839, 350713, 140881], 'lastquality': 4, 'buffer': 6.981054999999998, 'bufferAdjusted': 2.431054999999997, 'bandwidthEst': 2983.4951091263, 'lastRequest': 18, 'RebufferTime': 1720, 'lastChunkFinishTime': 1659639218096, 'lastChunkStartTime': 1659639214047, 'lastChunkSize': 1537156}
INFO:__main__:{'nextChunkSize': [2039773, 1415116, 891604, 601738, 386472, 157671], 'lastquality': 4, 'buffer': 7.324529999999996, 'bufferAdjusted': 2.774529999999995, 'bandwidthEst': 3000.45714339461, 'lastRequest': 19, 'RebufferTime': 1720, 'lastChunkFinishTime': 1659639221759, 'lastChunkStartTime': 1659639218150, 'lastChunkSize': 1336050}
INFO:__main__:{'nextChunkSize': [2176469, 1468126, 955231, 616206, 399894, 157812], 'lastquality': 4, 'buffer': 7.337731000000005, 'bufferAdjusted': 2.7877310000000044, 'bandwidthEst': 2989.5491902601543, 'lastRequest': 20, 'RebufferTime': 1720, 'lastChunkFinishTime': 1659639225741, 'lastChunkStartTime': 1659639221808, 'lastChunkSize': 1415116}
INFO:__main__:{'nextChunkSize': [2221506, 1505760, 968026, 656471, 401853, 163927], 'lastquality': 4, 'buffer': 7.350656999999998, 'bufferAdjusted': 2.8006569999999975, 'bandwidthEst': 2986.758211128009, 'lastRequest': 21, 'RebufferTime': 1720, 'lastChunkFinishTime': 1659639229727, 'lastChunkStartTime': 1659639225799, 'lastChunkSize': 1468126}
INFO:__main__:{'nextChunkSize': [2044075, 1323990, 874175, 536667, 343800, 137654], 'lastquality': 4, 'buffer': 7.230483000000007, 'bufferAdjusted': 2.680483000000006, 'bandwidthEst': 2965.668669688324, 'lastRequest': 22, 'RebufferTime': 1720, 'lastChunkFinishTime': 1659639233847, 'lastChunkStartTime': 1659639229782, 'lastChunkSize': 1505760}
INFO:__main__:{'nextChunkSize': [2186790, 1383735, 897976, 587236, 359903, 146754], 'lastquality': 4, 'buffer': 7.591633000000002, 'bufferAdjusted': 3.041633000000001, 'bandwidthEst': 2949.1986572254195, 'lastRequest': 23, 'RebufferTime': 1720, 'lastChunkFinishTime': 1659639237488, 'lastChunkStartTime': 1659639233905, 'lastChunkSize': 1323990}
INFO:__main__:{'nextChunkSize': [2105231, 1480464, 905935, 590335, 379700, 153938], 'lastquality': 4, 'buffer': 7.845944000000003, 'bufferAdjusted': 3.295944000000002, 'bandwidthEst': 2956.189302848795, 'lastRequest': 24, 'RebufferTime': 1720, 'lastChunkFinishTime': 1659639241233, 'lastChunkStartTime': 1659639237541, 'lastChunkSize': 1383735}
INFO:__main__:{'nextChunkSize': [2395588, 1547572, 1076599, 696376, 425781, 181901], 'lastquality': 4, 'buffer': 7.830340000000007, 'bufferAdjusted': 3.280340000000006, 'bandwidthEst': 2979.1445291724394, 'lastRequest': 25, 'RebufferTime': 1720, 'lastChunkFinishTime': 1659639245250, 'lastChunkStartTime': 1659639241286, 'lastChunkSize': 1480464}
INFO:__main__:{'nextChunkSize': [1972048, 1141971, 758197, 487160, 277716, 111155], 'lastquality': 4, 'buffer': 7.516801999999998, 'bufferAdjusted': 2.9668019999999977, 'bandwidthEst': 2961.269557804439, 'lastRequest': 26, 'RebufferTime': 1720, 'lastChunkFinishTime': 1659639249561, 'lastChunkStartTime': 1659639245304, 'lastChunkSize': 1547572}
INFO:__main__:{'nextChunkSize': [2134614, 1498470, 972798, 622896, 400396, 153605], 'lastquality': 4, 'buffer': 8.392223999999999, 'bufferAdjusted': 3.842223999999998, 'bandwidthEst': 2962.889915770594, 'lastRequest': 27, 'RebufferTime': 1720, 'lastChunkFinishTime': 1659639252689, 'lastChunkStartTime': 1659639249617, 'lastChunkSize': 1141971}
INFO:__main__:{'nextChunkSize': [2164140, 1561263, 975811, 641447, 400508, 149029], 'lastquality': 4, 'buffer': 8.362003999999999, 'bufferAdjusted': 3.812003999999998, 'bandwidthEst': 2974.8052144189646, 'lastRequest': 28, 'RebufferTime': 1720, 'lastChunkFinishTime': 1659639256716, 'lastChunkStartTime': 1659639252739, 'lastChunkSize': 1498470}
INFO:__main__:{'nextChunkSize': [2113193, 1341201, 873429, 570392, 358218, 157421], 'lastquality': 4, 'buffer': 8.102941999999999, 'bufferAdjusted': 3.552941999999998, 'bandwidthEst': 2969.260924739549, 'lastRequest': 29, 'RebufferTime': 1720, 'lastChunkFinishTime': 1659639260976, 'lastChunkStartTime': 1659639256770, 'lastChunkSize': 1561263}
INFO:__main__:{'nextChunkSize': [2147852, 1497683, 954453, 620283, 400322, 157488], 'lastquality': 4, 'buffer': 8.489748000000006, 'bufferAdjusted': 3.939748000000005, 'bandwidthEst': 2973.801304280883, 'lastRequest': 30, 'RebufferTime': 1720, 'lastChunkFinishTime': 1659639264591, 'lastChunkStartTime': 1659639261032, 'lastChunkSize': 1341201}
INFO:__main__:{'nextChunkSize': [2191074, 1358081, 885062, 584349, 369834, 143881], 'lastquality': 4, 'buffer': 8.454441000000003, 'bufferAdjusted': 3.904441000000002, 'bandwidthEst': 2997.127861137636, 'lastRequest': 31, 'RebufferTime': 1720, 'lastChunkFinishTime': 1659639268623, 'lastChunkStartTime': 1659639264645, 'lastChunkSize': 1497683}
INFO:__main__:{'nextChunkSize': [2286761, 1587293, 1035329, 670129, 412837, 163444], 'lastquality': 4, 'buffer': 8.822232, 'bufferAdjusted': 4.272231999999999, 'bandwidthEst': 3008.4107965315684, 'lastRequest': 32, 'RebufferTime': 1720, 'lastChunkFinishTime': 1659639272255, 'lastChunkStartTime': 1659639268679, 'lastChunkSize': 1358081}
INFO:__main__:{'nextChunkSize': [2307787, 1492672, 1026056, 690253, 401088, 179328], 'lastquality': 4, 'buffer': 8.447078000000005, 'bufferAdjusted': 3.897078000000004, 'bandwidthEst': 2992.577371170672, 'lastRequest': 33, 'RebufferTime': 1720, 'lastChunkFinishTime': 1659639276629, 'lastChunkStartTime': 1659639272314, 'lastChunkSize': 1587293}
INFO:__main__:{'nextChunkSize': [2143948, 1439896, 943942, 598727, 365161, 159914], 'lastquality': 4, 'buffer': 8.337153, 'bufferAdjusted': 3.787153, 'bandwidthEst': 2987.6502735816475, 'lastRequest': 34, 'RebufferTime': 1720, 'lastChunkFinishTime': 1659639280741, 'lastChunkStartTime': 1659639276687, 'lastChunkSize': 1492672}
