DEBUG:__main__:starting run_video
DEBUG:__main__:url is: http://128.105.144.156:44444/myindex_RL.html
DEBUG:__main__:copy over the chrome user dir...
DEBUG:__main__:start abr algorithm server...
DEBUG:__main__:rl server command is: exec /users/acardoza/venv/bin/python /newhome/Orca/pensieve_cwnd/pensieve/rl_server_no_training.py orca-cubic-6mbps_3mbps_oscillating19-sec-mahimahi-wired12-10-20-30
DEBUG:__main__:starting display...
DEBUG:pyvirtualdisplay.abstractdisplay:command: ['Xvfb', '-br', '-nolisten', 'tcp', '-screen', '0', '800x600x24', '-displayfd', '7']
DEBUG:pyvirtualdisplay.abstractdisplay:set $DISPLAY=:0
DEBUG:__main__:display started...
DEBUG:__main__:initialize chrome driver
DEBUG:pyvirtualdisplay.abstractdisplay:set $DISPLAY=localhost:10.0
DEBUG:pyvirtualdisplay.abstractdisplay:stdout=b''
DEBUG:pyvirtualdisplay.abstractdisplay:stderr=b''
ERROR:__main__:Message: Service /newhome/Orca/pensieve_cwnd/pensieve/abr_browser_dir/chromedriver unexpectedly exited. Status code was: 127

DEBUG:__main__:starting run_video
DEBUG:__main__:url is: http://128.105.144.156:44444/myindex_RL.html
DEBUG:__main__:copy over the chrome user dir...
DEBUG:__main__:start abr algorithm server...
DEBUG:__main__:rl server command is: exec /users/acardoza/venv/bin/python /newhome/Orca/pensieve_cwnd/pensieve/rl_server_no_training.py orca-cubic-6mbps_3mbps_oscillating19-sec-mahimahi-wired12-10-20-30
DEBUG:__main__:starting display...
DEBUG:pyvirtualdisplay.abstractdisplay:command: ['Xvfb', '-br', '-nolisten', 'tcp', '-screen', '0', '800x600x24', '-displayfd', '7']
DEBUG:pyvirtualdisplay.abstractdisplay:set $DISPLAY=:0
DEBUG:__main__:display started...
DEBUG:__main__:initialize chrome driver
DEBUG:selenium.webdriver.remote.remote_connection:POST http://127.0.0.1:50309/session {"desiredCapabilities": {"browserName": "chrome", "version": "", "platform": "ANY", "javascriptEnabled": true, "chromeOptions": {"localState": {"browser.enabled_labs_experiments": ["block-insecure-private-network-requests@2"]}, "extensions": [], "args": ["--user-data-dir=/tmp/chrome_user_dir_id_0", "--ignore-certificate-errors", "--disable-web-security", "--autoplay-policy=no-user-gesture-required"]}}, "requiredCapabilities": {}}
DEBUG:selenium.webdriver.remote.remote_connection:Finished Request
DEBUG:__main__:chrome driver initialized...
DEBUG:selenium.webdriver.remote.remote_connection:POST http://127.0.0.1:50309/session/153956c00f7c93075ffe994010b605e1/timeouts {"ms": 10000.0, "type": "page load", "sessionId": "153956c00f7c93075ffe994010b605e1"}
DEBUG:selenium.webdriver.remote.remote_connection:Finished Request
DEBUG:__main__:page parameters set
DEBUG:__main__:getting url
DEBUG:selenium.webdriver.remote.remote_connection:POST http://127.0.0.1:50309/session/153956c00f7c93075ffe994010b605e1/url {"url": "http://128.105.144.156:44444/myindex_RL.html", "sessionId": "153956c00f7c93075ffe994010b605e1"}
DEBUG:selenium.webdriver.remote.remote_connection:Finished Request
DEBUG:pyvirtualdisplay.abstractdisplay:set $DISPLAY=localhost:10.0
DEBUG:pyvirtualdisplay.abstractdisplay:stdout=b''
DEBUG:pyvirtualdisplay.abstractdisplay:stderr=b''
DEBUG:selenium.webdriver.remote.remote_connection:DELETE http://127.0.0.1:50309/session/153956c00f7c93075ffe994010b605e1 {"sessionId": "153956c00f7c93075ffe994010b605e1"}
DEBUG:selenium.webdriver.remote.remote_connection:Finished Request
ERROR:__main__:Message: timeout: cannot determine loading status
from timeout: Timed out receiving message from renderer: -0.009
  (Session info: chrome=104.0.5112.79)
  (Driver info: chromedriver=2.27.440175 (9bc1d90b8bfa4dd181fbbf769a5eb5e575574320),platform=Linux 4.13.1-0521-learner x86_64)

DEBUG:__main__:starting run_video
DEBUG:__main__:url is: http://128.105.144.156:44444/myindex_RL.html
DEBUG:__main__:copy over the chrome user dir...
DEBUG:__main__:start abr algorithm server...
DEBUG:__main__:rl server command is: exec /users/acardoza/venv/bin/python /newhome/Orca/pensieve_cwnd/pensieve/rl_server_no_training.py orca-cubic-6mbps_3mbps_oscillating19-sec-mahimahi-wired12-10-20-30
DEBUG:__main__:starting display...
DEBUG:pyvirtualdisplay.abstractdisplay:command: ['Xvfb', '-br', '-nolisten', 'tcp', '-screen', '0', '800x600x24', '-displayfd', '7']
DEBUG:pyvirtualdisplay.abstractdisplay:set $DISPLAY=:0
DEBUG:__main__:display started...
DEBUG:__main__:initialize chrome driver
DEBUG:selenium.webdriver.remote.remote_connection:POST http://127.0.0.1:48439/session {"desiredCapabilities": {"browserName": "chrome", "version": "", "platform": "ANY", "javascriptEnabled": true, "chromeOptions": {"localState": {"browser.enabled_labs_experiments": ["block-insecure-private-network-requests@2"]}, "extensions": [], "args": ["--user-data-dir=/tmp/chrome_user_dir_id_0", "--ignore-certificate-errors", "--disable-web-security", "--autoplay-policy=no-user-gesture-required"]}}, "requiredCapabilities": {}}
DEBUG:selenium.webdriver.remote.remote_connection:Finished Request
DEBUG:__main__:chrome driver initialized...
DEBUG:selenium.webdriver.remote.remote_connection:POST http://127.0.0.1:48439/session/a4ebdace50b73238bc25b06a12ce10b9/timeouts {"ms": 10000.0, "type": "page load", "sessionId": "a4ebdace50b73238bc25b06a12ce10b9"}
DEBUG:selenium.webdriver.remote.remote_connection:Finished Request
DEBUG:__main__:page parameters set
DEBUG:__main__:getting url
DEBUG:selenium.webdriver.remote.remote_connection:POST http://127.0.0.1:48439/session/a4ebdace50b73238bc25b06a12ce10b9/url {"url": "http://128.105.144.156:44444/myindex_RL.html", "sessionId": "a4ebdace50b73238bc25b06a12ce10b9"}
DEBUG:selenium.webdriver.remote.remote_connection:Finished Request
DEBUG:pyvirtualdisplay.abstractdisplay:set $DISPLAY=localhost:10.0
DEBUG:pyvirtualdisplay.abstractdisplay:stdout=b''
DEBUG:pyvirtualdisplay.abstractdisplay:stderr=b''
DEBUG:selenium.webdriver.remote.remote_connection:DELETE http://127.0.0.1:48439/session/a4ebdace50b73238bc25b06a12ce10b9 {"sessionId": "a4ebdace50b73238bc25b06a12ce10b9"}
DEBUG:selenium.webdriver.remote.remote_connection:Finished Request
ERROR:__main__:Message: timeout: cannot determine loading status
from timeout: Timed out receiving message from renderer: -0.009
  (Session info: chrome=104.0.5112.79)
  (Driver info: chromedriver=2.27.440175 (9bc1d90b8bfa4dd181fbbf769a5eb5e575574320),platform=Linux 4.13.1-0521-learner x86_64)

DEBUG:__main__:starting run_video
DEBUG:__main__:url is: http://128.105.144.156:44444/myindex_RL.html
DEBUG:__main__:copy over the chrome user dir...
DEBUG:__main__:start abr algorithm server...
DEBUG:__main__:rl server command is: exec /users/acardoza/venv/bin/python /newhome/Orca/pensieve_cwnd/pensieve/rl_server_no_training.py orca-cubic-6mbps_3mbps_oscillating19-sec-mahimahi-wired12-10-20-30
DEBUG:__main__:starting display...
DEBUG:pyvirtualdisplay.abstractdisplay:command: ['Xvfb', '-br', '-nolisten', 'tcp', '-screen', '0', '800x600x24', '-displayfd', '7']
DEBUG:pyvirtualdisplay.abstractdisplay:set $DISPLAY=:0
DEBUG:__main__:display started...
DEBUG:__main__:initialize chrome driver
DEBUG:selenium.webdriver.remote.remote_connection:POST http://127.0.0.1:43783/session {"desiredCapabilities": {"browserName": "chrome", "version": "", "platform": "ANY", "javascriptEnabled": true, "chromeOptions": {"localState": {"browser.enabled_labs_experiments": ["block-insecure-private-network-requests@2"]}, "extensions": [], "args": ["--user-data-dir=/tmp/chrome_user_dir_id_0", "--ignore-certificate-errors", "--disable-web-security", "--autoplay-policy=no-user-gesture-required"]}}, "requiredCapabilities": {}}
DEBUG:selenium.webdriver.remote.remote_connection:Finished Request
DEBUG:__main__:chrome driver initialized...
DEBUG:selenium.webdriver.remote.remote_connection:POST http://127.0.0.1:43783/session/76e48a9d10e25aac050cc81992f9301a/timeouts {"ms": 10000.0, "type": "page load", "sessionId": "76e48a9d10e25aac050cc81992f9301a"}
DEBUG:selenium.webdriver.remote.remote_connection:Finished Request
DEBUG:__main__:page parameters set
DEBUG:__main__:getting url
DEBUG:selenium.webdriver.remote.remote_connection:POST http://127.0.0.1:43783/session/76e48a9d10e25aac050cc81992f9301a/url {"url": "http://128.105.144.156:44444/myindex_RL.html", "sessionId": "76e48a9d10e25aac050cc81992f9301a"}
DEBUG:selenium.webdriver.remote.remote_connection:Finished Request
DEBUG:pyvirtualdisplay.abstractdisplay:set $DISPLAY=localhost:10.0
DEBUG:pyvirtualdisplay.abstractdisplay:stdout=b''
DEBUG:pyvirtualdisplay.abstractdisplay:stderr=b''
DEBUG:selenium.webdriver.remote.remote_connection:DELETE http://127.0.0.1:43783/session/76e48a9d10e25aac050cc81992f9301a {"sessionId": "76e48a9d10e25aac050cc81992f9301a"}
DEBUG:selenium.webdriver.remote.remote_connection:Finished Request
ERROR:__main__:Message: timeout: cannot determine loading status
from timeout: Timed out receiving message from renderer: -0.011
  (Session info: chrome=104.0.5112.79)
  (Driver info: chromedriver=2.27.440175 (9bc1d90b8bfa4dd181fbbf769a5eb5e575574320),platform=Linux 4.13.1-0521-learner x86_64)

DEBUG:__main__:starting run_video
DEBUG:__main__:url is: http://100.64.0.1:44444/myindex_RL.html
DEBUG:__main__:copy over the chrome user dir...
DEBUG:__main__:start abr algorithm server...
DEBUG:__main__:rl server command is: exec /users/acardoza/venv/bin/python /newhome/Orca/pensieve_cwnd/pensieve/rl_server_no_training.py orca-cubic-6mbps_3mbps_oscillating19-sec-mahimahi-wired12-10-20-30
DEBUG:__main__:starting display...
DEBUG:pyvirtualdisplay.abstractdisplay:command: ['Xvfb', '-br', '-nolisten', 'tcp', '-screen', '0', '800x600x24', '-displayfd', '7']
DEBUG:pyvirtualdisplay.abstractdisplay:set $DISPLAY=:0
DEBUG:__main__:display started...
DEBUG:__main__:initialize chrome driver
DEBUG:selenium.webdriver.remote.remote_connection:POST http://127.0.0.1:46407/session {"desiredCapabilities": {"browserName": "chrome", "version": "", "platform": "ANY", "javascriptEnabled": true, "chromeOptions": {"localState": {"browser.enabled_labs_experiments": ["block-insecure-private-network-requests@2"]}, "extensions": [], "args": ["--user-data-dir=/tmp/chrome_user_dir_id_0", "--ignore-certificate-errors", "--disable-web-security", "--autoplay-policy=no-user-gesture-required"]}}, "requiredCapabilities": {}}
DEBUG:selenium.webdriver.remote.remote_connection:Finished Request
DEBUG:__main__:chrome driver initialized...
DEBUG:selenium.webdriver.remote.remote_connection:POST http://127.0.0.1:46407/session/f38b21914034dc5263249b5b6dd9a90a/timeouts {"ms": 10000.0, "type": "page load", "sessionId": "f38b21914034dc5263249b5b6dd9a90a"}
DEBUG:selenium.webdriver.remote.remote_connection:Finished Request
DEBUG:__main__:page parameters set
DEBUG:__main__:getting url
DEBUG:selenium.webdriver.remote.remote_connection:POST http://127.0.0.1:46407/session/f38b21914034dc5263249b5b6dd9a90a/url {"url": "http://100.64.0.1:44444/myindex_RL.html", "sessionId": "f38b21914034dc5263249b5b6dd9a90a"}
DEBUG:selenium.webdriver.remote.remote_connection:Finished Request
DEBUG:pyvirtualdisplay.abstractdisplay:set $DISPLAY=localhost:11.0
DEBUG:pyvirtualdisplay.abstractdisplay:stdout=b''
DEBUG:pyvirtualdisplay.abstractdisplay:stderr=b''
DEBUG:selenium.webdriver.remote.remote_connection:DELETE http://127.0.0.1:46407/session/f38b21914034dc5263249b5b6dd9a90a {"sessionId": "f38b21914034dc5263249b5b6dd9a90a"}
DEBUG:selenium.webdriver.remote.remote_connection:Finished Request
ERROR:__main__:Message: timeout: cannot determine loading status
from timeout: Timed out receiving message from renderer: -0.010
  (Session info: chrome=104.0.5112.79)
  (Driver info: chromedriver=2.27.440175 (9bc1d90b8bfa4dd181fbbf769a5eb5e575574320),platform=Linux 4.13.1-0521-learner x86_64)

DEBUG:__main__:starting run_video
DEBUG:__main__:url is: http://100.64.0.1:44444/myindex_RL.html
DEBUG:__main__:copy over the chrome user dir...
DEBUG:__main__:start abr algorithm server...
DEBUG:__main__:rl server command is: exec /users/acardoza/venv/bin/python /newhome/Orca/pensieve_cwnd/pensieve/rl_server_no_training.py orca-cubic-6mbps_3mbps_oscillating19-sec-mahimahi-wired12-10-20-30
DEBUG:__main__:starting display...
DEBUG:pyvirtualdisplay.abstractdisplay:command: ['Xvfb', '-br', '-nolisten', 'tcp', '-screen', '0', '800x600x24', '-displayfd', '7']
DEBUG:pyvirtualdisplay.abstractdisplay:set $DISPLAY=:0
DEBUG:__main__:display started...
DEBUG:__main__:initialize chrome driver
DEBUG:pyvirtualdisplay.abstractdisplay:set $DISPLAY=localhost:11.0
DEBUG:pyvirtualdisplay.abstractdisplay:stdout=b''
DEBUG:pyvirtualdisplay.abstractdisplay:stderr=b''
ERROR:__main__:'Options' object has no attribute 'add_argumment'
DEBUG:__main__:starting run_video
DEBUG:__main__:url is: http://100.64.0.1:44444/myindex_RL.html
DEBUG:__main__:copy over the chrome user dir...
DEBUG:__main__:start abr algorithm server...
DEBUG:__main__:rl server command is: exec /users/acardoza/venv/bin/python /newhome/Orca/pensieve_cwnd/pensieve/rl_server_no_training.py orca-cubic-6mbps_3mbps_oscillating19-sec-mahimahi-wired12-10-20-30
DEBUG:__main__:starting display...
DEBUG:pyvirtualdisplay.abstractdisplay:command: ['Xvfb', '-br', '-nolisten', 'tcp', '-screen', '0', '800x600x24', '-displayfd', '7']
DEBUG:pyvirtualdisplay.abstractdisplay:set $DISPLAY=:0
DEBUG:__main__:display started...
DEBUG:__main__:initialize chrome driver
DEBUG:selenium.webdriver.remote.remote_connection:POST http://127.0.0.1:46335/session {"desiredCapabilities": {"browserName": "chrome", "version": "", "platform": "ANY", "javascriptEnabled": true, "chromeOptions": {"localState": {"browser.enabled_labs_experiments": ["block-insecure-private-network-requests@2"]}, "extensions": [], "args": ["--user-data-dir=/tmp/chrome_user_dir_id_0", "--ignore-certificate-errors", "--disable-web-security", "--autoplay-policy=no-user-gesture-required", "--dns-prefetch-disable"]}}, "requiredCapabilities": {}}
DEBUG:selenium.webdriver.remote.remote_connection:Finished Request
DEBUG:__main__:chrome driver initialized...
DEBUG:selenium.webdriver.remote.remote_connection:POST http://127.0.0.1:46335/session/6a3c9f05832d8cfc4f15c8152fdda98c/timeouts {"ms": 10000.0, "type": "page load", "sessionId": "6a3c9f05832d8cfc4f15c8152fdda98c"}
DEBUG:selenium.webdriver.remote.remote_connection:Finished Request
DEBUG:__main__:page parameters set
DEBUG:__main__:getting url
DEBUG:selenium.webdriver.remote.remote_connection:POST http://127.0.0.1:46335/session/6a3c9f05832d8cfc4f15c8152fdda98c/url {"url": "http://100.64.0.1:44444/myindex_RL.html", "sessionId": "6a3c9f05832d8cfc4f15c8152fdda98c"}
DEBUG:selenium.webdriver.remote.remote_connection:Finished Request
DEBUG:pyvirtualdisplay.abstractdisplay:set $DISPLAY=localhost:11.0
DEBUG:pyvirtualdisplay.abstractdisplay:stdout=b''
DEBUG:pyvirtualdisplay.abstractdisplay:stderr=b''
DEBUG:selenium.webdriver.remote.remote_connection:DELETE http://127.0.0.1:46335/session/6a3c9f05832d8cfc4f15c8152fdda98c {"sessionId": "6a3c9f05832d8cfc4f15c8152fdda98c"}
DEBUG:selenium.webdriver.remote.remote_connection:Finished Request
ERROR:__main__:Message: timeout: cannot determine loading status
from timeout: Timed out receiving message from renderer: -0.009
  (Session info: chrome=104.0.5112.79)
  (Driver info: chromedriver=2.27.440175 (9bc1d90b8bfa4dd181fbbf769a5eb5e575574320),platform=Linux 4.13.1-0521-learner x86_64)

DEBUG:__main__:starting run_video
DEBUG:__main__:url is: http://100.64.0.1:44444/myindex_RL.html
DEBUG:__main__:copy over the chrome user dir...
DEBUG:__main__:start abr algorithm server...
DEBUG:__main__:rl server command is: exec /users/acardoza/venv/bin/python /newhome/Orca/pensieve_cwnd/pensieve/rl_server_no_training.py orca-cubic-6mbps_3mbps_oscillating19-sec-mahimahi-wired12-10-20-30
DEBUG:__main__:starting display...
DEBUG:pyvirtualdisplay.abstractdisplay:command: ['Xvfb', '-br', '-nolisten', 'tcp', '-screen', '0', '800x600x24', '-displayfd', '7']
DEBUG:pyvirtualdisplay.abstractdisplay:set $DISPLAY=:0
DEBUG:__main__:display started...
DEBUG:__main__:initialize chrome driver
DEBUG:selenium.webdriver.remote.remote_connection:POST http://127.0.0.1:35255/session {"desiredCapabilities": {"browserName": "chrome", "version": "", "platform": "ANY", "javascriptEnabled": true, "chromeOptions": {"localState": {"browser.enabled_labs_experiments": ["block-insecure-private-network-requests@2"]}, "extensions": [], "args": ["--user-data-dir=/tmp/chrome_user_dir_id_0", "--ignore-certificate-errors", "--disable-web-security", "--autoplay-policy=no-user-gesture-required", "--dns-prefetch-disable"]}}, "requiredCapabilities": {}}
DEBUG:selenium.webdriver.remote.remote_connection:Finished Request
DEBUG:__main__:chrome driver initialized...
DEBUG:selenium.webdriver.remote.remote_connection:POST http://127.0.0.1:35255/session/b4f285fd405146055722f85eb0c390eb/timeouts {"ms": 10000.0, "type": "page load", "sessionId": "b4f285fd405146055722f85eb0c390eb"}
DEBUG:selenium.webdriver.remote.remote_connection:Finished Request
DEBUG:__main__:page parameters set
DEBUG:__main__:getting url
DEBUG:selenium.webdriver.remote.remote_connection:POST http://127.0.0.1:35255/session/b4f285fd405146055722f85eb0c390eb/url {"url": "http://100.64.0.1:44444/myindex_RL.html", "sessionId": "b4f285fd405146055722f85eb0c390eb"}
DEBUG:selenium.webdriver.remote.remote_connection:Finished Request
DEBUG:pyvirtualdisplay.abstractdisplay:set $DISPLAY=localhost:11.0
DEBUG:pyvirtualdisplay.abstractdisplay:stdout=b''
DEBUG:pyvirtualdisplay.abstractdisplay:stderr=b''
DEBUG:selenium.webdriver.remote.remote_connection:DELETE http://127.0.0.1:35255/session/b4f285fd405146055722f85eb0c390eb {"sessionId": "b4f285fd405146055722f85eb0c390eb"}
DEBUG:selenium.webdriver.remote.remote_connection:Finished Request
ERROR:__main__:Message: timeout: Timed out receiving message from renderer: 9.894
  (Session info: chrome=104.0.5112.79)
  (Driver info: chromedriver=104.0.5112.79 (3cf3e8c8a07d104b9e1260c910efb8f383285dc5-refs/branch-heads/5112@{#1307}),platform=Linux 4.13.1-0521-learner x86_64)

DEBUG:__main__:starting run_video
DEBUG:__main__:url is: http://128.105.144.156:44444/myindex_RL.html
DEBUG:__main__:copy over the chrome user dir...
DEBUG:__main__:start abr algorithm server...
DEBUG:__main__:rl server command is: exec /users/acardoza/venv/bin/python /newhome/Orca/pensieve_cwnd/pensieve/rl_server_no_training.py orca-cubic-6mbps_3mbps_oscillating19-sec-mahimahi-wired12-10-20-30
DEBUG:__main__:starting display...
DEBUG:pyvirtualdisplay.abstractdisplay:command: ['Xvfb', '-br', '-nolisten', 'tcp', '-screen', '0', '800x600x24', '-displayfd', '7']
DEBUG:pyvirtualdisplay.abstractdisplay:set $DISPLAY=:0
DEBUG:__main__:display started...
DEBUG:__main__:initialize chrome driver
DEBUG:selenium.webdriver.remote.remote_connection:POST http://127.0.0.1:57685/session {"desiredCapabilities": {"browserName": "chrome", "version": "", "platform": "ANY", "javascriptEnabled": true, "chromeOptions": {"localState": {"browser.enabled_labs_experiments": ["block-insecure-private-network-requests@2"]}, "extensions": [], "args": ["--user-data-dir=/tmp/chrome_user_dir_id_0", "--ignore-certificate-errors", "--disable-web-security", "--autoplay-policy=no-user-gesture-required", "--dns-prefetch-disable"]}}, "requiredCapabilities": {}}
DEBUG:selenium.webdriver.remote.remote_connection:Finished Request
DEBUG:__main__:chrome driver initialized...
DEBUG:selenium.webdriver.remote.remote_connection:POST http://127.0.0.1:57685/session/6f7c6157e1be0353efd4d0dc494f7d3f/timeouts {"ms": 10000.0, "type": "page load", "sessionId": "6f7c6157e1be0353efd4d0dc494f7d3f"}
DEBUG:selenium.webdriver.remote.remote_connection:Finished Request
DEBUG:__main__:page parameters set
DEBUG:__main__:getting url
DEBUG:selenium.webdriver.remote.remote_connection:POST http://127.0.0.1:57685/session/6f7c6157e1be0353efd4d0dc494f7d3f/url {"url": "http://128.105.144.156:44444/myindex_RL.html", "sessionId": "6f7c6157e1be0353efd4d0dc494f7d3f"}
DEBUG:selenium.webdriver.remote.remote_connection:Finished Request
DEBUG:__main__:got url
DEBUG:__main__:sleeping for 320 seconds
DEBUG:selenium.webdriver.remote.remote_connection:DELETE http://127.0.0.1:57685/session/6f7c6157e1be0353efd4d0dc494f7d3f {"sessionId": "6f7c6157e1be0353efd4d0dc494f7d3f"}
DEBUG:selenium.webdriver.remote.remote_connection:Finished Request
DEBUG:pyvirtualdisplay.abstractdisplay:set $DISPLAY=localhost:10.0
DEBUG:pyvirtualdisplay.abstractdisplay:stdout=b''
DEBUG:pyvirtualdisplay.abstractdisplay:stderr=b''
DEBUG:__main__:stopped chrome driver
DEBUG:__main__:starting run_video
DEBUG:__main__:url is: http://128.105.144.156:44444/myindex_RL.html
DEBUG:__main__:copy over the chrome user dir...
DEBUG:__main__:start abr algorithm server...
DEBUG:__main__:rl server command is: exec /users/acardoza/venv/bin/python /newhome/Orca/pensieve_cwnd/pensieve/rl_server_no_training.py orca-cubic-6mbps_3mbps_oscillating19-sec-mahimahi-wired12-10-20-30
DEBUG:__main__:starting display...
DEBUG:pyvirtualdisplay.abstractdisplay:command: ['Xvfb', '-br', '-nolisten', 'tcp', '-screen', '0', '800x600x24', '-displayfd', '7']
DEBUG:pyvirtualdisplay.abstractdisplay:set $DISPLAY=:0
DEBUG:__main__:display started...
DEBUG:__main__:initialize chrome driver
DEBUG:selenium.webdriver.remote.remote_connection:POST http://127.0.0.1:60077/session {"desiredCapabilities": {"browserName": "chrome", "version": "", "platform": "ANY", "javascriptEnabled": true, "chromeOptions": {"localState": {"browser.enabled_labs_experiments": ["block-insecure-private-network-requests@2"]}, "extensions": [], "args": ["--user-data-dir=/tmp/chrome_user_dir_id_0", "--ignore-certificate-errors", "--disable-web-security", "--autoplay-policy=no-user-gesture-required", "--dns-prefetch-disable"]}}, "requiredCapabilities": {}}
DEBUG:selenium.webdriver.remote.remote_connection:Finished Request
DEBUG:__main__:chrome driver initialized...
DEBUG:selenium.webdriver.remote.remote_connection:POST http://127.0.0.1:60077/session/f903af9d698499c1c2ecf0c5bef05f72/timeouts {"ms": 10000.0, "type": "page load", "sessionId": "f903af9d698499c1c2ecf0c5bef05f72"}
DEBUG:selenium.webdriver.remote.remote_connection:Finished Request
DEBUG:__main__:page parameters set
DEBUG:__main__:getting url
DEBUG:selenium.webdriver.remote.remote_connection:POST http://127.0.0.1:60077/session/f903af9d698499c1c2ecf0c5bef05f72/url {"url": "http://128.105.144.156:44444/myindex_RL.html", "sessionId": "f903af9d698499c1c2ecf0c5bef05f72"}
DEBUG:selenium.webdriver.remote.remote_connection:Finished Request
DEBUG:__main__:got url
DEBUG:__main__:sleeping for 320 seconds
DEBUG:selenium.webdriver.remote.remote_connection:DELETE http://127.0.0.1:60077/session/f903af9d698499c1c2ecf0c5bef05f72 {"sessionId": "f903af9d698499c1c2ecf0c5bef05f72"}
DEBUG:selenium.webdriver.remote.remote_connection:Finished Request
DEBUG:pyvirtualdisplay.abstractdisplay:set $DISPLAY=localhost:10.0
DEBUG:pyvirtualdisplay.abstractdisplay:stdout=b''
DEBUG:pyvirtualdisplay.abstractdisplay:stderr=b''
DEBUG:__main__:stopped chrome driver
DEBUG:__main__:starting run_video
DEBUG:__main__:url is: http://128.105.144.156:44444/myindex_RL.html
DEBUG:__main__:copy over the chrome user dir...
DEBUG:__main__:start abr algorithm server...
DEBUG:__main__:rl server command is: exec /users/acardoza/venv/bin/python /newhome/Orca/pensieve_cwnd/pensieve/rl_server_no_training.py orca-cubic-6mbps_3mbps_oscillating19-sec-mahimahi-wired12-10-20-30
DEBUG:__main__:starting display...
DEBUG:pyvirtualdisplay.abstractdisplay:command: ['Xvfb', '-br', '-nolisten', 'tcp', '-screen', '0', '800x600x24', '-displayfd', '7']
DEBUG:pyvirtualdisplay.abstractdisplay:set $DISPLAY=:0
DEBUG:__main__:display started...
DEBUG:__main__:initialize chrome driver
DEBUG:selenium.webdriver.remote.remote_connection:POST http://127.0.0.1:56359/session {"desiredCapabilities": {"browserName": "chrome", "version": "", "platform": "ANY", "javascriptEnabled": true, "chromeOptions": {"localState": {"browser.enabled_labs_experiments": ["block-insecure-private-network-requests@2"]}, "extensions": [], "args": ["--user-data-dir=/tmp/chrome_user_dir_id_0", "--ignore-certificate-errors", "--disable-web-security", "--autoplay-policy=no-user-gesture-required", "--dns-prefetch-disable"]}}, "requiredCapabilities": {}}
DEBUG:selenium.webdriver.remote.remote_connection:Finished Request
DEBUG:__main__:chrome driver initialized...
DEBUG:selenium.webdriver.remote.remote_connection:POST http://127.0.0.1:56359/session/02563586307e47f330bcad586c55cdbd/timeouts {"ms": 10000.0, "type": "page load", "sessionId": "02563586307e47f330bcad586c55cdbd"}
DEBUG:selenium.webdriver.remote.remote_connection:Finished Request
DEBUG:__main__:page parameters set
DEBUG:__main__:getting url
DEBUG:selenium.webdriver.remote.remote_connection:POST http://127.0.0.1:56359/session/02563586307e47f330bcad586c55cdbd/url {"url": "http://128.105.144.156:44444/myindex_RL.html", "sessionId": "02563586307e47f330bcad586c55cdbd"}
DEBUG:selenium.webdriver.remote.remote_connection:Finished Request
DEBUG:__main__:got url
DEBUG:__main__:sleeping for 320 seconds
DEBUG:selenium.webdriver.remote.remote_connection:DELETE http://127.0.0.1:56359/session/02563586307e47f330bcad586c55cdbd {"sessionId": "02563586307e47f330bcad586c55cdbd"}
DEBUG:selenium.webdriver.remote.remote_connection:Finished Request
DEBUG:pyvirtualdisplay.abstractdisplay:set $DISPLAY=localhost:10.0
DEBUG:pyvirtualdisplay.abstractdisplay:stdout=b''
DEBUG:pyvirtualdisplay.abstractdisplay:stderr=b''
DEBUG:__main__:stopped chrome driver
DEBUG:__main__:starting run_video
DEBUG:__main__:url is: http://128.105.144.156:44444/myindex_RL.html
DEBUG:__main__:copy over the chrome user dir...
DEBUG:__main__:start abr algorithm server...
DEBUG:__main__:rl server command is: exec /users/acardoza/venv/bin/python /newhome/Orca/pensieve_cwnd/pensieve/rl_server_no_training.py orca-cubic-6mbps_3mbps_oscillating19-sec-mahimahi-wired12-10-20-30
DEBUG:__main__:starting display...
DEBUG:pyvirtualdisplay.abstractdisplay:command: ['Xvfb', '-br', '-nolisten', 'tcp', '-screen', '0', '800x600x24', '-displayfd', '7']
DEBUG:pyvirtualdisplay.abstractdisplay:set $DISPLAY=:0
DEBUG:__main__:display started...
DEBUG:__main__:initialize chrome driver
DEBUG:selenium.webdriver.remote.remote_connection:POST http://127.0.0.1:42933/session {"desiredCapabilities": {"browserName": "chrome", "version": "", "platform": "ANY", "javascriptEnabled": true, "chromeOptions": {"localState": {"browser.enabled_labs_experiments": ["block-insecure-private-network-requests@2"]}, "extensions": [], "args": ["--user-data-dir=/tmp/chrome_user_dir_id_0", "--ignore-certificate-errors", "--disable-web-security", "--autoplay-policy=no-user-gesture-required", "--dns-prefetch-disable"]}}, "requiredCapabilities": {}}
DEBUG:selenium.webdriver.remote.remote_connection:Finished Request
DEBUG:pyvirtualdisplay.abstractdisplay:set $DISPLAY=localhost:10.0
DEBUG:pyvirtualdisplay.abstractdisplay:stdout=b''
DEBUG:pyvirtualdisplay.abstractdisplay:stderr=b''
ERROR:__main__:Message: chrome not reachable
  (Driver info: chromedriver=2.27.440175 (9bc1d90b8bfa4dd181fbbf769a5eb5e575574320),platform=Linux 4.13.1-0521-learner x86_64)

DEBUG:__main__:starting run_video
DEBUG:__main__:url is: http://128.105.144.156:44444/myindex_RL.html
DEBUG:__main__:copy over the chrome user dir...
DEBUG:__main__:start abr algorithm server...
DEBUG:__main__:rl server command is: exec /users/acardoza/venv/bin/python /newhome/Orca/pensieve_cwnd/pensieve/rl_server_no_training.py orca-cubic-6mbps_3mbps_oscillating19-sec-mahimahi-wired12-10-20-30
DEBUG:__main__:starting display...
DEBUG:pyvirtualdisplay.abstractdisplay:command: ['Xvfb', '-br', '-nolisten', 'tcp', '-screen', '0', '800x600x24', '-displayfd', '7']
DEBUG:pyvirtualdisplay.abstractdisplay:set $DISPLAY=:0
DEBUG:__main__:display started...
DEBUG:__main__:initialize chrome driver
DEBUG:selenium.webdriver.remote.remote_connection:POST http://127.0.0.1:55689/session {"desiredCapabilities": {"browserName": "chrome", "version": "", "platform": "ANY", "javascriptEnabled": true, "chromeOptions": {"localState": {"browser.enabled_labs_experiments": ["block-insecure-private-network-requests@2"]}, "extensions": [], "args": ["--user-data-dir=/tmp/chrome_user_dir_id_0", "--ignore-certificate-errors", "--disable-web-security", "--autoplay-policy=no-user-gesture-required", "--dns-prefetch-disable"]}}, "requiredCapabilities": {}}
DEBUG:__main__:starting run_video
DEBUG:__main__:url is: http://128.105.144.156:44444/myindex_RL.html
DEBUG:__main__:copy over the chrome user dir...
DEBUG:__main__:start abr algorithm server...
DEBUG:__main__:rl server command is: exec /users/acardoza/venv/bin/python /newhome/Orca/pensieve_cwnd/pensieve/rl_server_no_training.py orca-cubic-6mbps_3mbps_oscillating19-sec-mahimahi-wired12-10-20-30
DEBUG:__main__:starting display...
DEBUG:pyvirtualdisplay.abstractdisplay:command: ['Xvfb', '-br', '-nolisten', 'tcp', '-screen', '0', '800x600x24', '-displayfd', '7']
DEBUG:pyvirtualdisplay.abstractdisplay:set $DISPLAY=:0
DEBUG:__main__:display started...
DEBUG:__main__:initialize chrome driver
DEBUG:selenium.webdriver.remote.remote_connection:POST http://127.0.0.1:54611/session {"desiredCapabilities": {"browserName": "chrome", "version": "", "platform": "ANY", "javascriptEnabled": true, "chromeOptions": {"localState": {"browser.enabled_labs_experiments": ["block-insecure-private-network-requests@2"]}, "extensions": [], "args": ["--user-data-dir=/tmp/chrome_user_dir_id_0", "--ignore-certificate-errors", "--disable-web-security", "--autoplay-policy=no-user-gesture-required", "--dns-prefetch-disable"]}}, "requiredCapabilities": {}}
DEBUG:selenium.webdriver.remote.remote_connection:Finished Request
DEBUG:__main__:chrome driver initialized...
DEBUG:selenium.webdriver.remote.remote_connection:POST http://127.0.0.1:54611/session/734e055c4ca259afd207ddc3e05683a5/timeouts {"ms": 10000.0, "type": "page load", "sessionId": "734e055c4ca259afd207ddc3e05683a5"}
DEBUG:selenium.webdriver.remote.remote_connection:Finished Request
DEBUG:__main__:page parameters set
DEBUG:__main__:getting url
DEBUG:selenium.webdriver.remote.remote_connection:POST http://127.0.0.1:54611/session/734e055c4ca259afd207ddc3e05683a5/url {"url": "http://128.105.144.156:44444/myindex_RL.html", "sessionId": "734e055c4ca259afd207ddc3e05683a5"}
DEBUG:selenium.webdriver.remote.remote_connection:Finished Request
DEBUG:__main__:got url
DEBUG:__main__:sleeping for 320 seconds
DEBUG:selenium.webdriver.remote.remote_connection:DELETE http://127.0.0.1:54611/session/734e055c4ca259afd207ddc3e05683a5 {"sessionId": "734e055c4ca259afd207ddc3e05683a5"}
DEBUG:selenium.webdriver.remote.remote_connection:Finished Request
DEBUG:pyvirtualdisplay.abstractdisplay:set $DISPLAY=localhost:10.0
DEBUG:pyvirtualdisplay.abstractdisplay:stdout=b''
DEBUG:pyvirtualdisplay.abstractdisplay:stderr=b''
DEBUG:__main__:stopped chrome driver
